ERROR - 2023-12-11 15:08:18 --> mysqli_sql_exception: Column 'Email' cannot be null in D:\Programas Instalados\XAMP-php-7-4\htdocs\public_html_CarreraDeLasHortensiasBueno\system\Database\MySQLi\Connection.php:306
Stack trace:
#0 D:\Programas Instalados\XAMP-php-7-4\htdocs\public_html_CarreraDeLasHortensiasBueno\system\Database\MySQLi\Connection.php(306): mysqli->query('INSERT INTO `pa...', 0)
#1 D:\Programas Instalados\XAMP-php-7-4\htdocs\public_html_CarreraDeLasHortensiasBueno\system\Database\BaseConnection.php(693): CodeIgniter\Database\MySQLi\Connection->execute('INSERT INTO `pa...')
#2 D:\Programas Instalados\XAMP-php-7-4\htdocs\public_html_CarreraDeLasHortensiasBueno\system\Database\BaseConnection.php(607): CodeIgniter\Database\BaseConnection->simpleQuery('INSERT INTO `pa...')
#3 D:\Programas Instalados\XAMP-php-7-4\htdocs\public_html_CarreraDeLasHortensiasBueno\system\Database\BaseBuilder.php(2308): CodeIgniter\Database\BaseConnection->query('INSERT INTO `pa...', Array, false)
#4 D:\Programas Instalados\XAMP-php-7-4\htdocs\public_html_CarreraDeLasHortensiasBueno\app\Models\participantes.php(56): CodeIgniter\Database\BaseBuilder->insert(Array)
#5 D:\Programas Instalados\XAMP-php-7-4\htdocs\public_html_CarreraDeLasHortensiasBueno\app\Controllers\Home.php(112): App\Models\Participantes->PagoEvento(Array, Array)
#6 D:\Programas Instalados\XAMP-php-7-4\htdocs\public_html_CarreraDeLasHortensiasBueno\system\CodeIgniter.php(942): App\Controllers\Home->PagoEvento()
#7 D:\Programas Instalados\XAMP-php-7-4\htdocs\public_html_CarreraDeLasHortensiasBueno\system\CodeIgniter.php(502): CodeIgniter\CodeIgniter->runController(Object(App\Controllers\Home))
#8 D:\Programas Instalados\XAMP-php-7-4\htdocs\public_html_CarreraDeLasHortensiasBueno\system\CodeIgniter.php(361): CodeIgniter\CodeIgniter->handleRequest(NULL, Object(Config\Cache), false)
#9 D:\Programas Instalados\XAMP-php-7-4\htdocs\public_html_CarreraDeLasHortensiasBueno\index.php(79): CodeIgniter\CodeIgniter->run()
#10 {main}
CRITICAL - 2023-12-11 15:08:18 --> Column 'Email' cannot be null
in SYSTEMPATH\Database\BaseConnection.php on line 647.
 1 SYSTEMPATH\Database\BaseBuilder.php(2308): CodeIgniter\Database\BaseConnection->query('INSERT INTO `pasarelapagos` (`Descripcion`, `Total`, `Nombre`, `TipoPago`, `IdPago`, `Email`, `Fecha`, `IdCliente`, `IdEvento`, `Status`, `IdOrden`) VALUES (:Descripcion:, :Total:, :Nombre:, :TipoPago:, :IdPago:, :Email:, :Fecha:, :IdCliente:, :IdEvento:, :Status:, :IdOrden:)', [...], false)
 2 APPPATH\Models\participantes.php(56): CodeIgniter\Database\BaseBuilder->insert([...])
 3 APPPATH\Controllers\Home.php(112): App\Models\Participantes->PagoEvento([...], [...])
 4 SYSTEMPATH\CodeIgniter.php(942): App\Controllers\Home->PagoEvento()
 5 SYSTEMPATH\CodeIgniter.php(502): CodeIgniter\CodeIgniter->runController(Object(App\Controllers\Home))
 6 SYSTEMPATH\CodeIgniter.php(361): CodeIgniter\CodeIgniter->handleRequest(null, Object(Config\Cache), false)
 7 FCPATH\index.php(79): CodeIgniter\CodeIgniter->run()
CRITICAL - 2023-12-11 15:09:02 --> Undefined index: nombre
in APPPATH\Controllers\Home.php on line 130.
 1 APPPATH\Controllers\Home.php(130): CodeIgniter\Debug\Exceptions->errorHandler(8, 'Undefined index: nombre', 'D:\\Programas Instalados\\XAMP-php-7-4\\htdocs\\public_html_CarreraDeLasHortensiasBueno\\app\\Controllers\\Home.php', 130, [...])
 2 SYSTEMPATH\CodeIgniter.php(942): App\Controllers\Home->crearQR()
 3 SYSTEMPATH\CodeIgniter.php(502): CodeIgniter\CodeIgniter->runController(Object(App\Controllers\Home))
 4 SYSTEMPATH\CodeIgniter.php(361): CodeIgniter\CodeIgniter->handleRequest(null, Object(Config\Cache), false)
 5 FCPATH\index.php(79): CodeIgniter\CodeIgniter->run()
CRITICAL - 2023-12-11 15:09:08 --> Undefined index: imgBase64
in APPPATH\Controllers\Home.php on line 128.
 1 APPPATH\Controllers\Home.php(128): CodeIgniter\Debug\Exceptions->errorHandler(8, 'Undefined index: imgBase64', 'D:\\Programas Instalados\\XAMP-php-7-4\\htdocs\\public_html_CarreraDeLasHortensiasBueno\\app\\Controllers\\Home.php', 128, [])
 2 SYSTEMPATH\CodeIgniter.php(942): App\Controllers\Home->crearQR()
 3 SYSTEMPATH\CodeIgniter.php(502): CodeIgniter\CodeIgniter->runController(Object(App\Controllers\Home))
 4 SYSTEMPATH\CodeIgniter.php(361): CodeIgniter\CodeIgniter->handleRequest(null, Object(Config\Cache), false)
 5 FCPATH\index.php(79): CodeIgniter\CodeIgniter->run()
ERROR - 2023-12-11 15:18:49 --> mysqli_sql_exception: Unknown column 'core1' in 'where clause' in D:\Programas Instalados\XAMP-php-7-4\htdocs\public_html_CarreraDeLasHortensiasBueno\system\Database\MySQLi\Connection.php:306
Stack trace:
#0 D:\Programas Instalados\XAMP-php-7-4\htdocs\public_html_CarreraDeLasHortensiasBueno\system\Database\MySQLi\Connection.php(306): mysqli->query('SELECT cp.colon...', 0)
#1 D:\Programas Instalados\XAMP-php-7-4\htdocs\public_html_CarreraDeLasHortensiasBueno\system\Database\BaseConnection.php(693): CodeIgniter\Database\MySQLi\Connection->execute('SELECT cp.colon...')
#2 D:\Programas Instalados\XAMP-php-7-4\htdocs\public_html_CarreraDeLasHortensiasBueno\system\Database\BaseConnection.php(607): CodeIgniter\Database\BaseConnection->simpleQuery('SELECT cp.colon...')
#3 D:\Programas Instalados\XAMP-php-7-4\htdocs\public_html_CarreraDeLasHortensiasBueno\app\Models\codigoPostal.php(13): CodeIgniter\Database\BaseConnection->query('SELECT cp.colon...')
#4 D:\Programas Instalados\XAMP-php-7-4\htdocs\public_html_CarreraDeLasHortensiasBueno\app\Controllers\Home.php(74): App\Models\codigoPostal->colonias('core1')
#5 D:\Programas Instalados\XAMP-php-7-4\htdocs\public_html_CarreraDeLasHortensiasBueno\system\CodeIgniter.php(942): App\Controllers\Home->cp()
#6 D:\Programas Instalados\XAMP-php-7-4\htdocs\public_html_CarreraDeLasHortensiasBueno\system\CodeIgniter.php(502): CodeIgniter\CodeIgniter->runController(Object(App\Controllers\Home))
#7 D:\Programas Instalados\XAMP-php-7-4\htdocs\public_html_CarreraDeLasHortensiasBueno\system\CodeIgniter.php(361): CodeIgniter\CodeIgniter->handleRequest(NULL, Object(Config\Cache), false)
#8 D:\Programas Instalados\XAMP-php-7-4\htdocs\public_html_CarreraDeLasHortensiasBueno\index.php(79): CodeIgniter\CodeIgniter->run()
#9 {main}
CRITICAL - 2023-12-11 15:18:49 --> Unknown column 'core1' in 'where clause'
in SYSTEMPATH\Database\BaseConnection.php on line 647.
 1 APPPATH\Models\codigoPostal.php(13): CodeIgniter\Database\BaseConnection->query('SELECT cp.colonia FROM cp inner join municipios on cp.idmunicipio = municipios.idmunicipio inner join estados on estados.idestado = municipios.idestado WHERE cp.cp = core1 and estados.estado = \'Chiapas\'')
 2 APPPATH\Controllers\Home.php(74): App\Models\codigoPostal->colonias('core1')
 3 SYSTEMPATH\CodeIgniter.php(942): App\Controllers\Home->cp()
 4 SYSTEMPATH\CodeIgniter.php(502): CodeIgniter\CodeIgniter->runController(Object(App\Controllers\Home))
 5 SYSTEMPATH\CodeIgniter.php(361): CodeIgniter\CodeIgniter->handleRequest(null, Object(Config\Cache), false)
 6 FCPATH\index.php(79): CodeIgniter\CodeIgniter->run()
