ERROR - 2024-02-08 05:50:07 --> Error connecting to the database: mysqli_sql_exception: No such file or directory in /home/u269039761/domains/carreradelashortensias.com/public_html/system/Database/MySQLi/Connection.php:185
Stack trace:
#0 /home/u269039761/domains/carreradelashortensias.com/public_html/system/Database/MySQLi/Connection.php(185): mysqli->real_connect('localhost', 'u269039761_cont...', '1Q*\xC3\x91\xC3\xB1@9827_a/...', 'u269039761_amif...', NULL, '', 0)
#1 /home/u269039761/domains/carreradelashortensias.com/public_html/system/Database/BaseConnection.php(392): CodeIgniter\Database\MySQLi\Connection->connect(false)
#2 /home/u269039761/domains/carreradelashortensias.com/public_html/system/Database/BaseConnection.php(575): CodeIgniter\Database\BaseConnection->initialize()
#3 /home/u269039761/domains/carreradelashortensias.com/public_html/system/Database/BaseBuilder.php(1644): CodeIgniter\Database\BaseConnection->query('SELECT COUNT(*)...', NULL, false)
#4 /home/u269039761/domains/carreradelashortensias.com/public_html/app/Models/participantes.php(132): CodeIgniter\Database\BaseBuilder->countAll()
#5 /home/u269039761/domains/carreradelashortensias.com/public_html/app/Controllers/Home.php(239): App\Models\Participantes->cantidadParticipantes()
#6 /home/u269039761/domains/carreradelashortensias.com/public_html/system/CodeIgniter.php(942): App\Controllers\Home->cantidadParticipantes()
#7 /home/u269039761/domains/carreradelashortensias.com/public_html/system/CodeIgniter.php(502): CodeIgniter\CodeIgniter->runController(Object(App\Controllers\Home))
#8 /home/u269039761/domains/carreradelashortensias.com/public_html/system/CodeIgniter.php(361): CodeIgniter\CodeIgniter->handleRequest(NULL, Object(Config\Cache), false)
#9 /home/u269039761/domains/carreradelashortensias.com/public_html/index.php(79): CodeIgniter\CodeIgniter->run()
#10 {main}

Next CodeIgniter\Database\Exceptions\DatabaseException: No such file or directory in /home/u269039761/domains/carreradelashortensias.com/public_html/system/Database/MySQLi/Connection.php:229
Stack trace:
#0 /home/u269039761/domains/carreradelashortensias.com/public_html/system/Database/BaseConnection.php(392): CodeIgniter\Database\MySQLi\Connection->connect(false)
#1 /home/u269039761/domains/carreradelashortensias.com/public_html/system/Database/BaseConnection.php(575): CodeIgniter\Database\BaseConnection->initialize()
#2 /home/u269039761/domains/carreradelashortensias.com/public_html/system/Database/BaseBuilder.php(1644): CodeIgniter\Database\BaseConnection->query('SELECT COUNT(*)...', NULL, false)
#3 /home/u269039761/domains/carreradelashortensias.com/public_html/app/Models/participantes.php(132): CodeIgniter\Database\BaseBuilder->countAll()
#4 /home/u269039761/domains/carreradelashortensias.com/public_html/app/Controllers/Home.php(239): App\Models\Participantes->cantidadParticipantes()
#5 /home/u269039761/domains/carreradelashortensias.com/public_html/system/CodeIgniter.php(942): App\Controllers\Home->cantidadParticipantes()
#6 /home/u269039761/domains/carreradelashortensias.com/public_html/system/CodeIgniter.php(502): CodeIgniter\CodeIgniter->runController(Object(App\Controllers\Home))
#7 /home/u269039761/domains/carreradelashortensias.com/public_html/system/CodeIgniter.php(361): CodeIgniter\CodeIgniter->handleRequest(NULL, Object(Config\Cache), false)
#8 /home/u269039761/domains/carreradelashortensias.com/public_html/index.php(79): CodeIgniter\CodeIgniter->run()
#9 {main}
CRITICAL - 2024-02-08 05:50:07 --> Unable to connect to the database.
Main connection [MySQLi]: No such file or directory
in SYSTEMPATH/Database/BaseConnection.php on line 428.
 1 SYSTEMPATH/Database/BaseConnection.php(575): CodeIgniter\Database\BaseConnection->initialize()
 2 SYSTEMPATH/Database/BaseBuilder.php(1644): CodeIgniter\Database\BaseConnection->query('SELECT COUNT(*) AS `numrows` FROM `socioseventos`', null, false)
 3 APPPATH/Models/participantes.php(132): CodeIgniter\Database\BaseBuilder->countAll()
 4 APPPATH/Controllers/Home.php(239): App\Models\Participantes->cantidadParticipantes()
 5 SYSTEMPATH/CodeIgniter.php(942): App\Controllers\Home->cantidadParticipantes()
 6 SYSTEMPATH/CodeIgniter.php(502): CodeIgniter\CodeIgniter->runController(Object(App\Controllers\Home))
 7 SYSTEMPATH/CodeIgniter.php(361): CodeIgniter\CodeIgniter->handleRequest(null, Object(Config\Cache), false)
 8 FCPATH/index.php(79): CodeIgniter\CodeIgniter->run()
ERROR - 2024-02-08 06:24:35 --> Error connecting to the database: mysqli_sql_exception: No such file or directory in /home/u269039761/domains/carreradelashortensias.com/public_html/system/Database/MySQLi/Connection.php:185
Stack trace:
#0 /home/u269039761/domains/carreradelashortensias.com/public_html/system/Database/MySQLi/Connection.php(185): mysqli->real_connect('localhost', 'u269039761_cont...', '1Q*\xC3\x91\xC3\xB1@9827_a/...', 'u269039761_amif...', NULL, '', 0)
#1 /home/u269039761/domains/carreradelashortensias.com/public_html/system/Database/BaseConnection.php(392): CodeIgniter\Database\MySQLi\Connection->connect(false)
#2 /home/u269039761/domains/carreradelashortensias.com/public_html/system/Database/BaseConnection.php(575): CodeIgniter\Database\BaseConnection->initialize()
#3 /home/u269039761/domains/carreradelashortensias.com/public_html/system/Database/BaseBuilder.php(1644): CodeIgniter\Database\BaseConnection->query('SELECT COUNT(*)...', NULL, false)
#4 /home/u269039761/domains/carreradelashortensias.com/public_html/app/Models/participantes.php(132): CodeIgniter\Database\BaseBuilder->countAll()
#5 /home/u269039761/domains/carreradelashortensias.com/public_html/app/Controllers/Home.php(239): App\Models\Participantes->cantidadParticipantes()
#6 /home/u269039761/domains/carreradelashortensias.com/public_html/system/CodeIgniter.php(942): App\Controllers\Home->cantidadParticipantes()
#7 /home/u269039761/domains/carreradelashortensias.com/public_html/system/CodeIgniter.php(502): CodeIgniter\CodeIgniter->runController(Object(App\Controllers\Home))
#8 /home/u269039761/domains/carreradelashortensias.com/public_html/system/CodeIgniter.php(361): CodeIgniter\CodeIgniter->handleRequest(NULL, Object(Config\Cache), false)
#9 /home/u269039761/domains/carreradelashortensias.com/public_html/index.php(79): CodeIgniter\CodeIgniter->run()
#10 {main}

Next CodeIgniter\Database\Exceptions\DatabaseException: No such file or directory in /home/u269039761/domains/carreradelashortensias.com/public_html/system/Database/MySQLi/Connection.php:229
Stack trace:
#0 /home/u269039761/domains/carreradelashortensias.com/public_html/system/Database/BaseConnection.php(392): CodeIgniter\Database\MySQLi\Connection->connect(false)
#1 /home/u269039761/domains/carreradelashortensias.com/public_html/system/Database/BaseConnection.php(575): CodeIgniter\Database\BaseConnection->initialize()
#2 /home/u269039761/domains/carreradelashortensias.com/public_html/system/Database/BaseBuilder.php(1644): CodeIgniter\Database\BaseConnection->query('SELECT COUNT(*)...', NULL, false)
#3 /home/u269039761/domains/carreradelashortensias.com/public_html/app/Models/participantes.php(132): CodeIgniter\Database\BaseBuilder->countAll()
#4 /home/u269039761/domains/carreradelashortensias.com/public_html/app/Controllers/Home.php(239): App\Models\Participantes->cantidadParticipantes()
#5 /home/u269039761/domains/carreradelashortensias.com/public_html/system/CodeIgniter.php(942): App\Controllers\Home->cantidadParticipantes()
#6 /home/u269039761/domains/carreradelashortensias.com/public_html/system/CodeIgniter.php(502): CodeIgniter\CodeIgniter->runController(Object(App\Controllers\Home))
#7 /home/u269039761/domains/carreradelashortensias.com/public_html/system/CodeIgniter.php(361): CodeIgniter\CodeIgniter->handleRequest(NULL, Object(Config\Cache), false)
#8 /home/u269039761/domains/carreradelashortensias.com/public_html/index.php(79): CodeIgniter\CodeIgniter->run()
#9 {main}
CRITICAL - 2024-02-08 06:24:35 --> Unable to connect to the database.
Main connection [MySQLi]: No such file or directory
in SYSTEMPATH/Database/BaseConnection.php on line 428.
 1 SYSTEMPATH/Database/BaseConnection.php(575): CodeIgniter\Database\BaseConnection->initialize()
 2 SYSTEMPATH/Database/BaseBuilder.php(1644): CodeIgniter\Database\BaseConnection->query('SELECT COUNT(*) AS `numrows` FROM `socioseventos`', null, false)
 3 APPPATH/Models/participantes.php(132): CodeIgniter\Database\BaseBuilder->countAll()
 4 APPPATH/Controllers/Home.php(239): App\Models\Participantes->cantidadParticipantes()
 5 SYSTEMPATH/CodeIgniter.php(942): App\Controllers\Home->cantidadParticipantes()
 6 SYSTEMPATH/CodeIgniter.php(502): CodeIgniter\CodeIgniter->runController(Object(App\Controllers\Home))
 7 SYSTEMPATH/CodeIgniter.php(361): CodeIgniter\CodeIgniter->handleRequest(null, Object(Config\Cache), false)
 8 FCPATH/index.php(79): CodeIgniter\CodeIgniter->run()
