ERROR - 2024-01-17 11:04:23 --> mysqli_sql_exception: Table 'u269039761_amifitdb.usuarios' doesn't exist in /home/u269039761/domains/carreradelashortensias.com/public_html/system/Database/MySQLi/Connection.php:306
Stack trace:
#0 /home/u269039761/domains/carreradelashortensias.com/public_html/system/Database/MySQLi/Connection.php(306): mysqli->query('SELECT Id FROM ...', 0)
#1 /home/u269039761/domains/carreradelashortensias.com/public_html/system/Database/BaseConnection.php(693): CodeIgniter\Database\MySQLi\Connection->execute('SELECT Id FROM ...')
#2 /home/u269039761/domains/carreradelashortensias.com/public_html/system/Database/BaseConnection.php(607): CodeIgniter\Database\BaseConnection->simpleQuery('SELECT Id FROM ...')
#3 /home/u269039761/domains/carreradelashortensias.com/public_html/app/Models/participantes.php(199): CodeIgniter\Database\BaseConnection->query('SELECT Id FROM ...')
#4 /home/u269039761/domains/carreradelashortensias.com/public_html/app/Controllers/Home.php(372): App\Models\Participantes->buscarIdUsuarioStaff('205986b')
#5 /home/u269039761/domains/carreradelashortensias.com/public_html/system/CodeIgniter.php(942): App\Controllers\Home->consultarLlave()
#6 /home/u269039761/domains/carreradelashortensias.com/public_html/system/CodeIgniter.php(502): CodeIgniter\CodeIgniter->runController(Object(App\Controllers\Home))
#7 /home/u269039761/domains/carreradelashortensias.com/public_html/system/CodeIgniter.php(361): CodeIgniter\CodeIgniter->handleRequest(NULL, Object(Config\Cache), false)
#8 /home/u269039761/domains/carreradelashortensias.com/public_html/index.php(79): CodeIgniter\CodeIgniter->run()
#9 {main}
CRITICAL - 2024-01-17 11:04:23 --> Call to a member function getResult() on bool
in APPPATH/Models/participantes.php on line 200.
 1 APPPATH/Controllers/Home.php(372): App\Models\Participantes->buscarIdUsuarioStaff('205986b')
 2 SYSTEMPATH/CodeIgniter.php(942): App\Controllers\Home->consultarLlave()
 3 SYSTEMPATH/CodeIgniter.php(502): CodeIgniter\CodeIgniter->runController(Object(App\Controllers\Home))
 4 SYSTEMPATH/CodeIgniter.php(361): CodeIgniter\CodeIgniter->handleRequest(null, Object(Config\Cache), false)
 5 FCPATH/index.php(79): CodeIgniter\CodeIgniter->run()
ERROR - 2024-01-17 11:05:31 --> mysqli_sql_exception: Table 'u269039761_amifitdb.usuarios' doesn't exist in /home/u269039761/domains/carreradelashortensias.com/public_html/system/Database/MySQLi/Connection.php:306
Stack trace:
#0 /home/u269039761/domains/carreradelashortensias.com/public_html/system/Database/MySQLi/Connection.php(306): mysqli->query('SELECT Id FROM ...', 0)
#1 /home/u269039761/domains/carreradelashortensias.com/public_html/system/Database/BaseConnection.php(693): CodeIgniter\Database\MySQLi\Connection->execute('SELECT Id FROM ...')
#2 /home/u269039761/domains/carreradelashortensias.com/public_html/system/Database/BaseConnection.php(607): CodeIgniter\Database\BaseConnection->simpleQuery('SELECT Id FROM ...')
#3 /home/u269039761/domains/carreradelashortensias.com/public_html/app/Models/participantes.php(199): CodeIgniter\Database\BaseConnection->query('SELECT Id FROM ...')
#4 /home/u269039761/domains/carreradelashortensias.com/public_html/app/Controllers/Home.php(372): App\Models\Participantes->buscarIdUsuarioStaff('205986b')
#5 /home/u269039761/domains/carreradelashortensias.com/public_html/system/CodeIgniter.php(942): App\Controllers\Home->consultarLlave()
#6 /home/u269039761/domains/carreradelashortensias.com/public_html/system/CodeIgniter.php(502): CodeIgniter\CodeIgniter->runController(Object(App\Controllers\Home))
#7 /home/u269039761/domains/carreradelashortensias.com/public_html/system/CodeIgniter.php(361): CodeIgniter\CodeIgniter->handleRequest(NULL, Object(Config\Cache), false)
#8 /home/u269039761/domains/carreradelashortensias.com/public_html/index.php(79): CodeIgniter\CodeIgniter->run()
#9 {main}
CRITICAL - 2024-01-17 11:05:31 --> Call to a member function getResult() on bool
in APPPATH/Models/participantes.php on line 200.
 1 APPPATH/Controllers/Home.php(372): App\Models\Participantes->buscarIdUsuarioStaff('205986b')
 2 SYSTEMPATH/CodeIgniter.php(942): App\Controllers\Home->consultarLlave()
 3 SYSTEMPATH/CodeIgniter.php(502): CodeIgniter\CodeIgniter->runController(Object(App\Controllers\Home))
 4 SYSTEMPATH/CodeIgniter.php(361): CodeIgniter\CodeIgniter->handleRequest(null, Object(Config\Cache), false)
 5 FCPATH/index.php(79): CodeIgniter\CodeIgniter->run()
ERROR - 2024-01-17 11:05:37 --> mysqli_sql_exception: Table 'u269039761_amifitdb.usuarios' doesn't exist in /home/u269039761/domains/carreradelashortensias.com/public_html/system/Database/MySQLi/Connection.php:306
Stack trace:
#0 /home/u269039761/domains/carreradelashortensias.com/public_html/system/Database/MySQLi/Connection.php(306): mysqli->query('SELECT Id FROM ...', 0)
#1 /home/u269039761/domains/carreradelashortensias.com/public_html/system/Database/BaseConnection.php(693): CodeIgniter\Database\MySQLi\Connection->execute('SELECT Id FROM ...')
#2 /home/u269039761/domains/carreradelashortensias.com/public_html/system/Database/BaseConnection.php(607): CodeIgniter\Database\BaseConnection->simpleQuery('SELECT Id FROM ...')
#3 /home/u269039761/domains/carreradelashortensias.com/public_html/app/Models/participantes.php(199): CodeIgniter\Database\BaseConnection->query('SELECT Id FROM ...')
#4 /home/u269039761/domains/carreradelashortensias.com/public_html/app/Controllers/Home.php(372): App\Models\Participantes->buscarIdUsuarioStaff('205986b')
#5 /home/u269039761/domains/carreradelashortensias.com/public_html/system/CodeIgniter.php(942): App\Controllers\Home->consultarLlave()
#6 /home/u269039761/domains/carreradelashortensias.com/public_html/system/CodeIgniter.php(502): CodeIgniter\CodeIgniter->runController(Object(App\Controllers\Home))
#7 /home/u269039761/domains/carreradelashortensias.com/public_html/system/CodeIgniter.php(361): CodeIgniter\CodeIgniter->handleRequest(NULL, Object(Config\Cache), false)
#8 /home/u269039761/domains/carreradelashortensias.com/public_html/index.php(79): CodeIgniter\CodeIgniter->run()
#9 {main}
CRITICAL - 2024-01-17 11:05:37 --> Call to a member function getResult() on bool
in APPPATH/Models/participantes.php on line 200.
 1 APPPATH/Controllers/Home.php(372): App\Models\Participantes->buscarIdUsuarioStaff('205986b')
 2 SYSTEMPATH/CodeIgniter.php(942): App\Controllers\Home->consultarLlave()
 3 SYSTEMPATH/CodeIgniter.php(502): CodeIgniter\CodeIgniter->runController(Object(App\Controllers\Home))
 4 SYSTEMPATH/CodeIgniter.php(361): CodeIgniter\CodeIgniter->handleRequest(null, Object(Config\Cache), false)
 5 FCPATH/index.php(79): CodeIgniter\CodeIgniter->run()
ERROR - 2024-01-17 11:05:49 --> mysqli_sql_exception: Table 'u269039761_amifitdb.usuarios' doesn't exist in /home/u269039761/domains/carreradelashortensias.com/public_html/system/Database/MySQLi/Connection.php:306
Stack trace:
#0 /home/u269039761/domains/carreradelashortensias.com/public_html/system/Database/MySQLi/Connection.php(306): mysqli->query('SELECT Id FROM ...', 0)
#1 /home/u269039761/domains/carreradelashortensias.com/public_html/system/Database/BaseConnection.php(693): CodeIgniter\Database\MySQLi\Connection->execute('SELECT Id FROM ...')
#2 /home/u269039761/domains/carreradelashortensias.com/public_html/system/Database/BaseConnection.php(607): CodeIgniter\Database\BaseConnection->simpleQuery('SELECT Id FROM ...')
#3 /home/u269039761/domains/carreradelashortensias.com/public_html/app/Models/participantes.php(199): CodeIgniter\Database\BaseConnection->query('SELECT Id FROM ...')
#4 /home/u269039761/domains/carreradelashortensias.com/public_html/app/Controllers/Home.php(372): App\Models\Participantes->buscarIdUsuarioStaff('205986b')
#5 /home/u269039761/domains/carreradelashortensias.com/public_html/system/CodeIgniter.php(942): App\Controllers\Home->consultarLlave()
#6 /home/u269039761/domains/carreradelashortensias.com/public_html/system/CodeIgniter.php(502): CodeIgniter\CodeIgniter->runController(Object(App\Controllers\Home))
#7 /home/u269039761/domains/carreradelashortensias.com/public_html/system/CodeIgniter.php(361): CodeIgniter\CodeIgniter->handleRequest(NULL, Object(Config\Cache), false)
#8 /home/u269039761/domains/carreradelashortensias.com/public_html/index.php(79): CodeIgniter\CodeIgniter->run()
#9 {main}
CRITICAL - 2024-01-17 11:05:49 --> Call to a member function getResult() on bool
in APPPATH/Models/participantes.php on line 200.
 1 APPPATH/Controllers/Home.php(372): App\Models\Participantes->buscarIdUsuarioStaff('205986b')
 2 SYSTEMPATH/CodeIgniter.php(942): App\Controllers\Home->consultarLlave()
 3 SYSTEMPATH/CodeIgniter.php(502): CodeIgniter\CodeIgniter->runController(Object(App\Controllers\Home))
 4 SYSTEMPATH/CodeIgniter.php(361): CodeIgniter\CodeIgniter->handleRequest(null, Object(Config\Cache), false)
 5 FCPATH/index.php(79): CodeIgniter\CodeIgniter->run()
ERROR - 2024-01-17 11:05:58 --> mysqli_sql_exception: Table 'u269039761_amifitdb.usuarios' doesn't exist in /home/u269039761/domains/carreradelashortensias.com/public_html/system/Database/MySQLi/Connection.php:306
Stack trace:
#0 /home/u269039761/domains/carreradelashortensias.com/public_html/system/Database/MySQLi/Connection.php(306): mysqli->query('SELECT Id FROM ...', 0)
#1 /home/u269039761/domains/carreradelashortensias.com/public_html/system/Database/BaseConnection.php(693): CodeIgniter\Database\MySQLi\Connection->execute('SELECT Id FROM ...')
#2 /home/u269039761/domains/carreradelashortensias.com/public_html/system/Database/BaseConnection.php(607): CodeIgniter\Database\BaseConnection->simpleQuery('SELECT Id FROM ...')
#3 /home/u269039761/domains/carreradelashortensias.com/public_html/app/Models/participantes.php(199): CodeIgniter\Database\BaseConnection->query('SELECT Id FROM ...')
#4 /home/u269039761/domains/carreradelashortensias.com/public_html/app/Controllers/Home.php(372): App\Models\Participantes->buscarIdUsuarioStaff('205986b')
#5 /home/u269039761/domains/carreradelashortensias.com/public_html/system/CodeIgniter.php(942): App\Controllers\Home->consultarLlave()
#6 /home/u269039761/domains/carreradelashortensias.com/public_html/system/CodeIgniter.php(502): CodeIgniter\CodeIgniter->runController(Object(App\Controllers\Home))
#7 /home/u269039761/domains/carreradelashortensias.com/public_html/system/CodeIgniter.php(361): CodeIgniter\CodeIgniter->handleRequest(NULL, Object(Config\Cache), false)
#8 /home/u269039761/domains/carreradelashortensias.com/public_html/index.php(79): CodeIgniter\CodeIgniter->run()
#9 {main}
CRITICAL - 2024-01-17 11:05:58 --> Call to a member function getResult() on bool
in APPPATH/Models/participantes.php on line 200.
 1 APPPATH/Controllers/Home.php(372): App\Models\Participantes->buscarIdUsuarioStaff('205986b')
 2 SYSTEMPATH/CodeIgniter.php(942): App\Controllers\Home->consultarLlave()
 3 SYSTEMPATH/CodeIgniter.php(502): CodeIgniter\CodeIgniter->runController(Object(App\Controllers\Home))
 4 SYSTEMPATH/CodeIgniter.php(361): CodeIgniter\CodeIgniter->handleRequest(null, Object(Config\Cache), false)
 5 FCPATH/index.php(79): CodeIgniter\CodeIgniter->run()
ERROR - 2024-01-17 11:06:10 --> mysqli_sql_exception: Table 'u269039761_amifitdb.usuarios' doesn't exist in /home/u269039761/domains/carreradelashortensias.com/public_html/system/Database/MySQLi/Connection.php:306
Stack trace:
#0 /home/u269039761/domains/carreradelashortensias.com/public_html/system/Database/MySQLi/Connection.php(306): mysqli->query('SELECT Id FROM ...', 0)
#1 /home/u269039761/domains/carreradelashortensias.com/public_html/system/Database/BaseConnection.php(693): CodeIgniter\Database\MySQLi\Connection->execute('SELECT Id FROM ...')
#2 /home/u269039761/domains/carreradelashortensias.com/public_html/system/Database/BaseConnection.php(607): CodeIgniter\Database\BaseConnection->simpleQuery('SELECT Id FROM ...')
#3 /home/u269039761/domains/carreradelashortensias.com/public_html/app/Models/participantes.php(199): CodeIgniter\Database\BaseConnection->query('SELECT Id FROM ...')
#4 /home/u269039761/domains/carreradelashortensias.com/public_html/app/Controllers/Home.php(372): App\Models\Participantes->buscarIdUsuarioStaff('205986b')
#5 /home/u269039761/domains/carreradelashortensias.com/public_html/system/CodeIgniter.php(942): App\Controllers\Home->consultarLlave()
#6 /home/u269039761/domains/carreradelashortensias.com/public_html/system/CodeIgniter.php(502): CodeIgniter\CodeIgniter->runController(Object(App\Controllers\Home))
#7 /home/u269039761/domains/carreradelashortensias.com/public_html/system/CodeIgniter.php(361): CodeIgniter\CodeIgniter->handleRequest(NULL, Object(Config\Cache), false)
#8 /home/u269039761/domains/carreradelashortensias.com/public_html/index.php(79): CodeIgniter\CodeIgniter->run()
#9 {main}
CRITICAL - 2024-01-17 11:06:10 --> Call to a member function getResult() on bool
in APPPATH/Models/participantes.php on line 200.
 1 APPPATH/Controllers/Home.php(372): App\Models\Participantes->buscarIdUsuarioStaff('205986b')
 2 SYSTEMPATH/CodeIgniter.php(942): App\Controllers\Home->consultarLlave()
 3 SYSTEMPATH/CodeIgniter.php(502): CodeIgniter\CodeIgniter->runController(Object(App\Controllers\Home))
 4 SYSTEMPATH/CodeIgniter.php(361): CodeIgniter\CodeIgniter->handleRequest(null, Object(Config\Cache), false)
 5 FCPATH/index.php(79): CodeIgniter\CodeIgniter->run()
ERROR - 2024-01-17 11:08:05 --> mysqli_sql_exception: Table 'u269039761_amifitdb.usuarios' doesn't exist in /home/u269039761/domains/carreradelashortensias.com/public_html/system/Database/MySQLi/Connection.php:306
Stack trace:
#0 /home/u269039761/domains/carreradelashortensias.com/public_html/system/Database/MySQLi/Connection.php(306): mysqli->query('SELECT Id FROM ...', 0)
#1 /home/u269039761/domains/carreradelashortensias.com/public_html/system/Database/BaseConnection.php(693): CodeIgniter\Database\MySQLi\Connection->execute('SELECT Id FROM ...')
#2 /home/u269039761/domains/carreradelashortensias.com/public_html/system/Database/BaseConnection.php(607): CodeIgniter\Database\BaseConnection->simpleQuery('SELECT Id FROM ...')
#3 /home/u269039761/domains/carreradelashortensias.com/public_html/app/Models/participantes.php(199): CodeIgniter\Database\BaseConnection->query('SELECT Id FROM ...')
#4 /home/u269039761/domains/carreradelashortensias.com/public_html/app/Controllers/Home.php(372): App\Models\Participantes->buscarIdUsuarioStaff('205986b')
#5 /home/u269039761/domains/carreradelashortensias.com/public_html/system/CodeIgniter.php(942): App\Controllers\Home->consultarLlave()
#6 /home/u269039761/domains/carreradelashortensias.com/public_html/system/CodeIgniter.php(502): CodeIgniter\CodeIgniter->runController(Object(App\Controllers\Home))
#7 /home/u269039761/domains/carreradelashortensias.com/public_html/system/CodeIgniter.php(361): CodeIgniter\CodeIgniter->handleRequest(NULL, Object(Config\Cache), false)
#8 /home/u269039761/domains/carreradelashortensias.com/public_html/index.php(79): CodeIgniter\CodeIgniter->run()
#9 {main}
CRITICAL - 2024-01-17 11:08:05 --> Call to a member function getResult() on bool
in APPPATH/Models/participantes.php on line 200.
 1 APPPATH/Controllers/Home.php(372): App\Models\Participantes->buscarIdUsuarioStaff('205986b')
 2 SYSTEMPATH/CodeIgniter.php(942): App\Controllers\Home->consultarLlave()
 3 SYSTEMPATH/CodeIgniter.php(502): CodeIgniter\CodeIgniter->runController(Object(App\Controllers\Home))
 4 SYSTEMPATH/CodeIgniter.php(361): CodeIgniter\CodeIgniter->handleRequest(null, Object(Config\Cache), false)
 5 FCPATH/index.php(79): CodeIgniter\CodeIgniter->run()
ERROR - 2024-01-17 11:08:07 --> mysqli_sql_exception: Table 'u269039761_amifitdb.usuarios' doesn't exist in /home/u269039761/domains/carreradelashortensias.com/public_html/system/Database/MySQLi/Connection.php:306
Stack trace:
#0 /home/u269039761/domains/carreradelashortensias.com/public_html/system/Database/MySQLi/Connection.php(306): mysqli->query('SELECT Id FROM ...', 0)
#1 /home/u269039761/domains/carreradelashortensias.com/public_html/system/Database/BaseConnection.php(693): CodeIgniter\Database\MySQLi\Connection->execute('SELECT Id FROM ...')
#2 /home/u269039761/domains/carreradelashortensias.com/public_html/system/Database/BaseConnection.php(607): CodeIgniter\Database\BaseConnection->simpleQuery('SELECT Id FROM ...')
#3 /home/u269039761/domains/carreradelashortensias.com/public_html/app/Models/participantes.php(199): CodeIgniter\Database\BaseConnection->query('SELECT Id FROM ...')
#4 /home/u269039761/domains/carreradelashortensias.com/public_html/app/Controllers/Home.php(372): App\Models\Participantes->buscarIdUsuarioStaff('205986b')
#5 /home/u269039761/domains/carreradelashortensias.com/public_html/system/CodeIgniter.php(942): App\Controllers\Home->consultarLlave()
#6 /home/u269039761/domains/carreradelashortensias.com/public_html/system/CodeIgniter.php(502): CodeIgniter\CodeIgniter->runController(Object(App\Controllers\Home))
#7 /home/u269039761/domains/carreradelashortensias.com/public_html/system/CodeIgniter.php(361): CodeIgniter\CodeIgniter->handleRequest(NULL, Object(Config\Cache), false)
#8 /home/u269039761/domains/carreradelashortensias.com/public_html/index.php(79): CodeIgniter\CodeIgniter->run()
#9 {main}
CRITICAL - 2024-01-17 11:08:07 --> Call to a member function getResult() on bool
in APPPATH/Models/participantes.php on line 200.
 1 APPPATH/Controllers/Home.php(372): App\Models\Participantes->buscarIdUsuarioStaff('205986b')
 2 SYSTEMPATH/CodeIgniter.php(942): App\Controllers\Home->consultarLlave()
 3 SYSTEMPATH/CodeIgniter.php(502): CodeIgniter\CodeIgniter->runController(Object(App\Controllers\Home))
 4 SYSTEMPATH/CodeIgniter.php(361): CodeIgniter\CodeIgniter->handleRequest(null, Object(Config\Cache), false)
 5 FCPATH/index.php(79): CodeIgniter\CodeIgniter->run()
ERROR - 2024-01-17 11:08:08 --> mysqli_sql_exception: Table 'u269039761_amifitdb.usuarios' doesn't exist in /home/u269039761/domains/carreradelashortensias.com/public_html/system/Database/MySQLi/Connection.php:306
Stack trace:
#0 /home/u269039761/domains/carreradelashortensias.com/public_html/system/Database/MySQLi/Connection.php(306): mysqli->query('SELECT Id FROM ...', 0)
#1 /home/u269039761/domains/carreradelashortensias.com/public_html/system/Database/BaseConnection.php(693): CodeIgniter\Database\MySQLi\Connection->execute('SELECT Id FROM ...')
#2 /home/u269039761/domains/carreradelashortensias.com/public_html/system/Database/BaseConnection.php(607): CodeIgniter\Database\BaseConnection->simpleQuery('SELECT Id FROM ...')
#3 /home/u269039761/domains/carreradelashortensias.com/public_html/app/Models/participantes.php(199): CodeIgniter\Database\BaseConnection->query('SELECT Id FROM ...')
#4 /home/u269039761/domains/carreradelashortensias.com/public_html/app/Controllers/Home.php(372): App\Models\Participantes->buscarIdUsuarioStaff('205986b')
#5 /home/u269039761/domains/carreradelashortensias.com/public_html/system/CodeIgniter.php(942): App\Controllers\Home->consultarLlave()
#6 /home/u269039761/domains/carreradelashortensias.com/public_html/system/CodeIgniter.php(502): CodeIgniter\CodeIgniter->runController(Object(App\Controllers\Home))
#7 /home/u269039761/domains/carreradelashortensias.com/public_html/system/CodeIgniter.php(361): CodeIgniter\CodeIgniter->handleRequest(NULL, Object(Config\Cache), false)
#8 /home/u269039761/domains/carreradelashortensias.com/public_html/index.php(79): CodeIgniter\CodeIgniter->run()
#9 {main}
CRITICAL - 2024-01-17 11:08:08 --> Call to a member function getResult() on bool
in APPPATH/Models/participantes.php on line 200.
 1 APPPATH/Controllers/Home.php(372): App\Models\Participantes->buscarIdUsuarioStaff('205986b')
 2 SYSTEMPATH/CodeIgniter.php(942): App\Controllers\Home->consultarLlave()
 3 SYSTEMPATH/CodeIgniter.php(502): CodeIgniter\CodeIgniter->runController(Object(App\Controllers\Home))
 4 SYSTEMPATH/CodeIgniter.php(361): CodeIgniter\CodeIgniter->handleRequest(null, Object(Config\Cache), false)
 5 FCPATH/index.php(79): CodeIgniter\CodeIgniter->run()
ERROR - 2024-01-17 11:08:23 --> mysqli_sql_exception: Table 'u269039761_amifitdb.usuarios' doesn't exist in /home/u269039761/domains/carreradelashortensias.com/public_html/system/Database/MySQLi/Connection.php:306
Stack trace:
#0 /home/u269039761/domains/carreradelashortensias.com/public_html/system/Database/MySQLi/Connection.php(306): mysqli->query('SELECT Id FROM ...', 0)
#1 /home/u269039761/domains/carreradelashortensias.com/public_html/system/Database/BaseConnection.php(693): CodeIgniter\Database\MySQLi\Connection->execute('SELECT Id FROM ...')
#2 /home/u269039761/domains/carreradelashortensias.com/public_html/system/Database/BaseConnection.php(607): CodeIgniter\Database\BaseConnection->simpleQuery('SELECT Id FROM ...')
#3 /home/u269039761/domains/carreradelashortensias.com/public_html/app/Models/participantes.php(199): CodeIgniter\Database\BaseConnection->query('SELECT Id FROM ...')
#4 /home/u269039761/domains/carreradelashortensias.com/public_html/app/Controllers/Home.php(372): App\Models\Participantes->buscarIdUsuarioStaff('205986b')
#5 /home/u269039761/domains/carreradelashortensias.com/public_html/system/CodeIgniter.php(942): App\Controllers\Home->consultarLlave()
#6 /home/u269039761/domains/carreradelashortensias.com/public_html/system/CodeIgniter.php(502): CodeIgniter\CodeIgniter->runController(Object(App\Controllers\Home))
#7 /home/u269039761/domains/carreradelashortensias.com/public_html/system/CodeIgniter.php(361): CodeIgniter\CodeIgniter->handleRequest(NULL, Object(Config\Cache), false)
#8 /home/u269039761/domains/carreradelashortensias.com/public_html/index.php(79): CodeIgniter\CodeIgniter->run()
#9 {main}
CRITICAL - 2024-01-17 11:08:23 --> Call to a member function getResult() on bool
in APPPATH/Models/participantes.php on line 200.
 1 APPPATH/Controllers/Home.php(372): App\Models\Participantes->buscarIdUsuarioStaff('205986b')
 2 SYSTEMPATH/CodeIgniter.php(942): App\Controllers\Home->consultarLlave()
 3 SYSTEMPATH/CodeIgniter.php(502): CodeIgniter\CodeIgniter->runController(Object(App\Controllers\Home))
 4 SYSTEMPATH/CodeIgniter.php(361): CodeIgniter\CodeIgniter->handleRequest(null, Object(Config\Cache), false)
 5 FCPATH/index.php(79): CodeIgniter\CodeIgniter->run()
ERROR - 2024-01-17 11:08:58 --> mysqli_sql_exception: Table 'u269039761_amifitdb.usuarios' doesn't exist in /home/u269039761/domains/carreradelashortensias.com/public_html/system/Database/MySQLi/Connection.php:306
Stack trace:
#0 /home/u269039761/domains/carreradelashortensias.com/public_html/system/Database/MySQLi/Connection.php(306): mysqli->query('SELECT Id FROM ...', 0)
#1 /home/u269039761/domains/carreradelashortensias.com/public_html/system/Database/BaseConnection.php(693): CodeIgniter\Database\MySQLi\Connection->execute('SELECT Id FROM ...')
#2 /home/u269039761/domains/carreradelashortensias.com/public_html/system/Database/BaseConnection.php(607): CodeIgniter\Database\BaseConnection->simpleQuery('SELECT Id FROM ...')
#3 /home/u269039761/domains/carreradelashortensias.com/public_html/app/Models/participantes.php(199): CodeIgniter\Database\BaseConnection->query('SELECT Id FROM ...')
#4 /home/u269039761/domains/carreradelashortensias.com/public_html/app/Controllers/Home.php(372): App\Models\Participantes->buscarIdUsuarioStaff('205986b')
#5 /home/u269039761/domains/carreradelashortensias.com/public_html/system/CodeIgniter.php(942): App\Controllers\Home->consultarLlave()
#6 /home/u269039761/domains/carreradelashortensias.com/public_html/system/CodeIgniter.php(502): CodeIgniter\CodeIgniter->runController(Object(App\Controllers\Home))
#7 /home/u269039761/domains/carreradelashortensias.com/public_html/system/CodeIgniter.php(361): CodeIgniter\CodeIgniter->handleRequest(NULL, Object(Config\Cache), false)
#8 /home/u269039761/domains/carreradelashortensias.com/public_html/index.php(79): CodeIgniter\CodeIgniter->run()
#9 {main}
CRITICAL - 2024-01-17 11:08:58 --> Call to a member function getResult() on bool
in APPPATH/Models/participantes.php on line 200.
 1 APPPATH/Controllers/Home.php(372): App\Models\Participantes->buscarIdUsuarioStaff('205986b')
 2 SYSTEMPATH/CodeIgniter.php(942): App\Controllers\Home->consultarLlave()
 3 SYSTEMPATH/CodeIgniter.php(502): CodeIgniter\CodeIgniter->runController(Object(App\Controllers\Home))
 4 SYSTEMPATH/CodeIgniter.php(361): CodeIgniter\CodeIgniter->handleRequest(null, Object(Config\Cache), false)
 5 FCPATH/index.php(79): CodeIgniter\CodeIgniter->run()
ERROR - 2024-01-17 11:09:23 --> mysqli_sql_exception: Table 'u269039761_amifitdb.usuarios' doesn't exist in /home/u269039761/domains/carreradelashortensias.com/public_html/system/Database/MySQLi/Connection.php:306
Stack trace:
#0 /home/u269039761/domains/carreradelashortensias.com/public_html/system/Database/MySQLi/Connection.php(306): mysqli->query('SELECT Id FROM ...', 0)
#1 /home/u269039761/domains/carreradelashortensias.com/public_html/system/Database/BaseConnection.php(693): CodeIgniter\Database\MySQLi\Connection->execute('SELECT Id FROM ...')
#2 /home/u269039761/domains/carreradelashortensias.com/public_html/system/Database/BaseConnection.php(607): CodeIgniter\Database\BaseConnection->simpleQuery('SELECT Id FROM ...')
#3 /home/u269039761/domains/carreradelashortensias.com/public_html/app/Models/participantes.php(199): CodeIgniter\Database\BaseConnection->query('SELECT Id FROM ...')
#4 /home/u269039761/domains/carreradelashortensias.com/public_html/app/Controllers/Home.php(372): App\Models\Participantes->buscarIdUsuarioStaff('232B861')
#5 /home/u269039761/domains/carreradelashortensias.com/public_html/system/CodeIgniter.php(942): App\Controllers\Home->consultarLlave()
#6 /home/u269039761/domains/carreradelashortensias.com/public_html/system/CodeIgniter.php(502): CodeIgniter\CodeIgniter->runController(Object(App\Controllers\Home))
#7 /home/u269039761/domains/carreradelashortensias.com/public_html/system/CodeIgniter.php(361): CodeIgniter\CodeIgniter->handleRequest(NULL, Object(Config\Cache), false)
#8 /home/u269039761/domains/carreradelashortensias.com/public_html/index.php(79): CodeIgniter\CodeIgniter->run()
#9 {main}
CRITICAL - 2024-01-17 11:09:23 --> Call to a member function getResult() on bool
in APPPATH/Models/participantes.php on line 200.
 1 APPPATH/Controllers/Home.php(372): App\Models\Participantes->buscarIdUsuarioStaff('232B861')
 2 SYSTEMPATH/CodeIgniter.php(942): App\Controllers\Home->consultarLlave()
 3 SYSTEMPATH/CodeIgniter.php(502): CodeIgniter\CodeIgniter->runController(Object(App\Controllers\Home))
 4 SYSTEMPATH/CodeIgniter.php(361): CodeIgniter\CodeIgniter->handleRequest(null, Object(Config\Cache), false)
 5 FCPATH/index.php(79): CodeIgniter\CodeIgniter->run()
ERROR - 2024-01-17 11:12:02 --> mysqli_sql_exception: Table 'u269039761_amifitdb.usuarios' doesn't exist in /home/u269039761/domains/carreradelashortensias.com/public_html/system/Database/MySQLi/Connection.php:306
Stack trace:
#0 /home/u269039761/domains/carreradelashortensias.com/public_html/system/Database/MySQLi/Connection.php(306): mysqli->query('SELECT Id FROM ...', 0)
#1 /home/u269039761/domains/carreradelashortensias.com/public_html/system/Database/BaseConnection.php(693): CodeIgniter\Database\MySQLi\Connection->execute('SELECT Id FROM ...')
#2 /home/u269039761/domains/carreradelashortensias.com/public_html/system/Database/BaseConnection.php(607): CodeIgniter\Database\BaseConnection->simpleQuery('SELECT Id FROM ...')
#3 /home/u269039761/domains/carreradelashortensias.com/public_html/app/Models/participantes.php(199): CodeIgniter\Database\BaseConnection->query('SELECT Id FROM ...')
#4 /home/u269039761/domains/carreradelashortensias.com/public_html/app/Controllers/Home.php(372): App\Models\Participantes->buscarIdUsuarioStaff('205986b')
#5 /home/u269039761/domains/carreradelashortensias.com/public_html/system/CodeIgniter.php(942): App\Controllers\Home->consultarLlave()
#6 /home/u269039761/domains/carreradelashortensias.com/public_html/system/CodeIgniter.php(502): CodeIgniter\CodeIgniter->runController(Object(App\Controllers\Home))
#7 /home/u269039761/domains/carreradelashortensias.com/public_html/system/CodeIgniter.php(361): CodeIgniter\CodeIgniter->handleRequest(NULL, Object(Config\Cache), false)
#8 /home/u269039761/domains/carreradelashortensias.com/public_html/index.php(79): CodeIgniter\CodeIgniter->run()
#9 {main}
CRITICAL - 2024-01-17 11:12:02 --> Call to a member function getResult() on bool
in APPPATH/Models/participantes.php on line 200.
 1 APPPATH/Controllers/Home.php(372): App\Models\Participantes->buscarIdUsuarioStaff('205986b')
 2 SYSTEMPATH/CodeIgniter.php(942): App\Controllers\Home->consultarLlave()
 3 SYSTEMPATH/CodeIgniter.php(502): CodeIgniter\CodeIgniter->runController(Object(App\Controllers\Home))
 4 SYSTEMPATH/CodeIgniter.php(361): CodeIgniter\CodeIgniter->handleRequest(null, Object(Config\Cache), false)
 5 FCPATH/index.php(79): CodeIgniter\CodeIgniter->run()
ERROR - 2024-01-17 11:12:14 --> mysqli_sql_exception: Table 'u269039761_amifitdb.usuarios' doesn't exist in /home/u269039761/domains/carreradelashortensias.com/public_html/system/Database/MySQLi/Connection.php:306
Stack trace:
#0 /home/u269039761/domains/carreradelashortensias.com/public_html/system/Database/MySQLi/Connection.php(306): mysqli->query('SELECT Id FROM ...', 0)
#1 /home/u269039761/domains/carreradelashortensias.com/public_html/system/Database/BaseConnection.php(693): CodeIgniter\Database\MySQLi\Connection->execute('SELECT Id FROM ...')
#2 /home/u269039761/domains/carreradelashortensias.com/public_html/system/Database/BaseConnection.php(607): CodeIgniter\Database\BaseConnection->simpleQuery('SELECT Id FROM ...')
#3 /home/u269039761/domains/carreradelashortensias.com/public_html/app/Models/participantes.php(199): CodeIgniter\Database\BaseConnection->query('SELECT Id FROM ...')
#4 /home/u269039761/domains/carreradelashortensias.com/public_html/app/Controllers/Home.php(372): App\Models\Participantes->buscarIdUsuarioStaff('205986b')
#5 /home/u269039761/domains/carreradelashortensias.com/public_html/system/CodeIgniter.php(942): App\Controllers\Home->consultarLlave()
#6 /home/u269039761/domains/carreradelashortensias.com/public_html/system/CodeIgniter.php(502): CodeIgniter\CodeIgniter->runController(Object(App\Controllers\Home))
#7 /home/u269039761/domains/carreradelashortensias.com/public_html/system/CodeIgniter.php(361): CodeIgniter\CodeIgniter->handleRequest(NULL, Object(Config\Cache), false)
#8 /home/u269039761/domains/carreradelashortensias.com/public_html/index.php(79): CodeIgniter\CodeIgniter->run()
#9 {main}
CRITICAL - 2024-01-17 11:12:14 --> Call to a member function getResult() on bool
in APPPATH/Models/participantes.php on line 200.
 1 APPPATH/Controllers/Home.php(372): App\Models\Participantes->buscarIdUsuarioStaff('205986b')
 2 SYSTEMPATH/CodeIgniter.php(942): App\Controllers\Home->consultarLlave()
 3 SYSTEMPATH/CodeIgniter.php(502): CodeIgniter\CodeIgniter->runController(Object(App\Controllers\Home))
 4 SYSTEMPATH/CodeIgniter.php(361): CodeIgniter\CodeIgniter->handleRequest(null, Object(Config\Cache), false)
 5 FCPATH/index.php(79): CodeIgniter\CodeIgniter->run()
ERROR - 2024-01-17 11:12:28 --> mysqli_sql_exception: Table 'u269039761_amifitdb.usuarios' doesn't exist in /home/u269039761/domains/carreradelashortensias.com/public_html/system/Database/MySQLi/Connection.php:306
Stack trace:
#0 /home/u269039761/domains/carreradelashortensias.com/public_html/system/Database/MySQLi/Connection.php(306): mysqli->query('SELECT Id FROM ...', 0)
#1 /home/u269039761/domains/carreradelashortensias.com/public_html/system/Database/BaseConnection.php(693): CodeIgniter\Database\MySQLi\Connection->execute('SELECT Id FROM ...')
#2 /home/u269039761/domains/carreradelashortensias.com/public_html/system/Database/BaseConnection.php(607): CodeIgniter\Database\BaseConnection->simpleQuery('SELECT Id FROM ...')
#3 /home/u269039761/domains/carreradelashortensias.com/public_html/app/Models/participantes.php(199): CodeIgniter\Database\BaseConnection->query('SELECT Id FROM ...')
#4 /home/u269039761/domains/carreradelashortensias.com/public_html/app/Controllers/Home.php(372): App\Models\Participantes->buscarIdUsuarioStaff('205986b')
#5 /home/u269039761/domains/carreradelashortensias.com/public_html/system/CodeIgniter.php(942): App\Controllers\Home->consultarLlave()
#6 /home/u269039761/domains/carreradelashortensias.com/public_html/system/CodeIgniter.php(502): CodeIgniter\CodeIgniter->runController(Object(App\Controllers\Home))
#7 /home/u269039761/domains/carreradelashortensias.com/public_html/system/CodeIgniter.php(361): CodeIgniter\CodeIgniter->handleRequest(NULL, Object(Config\Cache), false)
#8 /home/u269039761/domains/carreradelashortensias.com/public_html/index.php(79): CodeIgniter\CodeIgniter->run()
#9 {main}
CRITICAL - 2024-01-17 11:12:28 --> Table 'u269039761_amifitdb.usuarios' doesn't exist
in SYSTEMPATH/Database/BaseConnection.php on line 647.
 1 APPPATH/Models/participantes.php(199): CodeIgniter\Database\BaseConnection->query('SELECT Id FROM usuarios WHERE KeyFob = \'205986b\';')
 2 APPPATH/Controllers/Home.php(372): App\Models\Participantes->buscarIdUsuarioStaff('205986b')
 3 SYSTEMPATH/CodeIgniter.php(942): App\Controllers\Home->consultarLlave()
 4 SYSTEMPATH/CodeIgniter.php(502): CodeIgniter\CodeIgniter->runController(Object(App\Controllers\Home))
 5 SYSTEMPATH/CodeIgniter.php(361): CodeIgniter\CodeIgniter->handleRequest(null, Object(Config\Cache), false)
 6 FCPATH/index.php(79): CodeIgniter\CodeIgniter->run()
ERROR - 2024-01-17 11:12:59 --> mysqli_sql_exception: Table 'u269039761_amifitdb.usuarios' doesn't exist in /home/u269039761/domains/carreradelashortensias.com/public_html/system/Database/MySQLi/Connection.php:306
Stack trace:
#0 /home/u269039761/domains/carreradelashortensias.com/public_html/system/Database/MySQLi/Connection.php(306): mysqli->query('SELECT Id FROM ...', 0)
#1 /home/u269039761/domains/carreradelashortensias.com/public_html/system/Database/BaseConnection.php(693): CodeIgniter\Database\MySQLi\Connection->execute('SELECT Id FROM ...')
#2 /home/u269039761/domains/carreradelashortensias.com/public_html/system/Database/BaseConnection.php(607): CodeIgniter\Database\BaseConnection->simpleQuery('SELECT Id FROM ...')
#3 /home/u269039761/domains/carreradelashortensias.com/public_html/app/Models/participantes.php(199): CodeIgniter\Database\BaseConnection->query('SELECT Id FROM ...')
#4 /home/u269039761/domains/carreradelashortensias.com/public_html/app/Controllers/Home.php(372): App\Models\Participantes->buscarIdUsuarioStaff('232B861')
#5 /home/u269039761/domains/carreradelashortensias.com/public_html/system/CodeIgniter.php(942): App\Controllers\Home->consultarLlave()
#6 /home/u269039761/domains/carreradelashortensias.com/public_html/system/CodeIgniter.php(502): CodeIgniter\CodeIgniter->runController(Object(App\Controllers\Home))
#7 /home/u269039761/domains/carreradelashortensias.com/public_html/system/CodeIgniter.php(361): CodeIgniter\CodeIgniter->handleRequest(NULL, Object(Config\Cache), false)
#8 /home/u269039761/domains/carreradelashortensias.com/public_html/index.php(79): CodeIgniter\CodeIgniter->run()
#9 {main}
CRITICAL - 2024-01-17 11:12:59 --> Table 'u269039761_amifitdb.usuarios' doesn't exist
in SYSTEMPATH/Database/BaseConnection.php on line 647.
 1 APPPATH/Models/participantes.php(199): CodeIgniter\Database\BaseConnection->query('SELECT Id FROM usuarios WHERE KeyFob = \'232B861\';')
 2 APPPATH/Controllers/Home.php(372): App\Models\Participantes->buscarIdUsuarioStaff('232B861')
 3 SYSTEMPATH/CodeIgniter.php(942): App\Controllers\Home->consultarLlave()
 4 SYSTEMPATH/CodeIgniter.php(502): CodeIgniter\CodeIgniter->runController(Object(App\Controllers\Home))
 5 SYSTEMPATH/CodeIgniter.php(361): CodeIgniter\CodeIgniter->handleRequest(null, Object(Config\Cache), false)
 6 FCPATH/index.php(79): CodeIgniter\CodeIgniter->run()
ERROR - 2024-01-17 11:13:09 --> mysqli_sql_exception: Table 'u269039761_amifitdb.usuarios' doesn't exist in /home/u269039761/domains/carreradelashortensias.com/public_html/system/Database/MySQLi/Connection.php:306
Stack trace:
#0 /home/u269039761/domains/carreradelashortensias.com/public_html/system/Database/MySQLi/Connection.php(306): mysqli->query('SELECT Id FROM ...', 0)
#1 /home/u269039761/domains/carreradelashortensias.com/public_html/system/Database/BaseConnection.php(693): CodeIgniter\Database\MySQLi\Connection->execute('SELECT Id FROM ...')
#2 /home/u269039761/domains/carreradelashortensias.com/public_html/system/Database/BaseConnection.php(607): CodeIgniter\Database\BaseConnection->simpleQuery('SELECT Id FROM ...')
#3 /home/u269039761/domains/carreradelashortensias.com/public_html/app/Models/participantes.php(199): CodeIgniter\Database\BaseConnection->query('SELECT Id FROM ...')
#4 /home/u269039761/domains/carreradelashortensias.com/public_html/app/Controllers/Home.php(372): App\Models\Participantes->buscarIdUsuarioStaff('232B861')
#5 /home/u269039761/domains/carreradelashortensias.com/public_html/system/CodeIgniter.php(942): App\Controllers\Home->consultarLlave()
#6 /home/u269039761/domains/carreradelashortensias.com/public_html/system/CodeIgniter.php(502): CodeIgniter\CodeIgniter->runController(Object(App\Controllers\Home))
#7 /home/u269039761/domains/carreradelashortensias.com/public_html/system/CodeIgniter.php(361): CodeIgniter\CodeIgniter->handleRequest(NULL, Object(Config\Cache), false)
#8 /home/u269039761/domains/carreradelashortensias.com/public_html/index.php(79): CodeIgniter\CodeIgniter->run()
#9 {main}
CRITICAL - 2024-01-17 11:13:09 --> Table 'u269039761_amifitdb.usuarios' doesn't exist
in SYSTEMPATH/Database/BaseConnection.php on line 647.
 1 APPPATH/Models/participantes.php(199): CodeIgniter\Database\BaseConnection->query('SELECT Id FROM usuarios WHERE KeyFob = \'232B861\';')
 2 APPPATH/Controllers/Home.php(372): App\Models\Participantes->buscarIdUsuarioStaff('232B861')
 3 SYSTEMPATH/CodeIgniter.php(942): App\Controllers\Home->consultarLlave()
 4 SYSTEMPATH/CodeIgniter.php(502): CodeIgniter\CodeIgniter->runController(Object(App\Controllers\Home))
 5 SYSTEMPATH/CodeIgniter.php(361): CodeIgniter\CodeIgniter->handleRequest(null, Object(Config\Cache), false)
 6 FCPATH/index.php(79): CodeIgniter\CodeIgniter->run()
