CRITICAL - 2025-04-03 12:24:28 --> The Checkout Session's total amount due must add up to at least $10.00 mxn
in FCPATH\vendor\stripe\stripe-php\lib\Exception\ApiErrorException.php on line 38.
 1 FCPATH\vendor\stripe\stripe-php\lib\Exception\InvalidRequestException.php(35): Stripe\Exception\ApiErrorException::factory('The Checkout Session\'s total amount due must add up to at least $10.00 mxn', 400, '{
  "error": {
    "code": "amount_too_small",
    "doc_url": "https://stripe.com/docs/error-codes/amount-too-small",
    "message": "The Checkout Session\'s total amount due must add up to at least $10.00 mxn",
    "request_log_url": "https://dashboard.stripe.com/test/logs/req_y75lVBzO9XXPj9?t=1743704669",
    "type": "invalid_request_error"
  }
}
', [...], Object(Stripe\Util\CaseInsensitiveArray), 'amount_too_small')
 2 FCPATH\vendor\stripe\stripe-php\lib\ApiRequestor.php(218): Stripe\Exception\InvalidRequestException::factory('The Checkout Session\'s total amount due must add up to at least $10.00 mxn', 400, '{
  "error": {
    "code": "amount_too_small",
    "doc_url": "https://stripe.com/docs/error-codes/amount-too-small",
    "message": "The Checkout Session\'s total amount due must add up to at least $10.00 mxn",
    "request_log_url": "https://dashboard.stripe.com/test/logs/req_y75lVBzO9XXPj9?t=1743704669",
    "type": "invalid_request_error"
  }
}
', [...], Object(Stripe\Util\CaseInsensitiveArray), 'amount_too_small', null)
 3 FCPATH\vendor\stripe\stripe-php\lib\ApiRequestor.php(180): Stripe\ApiRequestor::_specificAPIError('{
  "error": {
    "code": "amount_too_small",
    "doc_url": "https://stripe.com/docs/error-codes/amount-too-small",
    "message": "The Checkout Session\'s total amount due must add up to at least $10.00 mxn",
    "request_log_url": "https://dashboard.stripe.com/test/logs/req_y75lVBzO9XXPj9?t=1743704669",
    "type": "invalid_request_error"
  }
}
', 400, Object(Stripe\Util\CaseInsensitiveArray), [...], [...])
 4 FCPATH\vendor\stripe\stripe-php\lib\ApiRequestor.php(564): Stripe\ApiRequestor->handleErrorResponse('{
  "error": {
    "code": "amount_too_small",
    "doc_url": "https://stripe.com/docs/error-codes/amount-too-small",
    "message": "The Checkout Session\'s total amount due must add up to at least $10.00 mxn",
    "request_log_url": "https://dashboard.stripe.com/test/logs/req_y75lVBzO9XXPj9?t=1743704669",
    "type": "invalid_request_error"
  }
}
', 400, Object(Stripe\Util\CaseInsensitiveArray), [...])
 5 FCPATH\vendor\stripe\stripe-php\lib\ApiRequestor.php(128): Stripe\ApiRequestor->_interpretResponse('{
  "error": {
    "code": "amount_too_small",
    "doc_url": "https://stripe.com/docs/error-codes/amount-too-small",
    "message": "The Checkout Session\'s total amount due must add up to at least $10.00 mxn",
    "request_log_url": "https://dashboard.stripe.com/test/logs/req_y75lVBzO9XXPj9?t=1743704669",
    "type": "invalid_request_error"
  }
}
', 400, Object(Stripe\Util\CaseInsensitiveArray))
 6 FCPATH\vendor\stripe\stripe-php\lib\BaseStripeClient.php(145): Stripe\ApiRequestor->request('post', '/v1/payment_links', [...], [...], [...])
 7 FCPATH\vendor\stripe\stripe-php\lib\Service\AbstractService.php(75): Stripe\BaseStripeClient->request('post', '/v1/payment_links', [...], Object(Stripe\Util\RequestOptions))
 8 FCPATH\vendor\stripe\stripe-php\lib\Service\PaymentLinkService.php(55): Stripe\Service\AbstractService->request('post', '/v1/payment_links', [...], null)
 9 APPPATH\Controllers\Stripe.php(124): Stripe\Service\PaymentLinkService->create([...])
10 SYSTEMPATH\CodeIgniter.php(942): App\Controllers\Stripe->createPaymentLink()
11 SYSTEMPATH\CodeIgniter.php(502): CodeIgniter\CodeIgniter->runController(Object(App\Controllers\Stripe))
12 SYSTEMPATH\CodeIgniter.php(361): CodeIgniter\CodeIgniter->handleRequest(null, Object(Config\Cache), false)
13 FCPATH\index.php(79): CodeIgniter\CodeIgniter->run()
