ERROR - 2025-03-28 15:29:33 --> Error connecting to the database: mysqli_sql_exception: Unknown database 'hortensias' in D:\Programas Instalados\XAMPP\htdocs\HortensiasActualizado\system\Database\MySQLi\Connection.php:184
Stack trace:
#0 D:\Programas Instalados\XAMPP\htdocs\HortensiasActualizado\system\Database\MySQLi\Connection.php(184): mysqli->real_connect('localhost', 'root', Object(SensitiveParameterValue), 'hortensias', NULL, '', 0)
#1 D:\Programas Instalados\XAMPP\htdocs\HortensiasActualizado\system\Database\BaseConnection.php(392): CodeIgniter\Database\MySQLi\Connection->connect(false)
#2 D:\Programas Instalados\XAMPP\htdocs\HortensiasActualizado\system\Database\BaseConnection.php(575): CodeIgniter\Database\BaseConnection->initialize()
#3 D:\Programas Instalados\XAMPP\htdocs\HortensiasActualizado\system\Database\BaseBuilder.php(1615): CodeIgniter\Database\BaseConnection->query('SELECT `Status`...', Array, false)
#4 D:\Programas Instalados\XAMPP\htdocs\HortensiasActualizado\app\Models\participantes.php(30): CodeIgniter\Database\BaseBuilder->get()
#5 D:\Programas Instalados\XAMPP\htdocs\HortensiasActualizado\app\Controllers\Home.php(118): App\Models\Participantes->consultarModulos('Registro')
#6 D:\Programas Instalados\XAMPP\htdocs\HortensiasActualizado\system\CodeIgniter.php(942): App\Controllers\Home->verificarRegistro()
#7 D:\Programas Instalados\XAMPP\htdocs\HortensiasActualizado\system\CodeIgniter.php(502): CodeIgniter\CodeIgniter->runController(Object(App\Controllers\Home))
#8 D:\Programas Instalados\XAMPP\htdocs\HortensiasActualizado\system\CodeIgniter.php(361): CodeIgniter\CodeIgniter->handleRequest(NULL, Object(Config\Cache), false)
#9 D:\Programas Instalados\XAMPP\htdocs\HortensiasActualizado\index.php(79): CodeIgniter\CodeIgniter->run()
#10 {main}

Next CodeIgniter\Database\Exceptions\DatabaseException: Unknown database 'hortensias' in D:\Programas Instalados\XAMPP\htdocs\HortensiasActualizado\system\Database\MySQLi\Connection.php:229
Stack trace:
#0 D:\Programas Instalados\XAMPP\htdocs\HortensiasActualizado\system\Database\BaseConnection.php(392): CodeIgniter\Database\MySQLi\Connection->connect(false)
#1 D:\Programas Instalados\XAMPP\htdocs\HortensiasActualizado\system\Database\BaseConnection.php(575): CodeIgniter\Database\BaseConnection->initialize()
#2 D:\Programas Instalados\XAMPP\htdocs\HortensiasActualizado\system\Database\BaseBuilder.php(1615): CodeIgniter\Database\BaseConnection->query('SELECT `Status`...', Array, false)
#3 D:\Programas Instalados\XAMPP\htdocs\HortensiasActualizado\app\Models\participantes.php(30): CodeIgniter\Database\BaseBuilder->get()
#4 D:\Programas Instalados\XAMPP\htdocs\HortensiasActualizado\app\Controllers\Home.php(118): App\Models\Participantes->consultarModulos('Registro')
#5 D:\Programas Instalados\XAMPP\htdocs\HortensiasActualizado\system\CodeIgniter.php(942): App\Controllers\Home->verificarRegistro()
#6 D:\Programas Instalados\XAMPP\htdocs\HortensiasActualizado\system\CodeIgniter.php(502): CodeIgniter\CodeIgniter->runController(Object(App\Controllers\Home))
#7 D:\Programas Instalados\XAMPP\htdocs\HortensiasActualizado\system\CodeIgniter.php(361): CodeIgniter\CodeIgniter->handleRequest(NULL, Object(Config\Cache), false)
#8 D:\Programas Instalados\XAMPP\htdocs\HortensiasActualizado\index.php(79): CodeIgniter\CodeIgniter->run()
#9 {main}
ERROR - 2025-03-28 15:29:33 --> Error connecting to the database: mysqli_sql_exception: Unknown database 'hortensias' in D:\Programas Instalados\XAMPP\htdocs\HortensiasActualizado\system\Database\MySQLi\Connection.php:184
Stack trace:
#0 D:\Programas Instalados\XAMPP\htdocs\HortensiasActualizado\system\Database\MySQLi\Connection.php(184): mysqli->real_connect('localhost', 'root', Object(SensitiveParameterValue), 'hortensias', NULL, '', 0)
#1 D:\Programas Instalados\XAMPP\htdocs\HortensiasActualizado\system\Database\BaseConnection.php(392): CodeIgniter\Database\MySQLi\Connection->connect(false)
#2 D:\Programas Instalados\XAMPP\htdocs\HortensiasActualizado\system\Database\BaseConnection.php(575): CodeIgniter\Database\BaseConnection->initialize()
#3 D:\Programas Instalados\XAMPP\htdocs\HortensiasActualizado\system\Database\BaseBuilder.php(1615): CodeIgniter\Database\BaseConnection->query('SELECT `Status`...', Array, false)
#4 D:\Programas Instalados\XAMPP\htdocs\HortensiasActualizado\app\Models\participantes.php(30): CodeIgniter\Database\BaseBuilder->get()
#5 D:\Programas Instalados\XAMPP\htdocs\HortensiasActualizado\app\Controllers\Home.php(99): App\Models\Participantes->consultarModulos('Cupones')
#6 D:\Programas Instalados\XAMPP\htdocs\HortensiasActualizado\system\CodeIgniter.php(942): App\Controllers\Home->verificarModulos()
#7 D:\Programas Instalados\XAMPP\htdocs\HortensiasActualizado\system\CodeIgniter.php(502): CodeIgniter\CodeIgniter->runController(Object(App\Controllers\Home))
#8 D:\Programas Instalados\XAMPP\htdocs\HortensiasActualizado\system\CodeIgniter.php(361): CodeIgniter\CodeIgniter->handleRequest(NULL, Object(Config\Cache), false)
#9 D:\Programas Instalados\XAMPP\htdocs\HortensiasActualizado\index.php(79): CodeIgniter\CodeIgniter->run()
#10 {main}

Next CodeIgniter\Database\Exceptions\DatabaseException: Unknown database 'hortensias' in D:\Programas Instalados\XAMPP\htdocs\HortensiasActualizado\system\Database\MySQLi\Connection.php:229
Stack trace:
#0 D:\Programas Instalados\XAMPP\htdocs\HortensiasActualizado\system\Database\BaseConnection.php(392): CodeIgniter\Database\MySQLi\Connection->connect(false)
#1 D:\Programas Instalados\XAMPP\htdocs\HortensiasActualizado\system\Database\BaseConnection.php(575): CodeIgniter\Database\BaseConnection->initialize()
#2 D:\Programas Instalados\XAMPP\htdocs\HortensiasActualizado\system\Database\BaseBuilder.php(1615): CodeIgniter\Database\BaseConnection->query('SELECT `Status`...', Array, false)
#3 D:\Programas Instalados\XAMPP\htdocs\HortensiasActualizado\app\Models\participantes.php(30): CodeIgniter\Database\BaseBuilder->get()
#4 D:\Programas Instalados\XAMPP\htdocs\HortensiasActualizado\app\Controllers\Home.php(99): App\Models\Participantes->consultarModulos('Cupones')
#5 D:\Programas Instalados\XAMPP\htdocs\HortensiasActualizado\system\CodeIgniter.php(942): App\Controllers\Home->verificarModulos()
#6 D:\Programas Instalados\XAMPP\htdocs\HortensiasActualizado\system\CodeIgniter.php(502): CodeIgniter\CodeIgniter->runController(Object(App\Controllers\Home))
#7 D:\Programas Instalados\XAMPP\htdocs\HortensiasActualizado\system\CodeIgniter.php(361): CodeIgniter\CodeIgniter->handleRequest(NULL, Object(Config\Cache), false)
#8 D:\Programas Instalados\XAMPP\htdocs\HortensiasActualizado\index.php(79): CodeIgniter\CodeIgniter->run()
#9 {main}
CRITICAL - 2025-03-28 15:29:33 --> Unable to connect to the database.
Main connection [MySQLi]: Unknown database 'hortensias'
in SYSTEMPATH\Database\BaseConnection.php on line 428.
 1 SYSTEMPATH\Database\BaseConnection.php(575): CodeIgniter\Database\BaseConnection->initialize()
 2 SYSTEMPATH\Database\BaseBuilder.php(1615): CodeIgniter\Database\BaseConnection->query('SELECT `Status`
FROM `modulos`
WHERE `Modulo` = :Modulo:', [...], false)
 3 APPPATH\Models\participantes.php(30): CodeIgniter\Database\BaseBuilder->get()
 4 APPPATH\Controllers\Home.php(118): App\Models\Participantes->consultarModulos('Registro')
 5 SYSTEMPATH\CodeIgniter.php(942): App\Controllers\Home->verificarRegistro()
 6 SYSTEMPATH\CodeIgniter.php(502): CodeIgniter\CodeIgniter->runController(Object(App\Controllers\Home))
 7 SYSTEMPATH\CodeIgniter.php(361): CodeIgniter\CodeIgniter->handleRequest(null, Object(Config\Cache), false)
 8 FCPATH\index.php(79): CodeIgniter\CodeIgniter->run()
CRITICAL - 2025-03-28 15:29:33 --> Unable to connect to the database.
Main connection [MySQLi]: Unknown database 'hortensias'
in SYSTEMPATH\Database\BaseConnection.php on line 428.
 1 SYSTEMPATH\Database\BaseConnection.php(575): CodeIgniter\Database\BaseConnection->initialize()
 2 SYSTEMPATH\Database\BaseBuilder.php(1615): CodeIgniter\Database\BaseConnection->query('SELECT `Status`
FROM `modulos`
WHERE `Modulo` = :Modulo:', [...], false)
 3 APPPATH\Models\participantes.php(30): CodeIgniter\Database\BaseBuilder->get()
 4 APPPATH\Controllers\Home.php(99): App\Models\Participantes->consultarModulos('Cupones')
 5 SYSTEMPATH\CodeIgniter.php(942): App\Controllers\Home->verificarModulos()
 6 SYSTEMPATH\CodeIgniter.php(502): CodeIgniter\CodeIgniter->runController(Object(App\Controllers\Home))
 7 SYSTEMPATH\CodeIgniter.php(361): CodeIgniter\CodeIgniter->handleRequest(null, Object(Config\Cache), false)
 8 FCPATH\index.php(79): CodeIgniter\CodeIgniter->run()
ERROR - 2025-03-28 15:29:42 --> Error connecting to the database: mysqli_sql_exception: Unknown database 'hortensias' in D:\Programas Instalados\XAMPP\htdocs\HortensiasActualizado\system\Database\MySQLi\Connection.php:184
Stack trace:
#0 D:\Programas Instalados\XAMPP\htdocs\HortensiasActualizado\system\Database\MySQLi\Connection.php(184): mysqli->real_connect('localhost', 'root', Object(SensitiveParameterValue), 'hortensias', NULL, '', 0)
#1 D:\Programas Instalados\XAMPP\htdocs\HortensiasActualizado\system\Database\BaseConnection.php(392): CodeIgniter\Database\MySQLi\Connection->connect(false)
#2 D:\Programas Instalados\XAMPP\htdocs\HortensiasActualizado\system\Database\BaseConnection.php(575): CodeIgniter\Database\BaseConnection->initialize()
#3 D:\Programas Instalados\XAMPP\htdocs\HortensiasActualizado\system\Database\BaseBuilder.php(1615): CodeIgniter\Database\BaseConnection->query('SELECT `Status`...', Array, false)
#4 D:\Programas Instalados\XAMPP\htdocs\HortensiasActualizado\app\Models\participantes.php(30): CodeIgniter\Database\BaseBuilder->get()
#5 D:\Programas Instalados\XAMPP\htdocs\HortensiasActualizado\app\Controllers\Home.php(99): App\Models\Participantes->consultarModulos('Cupones')
#6 D:\Programas Instalados\XAMPP\htdocs\HortensiasActualizado\system\CodeIgniter.php(942): App\Controllers\Home->verificarModulos()
#7 D:\Programas Instalados\XAMPP\htdocs\HortensiasActualizado\system\CodeIgniter.php(502): CodeIgniter\CodeIgniter->runController(Object(App\Controllers\Home))
#8 D:\Programas Instalados\XAMPP\htdocs\HortensiasActualizado\system\CodeIgniter.php(361): CodeIgniter\CodeIgniter->handleRequest(NULL, Object(Config\Cache), false)
#9 D:\Programas Instalados\XAMPP\htdocs\HortensiasActualizado\index.php(79): CodeIgniter\CodeIgniter->run()
#10 {main}

Next CodeIgniter\Database\Exceptions\DatabaseException: Unknown database 'hortensias' in D:\Programas Instalados\XAMPP\htdocs\HortensiasActualizado\system\Database\MySQLi\Connection.php:229
Stack trace:
#0 D:\Programas Instalados\XAMPP\htdocs\HortensiasActualizado\system\Database\BaseConnection.php(392): CodeIgniter\Database\MySQLi\Connection->connect(false)
#1 D:\Programas Instalados\XAMPP\htdocs\HortensiasActualizado\system\Database\BaseConnection.php(575): CodeIgniter\Database\BaseConnection->initialize()
#2 D:\Programas Instalados\XAMPP\htdocs\HortensiasActualizado\system\Database\BaseBuilder.php(1615): CodeIgniter\Database\BaseConnection->query('SELECT `Status`...', Array, false)
#3 D:\Programas Instalados\XAMPP\htdocs\HortensiasActualizado\app\Models\participantes.php(30): CodeIgniter\Database\BaseBuilder->get()
#4 D:\Programas Instalados\XAMPP\htdocs\HortensiasActualizado\app\Controllers\Home.php(99): App\Models\Participantes->consultarModulos('Cupones')
#5 D:\Programas Instalados\XAMPP\htdocs\HortensiasActualizado\system\CodeIgniter.php(942): App\Controllers\Home->verificarModulos()
#6 D:\Programas Instalados\XAMPP\htdocs\HortensiasActualizado\system\CodeIgniter.php(502): CodeIgniter\CodeIgniter->runController(Object(App\Controllers\Home))
#7 D:\Programas Instalados\XAMPP\htdocs\HortensiasActualizado\system\CodeIgniter.php(361): CodeIgniter\CodeIgniter->handleRequest(NULL, Object(Config\Cache), false)
#8 D:\Programas Instalados\XAMPP\htdocs\HortensiasActualizado\index.php(79): CodeIgniter\CodeIgniter->run()
#9 {main}
CRITICAL - 2025-03-28 15:29:42 --> Unable to connect to the database.
Main connection [MySQLi]: Unknown database 'hortensias'
in SYSTEMPATH\Database\BaseConnection.php on line 428.
 1 SYSTEMPATH\Database\BaseConnection.php(575): CodeIgniter\Database\BaseConnection->initialize()
 2 SYSTEMPATH\Database\BaseBuilder.php(1615): CodeIgniter\Database\BaseConnection->query('SELECT `Status`
FROM `modulos`
WHERE `Modulo` = :Modulo:', [...], false)
 3 APPPATH\Models\participantes.php(30): CodeIgniter\Database\BaseBuilder->get()
 4 APPPATH\Controllers\Home.php(99): App\Models\Participantes->consultarModulos('Cupones')
 5 SYSTEMPATH\CodeIgniter.php(942): App\Controllers\Home->verificarModulos()
 6 SYSTEMPATH\CodeIgniter.php(502): CodeIgniter\CodeIgniter->runController(Object(App\Controllers\Home))
 7 SYSTEMPATH\CodeIgniter.php(361): CodeIgniter\CodeIgniter->handleRequest(null, Object(Config\Cache), false)
 8 FCPATH\index.php(79): CodeIgniter\CodeIgniter->run()
ERROR - 2025-03-28 15:30:40 --> Error connecting to the database: mysqli_sql_exception: Unknown database 'hortensias' in D:\Programas Instalados\XAMPP\htdocs\HortensiasActualizado\system\Database\MySQLi\Connection.php:184
Stack trace:
#0 D:\Programas Instalados\XAMPP\htdocs\HortensiasActualizado\system\Database\MySQLi\Connection.php(184): mysqli->real_connect('localhost', 'root', Object(SensitiveParameterValue), 'hortensias', NULL, '', 0)
#1 D:\Programas Instalados\XAMPP\htdocs\HortensiasActualizado\system\Database\BaseConnection.php(392): CodeIgniter\Database\MySQLi\Connection->connect(false)
#2 D:\Programas Instalados\XAMPP\htdocs\HortensiasActualizado\system\Database\BaseConnection.php(575): CodeIgniter\Database\BaseConnection->initialize()
#3 D:\Programas Instalados\XAMPP\htdocs\HortensiasActualizado\system\Database\BaseBuilder.php(1615): CodeIgniter\Database\BaseConnection->query('SELECT `Status`...', Array, false)
#4 D:\Programas Instalados\XAMPP\htdocs\HortensiasActualizado\app\Models\participantes.php(30): CodeIgniter\Database\BaseBuilder->get()
#5 D:\Programas Instalados\XAMPP\htdocs\HortensiasActualizado\app\Controllers\Home.php(99): App\Models\Participantes->consultarModulos('Cupones')
#6 D:\Programas Instalados\XAMPP\htdocs\HortensiasActualizado\system\CodeIgniter.php(942): App\Controllers\Home->verificarModulos()
#7 D:\Programas Instalados\XAMPP\htdocs\HortensiasActualizado\system\CodeIgniter.php(502): CodeIgniter\CodeIgniter->runController(Object(App\Controllers\Home))
#8 D:\Programas Instalados\XAMPP\htdocs\HortensiasActualizado\system\CodeIgniter.php(361): CodeIgniter\CodeIgniter->handleRequest(NULL, Object(Config\Cache), false)
#9 D:\Programas Instalados\XAMPP\htdocs\HortensiasActualizado\index.php(79): CodeIgniter\CodeIgniter->run()
#10 {main}

Next CodeIgniter\Database\Exceptions\DatabaseException: Unknown database 'hortensias' in D:\Programas Instalados\XAMPP\htdocs\HortensiasActualizado\system\Database\MySQLi\Connection.php:229
Stack trace:
#0 D:\Programas Instalados\XAMPP\htdocs\HortensiasActualizado\system\Database\BaseConnection.php(392): CodeIgniter\Database\MySQLi\Connection->connect(false)
#1 D:\Programas Instalados\XAMPP\htdocs\HortensiasActualizado\system\Database\BaseConnection.php(575): CodeIgniter\Database\BaseConnection->initialize()
#2 D:\Programas Instalados\XAMPP\htdocs\HortensiasActualizado\system\Database\BaseBuilder.php(1615): CodeIgniter\Database\BaseConnection->query('SELECT `Status`...', Array, false)
#3 D:\Programas Instalados\XAMPP\htdocs\HortensiasActualizado\app\Models\participantes.php(30): CodeIgniter\Database\BaseBuilder->get()
#4 D:\Programas Instalados\XAMPP\htdocs\HortensiasActualizado\app\Controllers\Home.php(99): App\Models\Participantes->consultarModulos('Cupones')
#5 D:\Programas Instalados\XAMPP\htdocs\HortensiasActualizado\system\CodeIgniter.php(942): App\Controllers\Home->verificarModulos()
#6 D:\Programas Instalados\XAMPP\htdocs\HortensiasActualizado\system\CodeIgniter.php(502): CodeIgniter\CodeIgniter->runController(Object(App\Controllers\Home))
#7 D:\Programas Instalados\XAMPP\htdocs\HortensiasActualizado\system\CodeIgniter.php(361): CodeIgniter\CodeIgniter->handleRequest(NULL, Object(Config\Cache), false)
#8 D:\Programas Instalados\XAMPP\htdocs\HortensiasActualizado\index.php(79): CodeIgniter\CodeIgniter->run()
#9 {main}
CRITICAL - 2025-03-28 15:30:40 --> Unable to connect to the database.
Main connection [MySQLi]: Unknown database 'hortensias'
in SYSTEMPATH\Database\BaseConnection.php on line 428.
 1 SYSTEMPATH\Database\BaseConnection.php(575): CodeIgniter\Database\BaseConnection->initialize()
 2 SYSTEMPATH\Database\BaseBuilder.php(1615): CodeIgniter\Database\BaseConnection->query('SELECT `Status`
FROM `modulos`
WHERE `Modulo` = :Modulo:', [...], false)
 3 APPPATH\Models\participantes.php(30): CodeIgniter\Database\BaseBuilder->get()
 4 APPPATH\Controllers\Home.php(99): App\Models\Participantes->consultarModulos('Cupones')
 5 SYSTEMPATH\CodeIgniter.php(942): App\Controllers\Home->verificarModulos()
 6 SYSTEMPATH\CodeIgniter.php(502): CodeIgniter\CodeIgniter->runController(Object(App\Controllers\Home))
 7 SYSTEMPATH\CodeIgniter.php(361): CodeIgniter\CodeIgniter->handleRequest(null, Object(Config\Cache), false)
 8 FCPATH\index.php(79): CodeIgniter\CodeIgniter->run()
