CRITICAL - 2023-12-20 09:17:59 --> Too few arguments to function App\Controllers\mercadoPago::consultarPago(), 0 passed in D:\Programas Instalados\XAMP-php-7-4\htdocs\public_html_CarreraDeLasHortensiasBueno\system\CodeIgniter.php on line 942 and exactly 1 expected
in APPPATH\Controllers\MercadoPago.php on line 46.
 1 SYSTEMPATH\CodeIgniter.php(942): App\Controllers\mercadoPago->consultarPago()
 2 SYSTEMPATH\CodeIgniter.php(502): CodeIgniter\CodeIgniter->runController(Object(App\Controllers\mercadoPago))
 3 SYSTEMPATH\CodeIgniter.php(361): CodeIgniter\CodeIgniter->handleRequest(null, Object(Config\Cache), false)
 4 FCPATH\index.php(79): CodeIgniter\CodeIgniter->run()
CRITICAL - 2023-12-20 09:18:10 --> Too few arguments to function App\Controllers\mercadoPago::consultarPago(), 0 passed in D:\Programas Instalados\XAMP-php-7-4\htdocs\public_html_CarreraDeLasHortensiasBueno\system\CodeIgniter.php on line 942 and exactly 1 expected
in APPPATH\Controllers\MercadoPago.php on line 46.
 1 SYSTEMPATH\CodeIgniter.php(942): App\Controllers\mercadoPago->consultarPago()
 2 SYSTEMPATH\CodeIgniter.php(502): CodeIgniter\CodeIgniter->runController(Object(App\Controllers\mercadoPago))
 3 SYSTEMPATH\CodeIgniter.php(361): CodeIgniter\CodeIgniter->handleRequest(null, Object(Config\Cache), false)
 4 FCPATH\index.php(79): CodeIgniter\CodeIgniter->run()
CRITICAL - 2023-12-20 09:18:10 --> Too few arguments to function App\Controllers\mercadoPago::consultarPago(), 0 passed in D:\Programas Instalados\XAMP-php-7-4\htdocs\public_html_CarreraDeLasHortensiasBueno\system\CodeIgniter.php on line 942 and exactly 1 expected
in APPPATH\Controllers\MercadoPago.php on line 46.
 1 SYSTEMPATH\CodeIgniter.php(942): App\Controllers\mercadoPago->consultarPago()
 2 SYSTEMPATH\CodeIgniter.php(502): CodeIgniter\CodeIgniter->runController(Object(App\Controllers\mercadoPago))
 3 SYSTEMPATH\CodeIgniter.php(361): CodeIgniter\CodeIgniter->handleRequest(null, Object(Config\Cache), false)
 4 FCPATH\index.php(79): CodeIgniter\CodeIgniter->run()
CRITICAL - 2023-12-20 09:18:10 --> Too few arguments to function App\Controllers\mercadoPago::consultarPago(), 0 passed in D:\Programas Instalados\XAMP-php-7-4\htdocs\public_html_CarreraDeLasHortensiasBueno\system\CodeIgniter.php on line 942 and exactly 1 expected
in APPPATH\Controllers\MercadoPago.php on line 46.
 1 SYSTEMPATH\CodeIgniter.php(942): App\Controllers\mercadoPago->consultarPago()
 2 SYSTEMPATH\CodeIgniter.php(502): CodeIgniter\CodeIgniter->runController(Object(App\Controllers\mercadoPago))
 3 SYSTEMPATH\CodeIgniter.php(361): CodeIgniter\CodeIgniter->handleRequest(null, Object(Config\Cache), false)
 4 FCPATH\index.php(79): CodeIgniter\CodeIgniter->run()
CRITICAL - 2023-12-20 09:24:46 --> Object of class MercadoPago\Payment could not be converted to string
in APPPATH\Controllers\MercadoPago.php on line 52.
 1 SYSTEMPATH\CodeIgniter.php(942): App\Controllers\mercadoPago::consultarPago()
 2 SYSTEMPATH\CodeIgniter.php(502): CodeIgniter\CodeIgniter->runController(Object(App\Controllers\mercadoPago))
 3 SYSTEMPATH\CodeIgniter.php(361): CodeIgniter\CodeIgniter->handleRequest(null, Object(Config\Cache), false)
 4 FCPATH\index.php(79): CodeIgniter\CodeIgniter->run()
ERROR - 2023-12-20 14:41:32 --> mysqli_sql_exception: Column 'IdSocio' cannot be null in D:\Programas Instalados\XAMP-php-7-4\htdocs\public_html_CarreraDeLasHortensiasBueno\system\Database\MySQLi\Connection.php:306
Stack trace:
#0 D:\Programas Instalados\XAMP-php-7-4\htdocs\public_html_CarreraDeLasHortensiasBueno\system\Database\MySQLi\Connection.php(306): mysqli->query('INSERT INTO `so...', 0)
#1 D:\Programas Instalados\XAMP-php-7-4\htdocs\public_html_CarreraDeLasHortensiasBueno\system\Database\BaseConnection.php(693): CodeIgniter\Database\MySQLi\Connection->execute('INSERT INTO `so...')
#2 D:\Programas Instalados\XAMP-php-7-4\htdocs\public_html_CarreraDeLasHortensiasBueno\system\Database\BaseConnection.php(607): CodeIgniter\Database\BaseConnection->simpleQuery('INSERT INTO `so...')
#3 D:\Programas Instalados\XAMP-php-7-4\htdocs\public_html_CarreraDeLasHortensiasBueno\system\Database\BaseBuilder.php(2308): CodeIgniter\Database\BaseConnection->query('INSERT INTO `so...', Array, false)
#4 D:\Programas Instalados\XAMP-php-7-4\htdocs\public_html_CarreraDeLasHortensiasBueno\app\Models\participantes.php(53): CodeIgniter\Database\BaseBuilder->insert(Array)
#5 D:\Programas Instalados\XAMP-php-7-4\htdocs\public_html_CarreraDeLasHortensiasBueno\app\Controllers\Home.php(133): App\Models\Participantes->PagoEvento(Array, Array)
#6 D:\Programas Instalados\XAMP-php-7-4\htdocs\public_html_CarreraDeLasHortensiasBueno\system\CodeIgniter.php(942): App\Controllers\Home->PagoEvento()
#7 D:\Programas Instalados\XAMP-php-7-4\htdocs\public_html_CarreraDeLasHortensiasBueno\system\CodeIgniter.php(502): CodeIgniter\CodeIgniter->runController(Object(App\Controllers\Home))
#8 D:\Programas Instalados\XAMP-php-7-4\htdocs\public_html_CarreraDeLasHortensiasBueno\system\CodeIgniter.php(361): CodeIgniter\CodeIgniter->handleRequest(NULL, Object(Config\Cache), false)
#9 D:\Programas Instalados\XAMP-php-7-4\htdocs\public_html_CarreraDeLasHortensiasBueno\index.php(79): CodeIgniter\CodeIgniter->run()
#10 {main}
CRITICAL - 2023-12-20 14:41:32 --> Column 'IdSocio' cannot be null
in SYSTEMPATH\Database\BaseConnection.php on line 647.
 1 SYSTEMPATH\Database\BaseBuilder.php(2308): CodeIgniter\Database\BaseConnection->query('INSERT INTO `socioseventos` (`IdSocio`, `IdEvento`) VALUES (:IdSocio:, :IdEvento:)', [...], false)
 2 APPPATH\Models\participantes.php(53): CodeIgniter\Database\BaseBuilder->insert([...])
 3 APPPATH\Controllers\Home.php(133): App\Models\Participantes->PagoEvento([...], [...])
 4 SYSTEMPATH\CodeIgniter.php(942): App\Controllers\Home->PagoEvento()
 5 SYSTEMPATH\CodeIgniter.php(502): CodeIgniter\CodeIgniter->runController(Object(App\Controllers\Home))
 6 SYSTEMPATH\CodeIgniter.php(361): CodeIgniter\CodeIgniter->handleRequest(null, Object(Config\Cache), false)
 7 FCPATH\index.php(79): CodeIgniter\CodeIgniter->run()
ERROR - 2023-12-20 14:41:45 --> mysqli_sql_exception: Column 'IdSocio' cannot be null in D:\Programas Instalados\XAMP-php-7-4\htdocs\public_html_CarreraDeLasHortensiasBueno\system\Database\MySQLi\Connection.php:306
Stack trace:
#0 D:\Programas Instalados\XAMP-php-7-4\htdocs\public_html_CarreraDeLasHortensiasBueno\system\Database\MySQLi\Connection.php(306): mysqli->query('INSERT INTO `so...', 0)
#1 D:\Programas Instalados\XAMP-php-7-4\htdocs\public_html_CarreraDeLasHortensiasBueno\system\Database\BaseConnection.php(693): CodeIgniter\Database\MySQLi\Connection->execute('INSERT INTO `so...')
#2 D:\Programas Instalados\XAMP-php-7-4\htdocs\public_html_CarreraDeLasHortensiasBueno\system\Database\BaseConnection.php(607): CodeIgniter\Database\BaseConnection->simpleQuery('INSERT INTO `so...')
#3 D:\Programas Instalados\XAMP-php-7-4\htdocs\public_html_CarreraDeLasHortensiasBueno\system\Database\BaseBuilder.php(2308): CodeIgniter\Database\BaseConnection->query('INSERT INTO `so...', Array, false)
#4 D:\Programas Instalados\XAMP-php-7-4\htdocs\public_html_CarreraDeLasHortensiasBueno\app\Models\participantes.php(53): CodeIgniter\Database\BaseBuilder->insert(Array)
#5 D:\Programas Instalados\XAMP-php-7-4\htdocs\public_html_CarreraDeLasHortensiasBueno\app\Controllers\Home.php(133): App\Models\Participantes->PagoEvento(Array, Array)
#6 D:\Programas Instalados\XAMP-php-7-4\htdocs\public_html_CarreraDeLasHortensiasBueno\system\CodeIgniter.php(942): App\Controllers\Home->PagoEvento()
#7 D:\Programas Instalados\XAMP-php-7-4\htdocs\public_html_CarreraDeLasHortensiasBueno\system\CodeIgniter.php(502): CodeIgniter\CodeIgniter->runController(Object(App\Controllers\Home))
#8 D:\Programas Instalados\XAMP-php-7-4\htdocs\public_html_CarreraDeLasHortensiasBueno\system\CodeIgniter.php(361): CodeIgniter\CodeIgniter->handleRequest(NULL, Object(Config\Cache), false)
#9 D:\Programas Instalados\XAMP-php-7-4\htdocs\public_html_CarreraDeLasHortensiasBueno\index.php(79): CodeIgniter\CodeIgniter->run()
#10 {main}
CRITICAL - 2023-12-20 14:41:45 --> Column 'IdSocio' cannot be null
in SYSTEMPATH\Database\BaseConnection.php on line 647.
 1 SYSTEMPATH\Database\BaseBuilder.php(2308): CodeIgniter\Database\BaseConnection->query('INSERT INTO `socioseventos` (`IdSocio`, `IdEvento`) VALUES (:IdSocio:, :IdEvento:)', [...], false)
 2 APPPATH\Models\participantes.php(53): CodeIgniter\Database\BaseBuilder->insert([...])
 3 APPPATH\Controllers\Home.php(133): App\Models\Participantes->PagoEvento([...], [...])
 4 SYSTEMPATH\CodeIgniter.php(942): App\Controllers\Home->PagoEvento()
 5 SYSTEMPATH\CodeIgniter.php(502): CodeIgniter\CodeIgniter->runController(Object(App\Controllers\Home))
 6 SYSTEMPATH\CodeIgniter.php(361): CodeIgniter\CodeIgniter->handleRequest(null, Object(Config\Cache), false)
 7 FCPATH\index.php(79): CodeIgniter\CodeIgniter->run()
ERROR - 2023-12-20 14:46:44 --> mysqli_sql_exception: Column 'IdSocio' cannot be null in D:\Programas Instalados\XAMP-php-7-4\htdocs\public_html_CarreraDeLasHortensiasBueno\system\Database\MySQLi\Connection.php:306
Stack trace:
#0 D:\Programas Instalados\XAMP-php-7-4\htdocs\public_html_CarreraDeLasHortensiasBueno\system\Database\MySQLi\Connection.php(306): mysqli->query('INSERT INTO `so...', 0)
#1 D:\Programas Instalados\XAMP-php-7-4\htdocs\public_html_CarreraDeLasHortensiasBueno\system\Database\BaseConnection.php(693): CodeIgniter\Database\MySQLi\Connection->execute('INSERT INTO `so...')
#2 D:\Programas Instalados\XAMP-php-7-4\htdocs\public_html_CarreraDeLasHortensiasBueno\system\Database\BaseConnection.php(607): CodeIgniter\Database\BaseConnection->simpleQuery('INSERT INTO `so...')
#3 D:\Programas Instalados\XAMP-php-7-4\htdocs\public_html_CarreraDeLasHortensiasBueno\system\Database\BaseBuilder.php(2308): CodeIgniter\Database\BaseConnection->query('INSERT INTO `so...', Array, false)
#4 D:\Programas Instalados\XAMP-php-7-4\htdocs\public_html_CarreraDeLasHortensiasBueno\app\Models\participantes.php(53): CodeIgniter\Database\BaseBuilder->insert(Array)
#5 D:\Programas Instalados\XAMP-php-7-4\htdocs\public_html_CarreraDeLasHortensiasBueno\app\Controllers\Home.php(133): App\Models\Participantes->PagoEvento(Array, Array)
#6 D:\Programas Instalados\XAMP-php-7-4\htdocs\public_html_CarreraDeLasHortensiasBueno\system\CodeIgniter.php(942): App\Controllers\Home->PagoEvento()
#7 D:\Programas Instalados\XAMP-php-7-4\htdocs\public_html_CarreraDeLasHortensiasBueno\system\CodeIgniter.php(502): CodeIgniter\CodeIgniter->runController(Object(App\Controllers\Home))
#8 D:\Programas Instalados\XAMP-php-7-4\htdocs\public_html_CarreraDeLasHortensiasBueno\system\CodeIgniter.php(361): CodeIgniter\CodeIgniter->handleRequest(NULL, Object(Config\Cache), false)
#9 D:\Programas Instalados\XAMP-php-7-4\htdocs\public_html_CarreraDeLasHortensiasBueno\index.php(79): CodeIgniter\CodeIgniter->run()
#10 {main}
CRITICAL - 2023-12-20 14:46:44 --> Column 'IdSocio' cannot be null
in SYSTEMPATH\Database\BaseConnection.php on line 647.
 1 SYSTEMPATH\Database\BaseBuilder.php(2308): CodeIgniter\Database\BaseConnection->query('INSERT INTO `socioseventos` (`IdSocio`, `IdEvento`) VALUES (:IdSocio:, :IdEvento:)', [...], false)
 2 APPPATH\Models\participantes.php(53): CodeIgniter\Database\BaseBuilder->insert([...])
 3 APPPATH\Controllers\Home.php(133): App\Models\Participantes->PagoEvento([...], [...])
 4 SYSTEMPATH\CodeIgniter.php(942): App\Controllers\Home->PagoEvento()
 5 SYSTEMPATH\CodeIgniter.php(502): CodeIgniter\CodeIgniter->runController(Object(App\Controllers\Home))
 6 SYSTEMPATH\CodeIgniter.php(361): CodeIgniter\CodeIgniter->handleRequest(null, Object(Config\Cache), false)
 7 FCPATH\index.php(79): CodeIgniter\CodeIgniter->run()
