ERROR - 2024-02-14 14:11:19 --> mysqli_sql_exception: You have an error in your SQL syntax; check the manual that corresponds to your MariaDB server version for the right syntax to use near '' at line 1 in D:\Programas Instalados\XAMP-php-7-4\htdocs\hortensias_12Feb\system\Database\MySQLi\Connection.php:306
Stack trace:
#0 D:\Programas Instalados\XAMP-php-7-4\htdocs\hortensias_12Feb\system\Database\MySQLi\Connection.php(306): mysqli->query('SELECT * FROM p...', 0)
#1 D:\Programas Instalados\XAMP-php-7-4\htdocs\hortensias_12Feb\system\Database\BaseConnection.php(693): CodeIgniter\Database\MySQLi\Connection->execute('SELECT * FROM p...')
#2 D:\Programas Instalados\XAMP-php-7-4\htdocs\hortensias_12Feb\system\Database\BaseConnection.php(607): CodeIgniter\Database\BaseConnection->simpleQuery('SELECT * FROM p...')
#3 D:\Programas Instalados\XAMP-php-7-4\htdocs\hortensias_12Feb\app\Models\participantes.php(207): CodeIgniter\Database\BaseConnection->query('SELECT * FROM p...')
#4 D:\Programas Instalados\XAMP-php-7-4\htdocs\hortensias_12Feb\app\Controllers\Home.php(337): App\Models\Participantes->informacioPago(NULL)
#5 D:\Programas Instalados\XAMP-php-7-4\htdocs\hortensias_12Feb\system\CodeIgniter.php(942): App\Controllers\Home->mandarCorreo()
#6 D:\Programas Instalados\XAMP-php-7-4\htdocs\hortensias_12Feb\system\CodeIgniter.php(502): CodeIgniter\CodeIgniter->runController(Object(App\Controllers\Home))
#7 D:\Programas Instalados\XAMP-php-7-4\htdocs\hortensias_12Feb\system\CodeIgniter.php(361): CodeIgniter\CodeIgniter->handleRequest(NULL, Object(Config\Cache), false)
#8 D:\Programas Instalados\XAMP-php-7-4\htdocs\hortensias_12Feb\index.php(79): CodeIgniter\CodeIgniter->run()
#9 {main}
CRITICAL - 2024-02-14 14:11:19 --> You have an error in your SQL syntax; check the manual that corresponds to your MariaDB server version for the right syntax to use near '' at line 1
in SYSTEMPATH\Database\BaseConnection.php on line 647.
 1 APPPATH\Models\participantes.php(207): CodeIgniter\Database\BaseConnection->query('SELECT * FROM pasarelapagos WHERE IdCliente = ;')
 2 APPPATH\Controllers\Home.php(337): App\Models\Participantes->informacioPago(null)
 3 SYSTEMPATH\CodeIgniter.php(942): App\Controllers\Home->mandarCorreo()
 4 SYSTEMPATH\CodeIgniter.php(502): CodeIgniter\CodeIgniter->runController(Object(App\Controllers\Home))
 5 SYSTEMPATH\CodeIgniter.php(361): CodeIgniter\CodeIgniter->handleRequest(null, Object(Config\Cache), false)
 6 FCPATH\index.php(79): CodeIgniter\CodeIgniter->run()
