ERROR - 2024-02-12 11:16:42 --> mysqli_sql_exception: Column 'GymId' cannot be null in D:\Programas Instalados\XAMP-php-7-4\htdocs\hortensias_12Feb\system\Database\MySQLi\Connection.php:306
Stack trace:
#0 D:\Programas Instalados\XAMP-php-7-4\htdocs\hortensias_12Feb\system\Database\MySQLi\Connection.php(306): mysqli->query('INSERT INTO `pa...', 0)
#1 D:\Programas Instalados\XAMP-php-7-4\htdocs\hortensias_12Feb\system\Database\BaseConnection.php(693): CodeIgniter\Database\MySQLi\Connection->execute('INSERT INTO `pa...')
#2 D:\Programas Instalados\XAMP-php-7-4\htdocs\hortensias_12Feb\system\Database\BaseConnection.php(607): CodeIgniter\Database\BaseConnection->simpleQuery('INSERT INTO `pa...')
#3 D:\Programas Instalados\XAMP-php-7-4\htdocs\hortensias_12Feb\system\Database\BaseBuilder.php(2308): CodeIgniter\Database\BaseConnection->query('INSERT INTO `pa...', Array, false)
#4 D:\Programas Instalados\XAMP-php-7-4\htdocs\hortensias_12Feb\app\Models\participantes.php(64): CodeIgniter\Database\BaseBuilder->insert(Array)
#5 D:\Programas Instalados\XAMP-php-7-4\htdocs\hortensias_12Feb\app\Controllers\Home.php(158): App\Models\Participantes->PagoEvento(Array, Array)
#6 D:\Programas Instalados\XAMP-php-7-4\htdocs\hortensias_12Feb\system\CodeIgniter.php(942): App\Controllers\Home->PagoEvento()
#7 D:\Programas Instalados\XAMP-php-7-4\htdocs\hortensias_12Feb\system\CodeIgniter.php(502): CodeIgniter\CodeIgniter->runController(Object(App\Controllers\Home))
#8 D:\Programas Instalados\XAMP-php-7-4\htdocs\hortensias_12Feb\system\CodeIgniter.php(361): CodeIgniter\CodeIgniter->handleRequest(NULL, Object(Config\Cache), false)
#9 D:\Programas Instalados\XAMP-php-7-4\htdocs\hortensias_12Feb\index.php(79): CodeIgniter\CodeIgniter->run()
#10 {main}
CRITICAL - 2024-02-12 11:44:56 --> Too few arguments to function App\Models\Participantes::socioInformacion(), 1 passed in D:\Programas Instalados\XAMP-php-7-4\htdocs\hortensias_12Feb\app\Controllers\Home.php on line 183 and exactly 2 expected
in APPPATH\Models\participantes.php on line 71.
 1 APPPATH\Controllers\Home.php(183): App\Models\Participantes->socioInformacion('2163')
 2 SYSTEMPATH\CodeIgniter.php(942): App\Controllers\Home->socioInformacion()
 3 SYSTEMPATH\CodeIgniter.php(502): CodeIgniter\CodeIgniter->runController(Object(App\Controllers\Home))
 4 SYSTEMPATH\CodeIgniter.php(361): CodeIgniter\CodeIgniter->handleRequest(null, Object(Config\Cache), false)
 5 FCPATH\index.php(79): CodeIgniter\CodeIgniter->run()
CRITICAL - 2024-02-12 11:45:29 --> Too few arguments to function App\Models\Participantes::socioInformacion(), 1 passed in D:\Programas Instalados\XAMP-php-7-4\htdocs\hortensias_12Feb\app\Controllers\Home.php on line 183 and exactly 2 expected
in APPPATH\Models\participantes.php on line 71.
 1 APPPATH\Controllers\Home.php(183): App\Models\Participantes->socioInformacion('2163')
 2 SYSTEMPATH\CodeIgniter.php(942): App\Controllers\Home->socioInformacion()
 3 SYSTEMPATH\CodeIgniter.php(502): CodeIgniter\CodeIgniter->runController(Object(App\Controllers\Home))
 4 SYSTEMPATH\CodeIgniter.php(361): CodeIgniter\CodeIgniter->handleRequest(null, Object(Config\Cache), false)
 5 FCPATH\index.php(79): CodeIgniter\CodeIgniter->run()
CRITICAL - 2024-02-12 12:13:35 --> Too few arguments to function App\Models\Participantes::socioInformacion(), 1 passed in D:\Programas Instalados\XAMP-php-7-4\htdocs\hortensias_12Feb\app\Controllers\Home.php on line 183 and exactly 2 expected
in APPPATH\Models\participantes.php on line 71.
 1 APPPATH\Controllers\Home.php(183): App\Models\Participantes->socioInformacion('2163')
 2 SYSTEMPATH\CodeIgniter.php(942): App\Controllers\Home->socioInformacion()
 3 SYSTEMPATH\CodeIgniter.php(502): CodeIgniter\CodeIgniter->runController(Object(App\Controllers\Home))
 4 SYSTEMPATH\CodeIgniter.php(361): CodeIgniter\CodeIgniter->handleRequest(null, Object(Config\Cache), false)
 5 FCPATH\index.php(79): CodeIgniter\CodeIgniter->run()
