ERROR - 2025-03-31 13:46:20 --> Error connecting to the database: mysqli_sql_exception: Unknown database 'amifit' in D:\Programas Instalados\XAMPP\htdocs\HortensiasActualizado\system\Database\MySQLi\Connection.php:184
Stack trace:
#0 D:\Programas Instalados\XAMPP\htdocs\HortensiasActualizado\system\Database\MySQLi\Connection.php(184): mysqli->real_connect('localhost', 'root', Object(SensitiveParameterValue), 'amifit', NULL, '', 0)
#1 D:\Programas Instalados\XAMPP\htdocs\HortensiasActualizado\system\Database\BaseConnection.php(392): CodeIgniter\Database\MySQLi\Connection->connect(false)
#2 D:\Programas Instalados\XAMPP\htdocs\HortensiasActualizado\system\Database\BaseConnection.php(575): CodeIgniter\Database\BaseConnection->initialize()
#3 D:\Programas Instalados\XAMPP\htdocs\HortensiasActualizado\system\Database\BaseBuilder.php(1615): CodeIgniter\Database\BaseConnection->query('SELECT *\nFROM `...', Array, false)
#4 D:\Programas Instalados\XAMPP\htdocs\HortensiasActualizado\app\Models\participantes.php(44): CodeIgniter\Database\BaseBuilder->get()
#5 D:\Programas Instalados\XAMPP\htdocs\HortensiasActualizado\app\Controllers\Home.php(591): App\Models\Participantes->validarKeyfob('ggggfgg')
#6 D:\Programas Instalados\XAMPP\htdocs\HortensiasActualizado\system\CodeIgniter.php(942): App\Controllers\Home->validarKeyfobVariable()
#7 D:\Programas Instalados\XAMPP\htdocs\HortensiasActualizado\system\CodeIgniter.php(502): CodeIgniter\CodeIgniter->runController(Object(App\Controllers\Home))
#8 D:\Programas Instalados\XAMPP\htdocs\HortensiasActualizado\system\CodeIgniter.php(361): CodeIgniter\CodeIgniter->handleRequest(NULL, Object(Config\Cache), false)
#9 D:\Programas Instalados\XAMPP\htdocs\HortensiasActualizado\index.php(79): CodeIgniter\CodeIgniter->run()
#10 {main}

Next CodeIgniter\Database\Exceptions\DatabaseException: Unknown database 'amifit' in D:\Programas Instalados\XAMPP\htdocs\HortensiasActualizado\system\Database\MySQLi\Connection.php:229
Stack trace:
#0 D:\Programas Instalados\XAMPP\htdocs\HortensiasActualizado\system\Database\BaseConnection.php(392): CodeIgniter\Database\MySQLi\Connection->connect(false)
#1 D:\Programas Instalados\XAMPP\htdocs\HortensiasActualizado\system\Database\BaseConnection.php(575): CodeIgniter\Database\BaseConnection->initialize()
#2 D:\Programas Instalados\XAMPP\htdocs\HortensiasActualizado\system\Database\BaseBuilder.php(1615): CodeIgniter\Database\BaseConnection->query('SELECT *\nFROM `...', Array, false)
#3 D:\Programas Instalados\XAMPP\htdocs\HortensiasActualizado\app\Models\participantes.php(44): CodeIgniter\Database\BaseBuilder->get()
#4 D:\Programas Instalados\XAMPP\htdocs\HortensiasActualizado\app\Controllers\Home.php(591): App\Models\Participantes->validarKeyfob('ggggfgg')
#5 D:\Programas Instalados\XAMPP\htdocs\HortensiasActualizado\system\CodeIgniter.php(942): App\Controllers\Home->validarKeyfobVariable()
#6 D:\Programas Instalados\XAMPP\htdocs\HortensiasActualizado\system\CodeIgniter.php(502): CodeIgniter\CodeIgniter->runController(Object(App\Controllers\Home))
#7 D:\Programas Instalados\XAMPP\htdocs\HortensiasActualizado\system\CodeIgniter.php(361): CodeIgniter\CodeIgniter->handleRequest(NULL, Object(Config\Cache), false)
#8 D:\Programas Instalados\XAMPP\htdocs\HortensiasActualizado\index.php(79): CodeIgniter\CodeIgniter->run()
#9 {main}
CRITICAL - 2025-03-31 13:46:20 --> Unable to connect to the database.
Main connection [MySQLi]: Unknown database 'amifit'
in SYSTEMPATH\Database\BaseConnection.php on line 428.
 1 SYSTEMPATH\Database\BaseConnection.php(575): CodeIgniter\Database\BaseConnection->initialize()
 2 SYSTEMPATH\Database\BaseBuilder.php(1615): CodeIgniter\Database\BaseConnection->query('SELECT *
FROM `Clientes`
WHERE `KeyFob` = :KeyFob:', [...], false)
 3 APPPATH\Models\participantes.php(44): CodeIgniter\Database\BaseBuilder->get()
 4 APPPATH\Controllers\Home.php(591): App\Models\Participantes->validarKeyfob('ggggfgg')
 5 SYSTEMPATH\CodeIgniter.php(942): App\Controllers\Home->validarKeyfobVariable()
 6 SYSTEMPATH\CodeIgniter.php(502): CodeIgniter\CodeIgniter->runController(Object(App\Controllers\Home))
 7 SYSTEMPATH\CodeIgniter.php(361): CodeIgniter\CodeIgniter->handleRequest(null, Object(Config\Cache), false)
 8 FCPATH\index.php(79): CodeIgniter\CodeIgniter->run()
ERROR - 2025-03-31 13:46:33 --> Error connecting to the database: mysqli_sql_exception: Unknown database 'amifit' in D:\Programas Instalados\XAMPP\htdocs\HortensiasActualizado\system\Database\MySQLi\Connection.php:184
Stack trace:
#0 D:\Programas Instalados\XAMPP\htdocs\HortensiasActualizado\system\Database\MySQLi\Connection.php(184): mysqli->real_connect('localhost', 'root', Object(SensitiveParameterValue), 'amifit', NULL, '', 0)
#1 D:\Programas Instalados\XAMPP\htdocs\HortensiasActualizado\system\Database\BaseConnection.php(392): CodeIgniter\Database\MySQLi\Connection->connect(false)
#2 D:\Programas Instalados\XAMPP\htdocs\HortensiasActualizado\system\Database\BaseConnection.php(575): CodeIgniter\Database\BaseConnection->initialize()
#3 D:\Programas Instalados\XAMPP\htdocs\HortensiasActualizado\system\Database\BaseBuilder.php(1615): CodeIgniter\Database\BaseConnection->query('SELECT *\nFROM `...', Array, false)
#4 D:\Programas Instalados\XAMPP\htdocs\HortensiasActualizado\app\Models\participantes.php(44): CodeIgniter\Database\BaseBuilder->get()
#5 D:\Programas Instalados\XAMPP\htdocs\HortensiasActualizado\app\Controllers\Home.php(591): App\Models\Participantes->validarKeyfob('ggggfgg')
#6 D:\Programas Instalados\XAMPP\htdocs\HortensiasActualizado\system\CodeIgniter.php(942): App\Controllers\Home->validarKeyfobVariable()
#7 D:\Programas Instalados\XAMPP\htdocs\HortensiasActualizado\system\CodeIgniter.php(502): CodeIgniter\CodeIgniter->runController(Object(App\Controllers\Home))
#8 D:\Programas Instalados\XAMPP\htdocs\HortensiasActualizado\system\CodeIgniter.php(361): CodeIgniter\CodeIgniter->handleRequest(NULL, Object(Config\Cache), false)
#9 D:\Programas Instalados\XAMPP\htdocs\HortensiasActualizado\index.php(79): CodeIgniter\CodeIgniter->run()
#10 {main}

Next CodeIgniter\Database\Exceptions\DatabaseException: Unknown database 'amifit' in D:\Programas Instalados\XAMPP\htdocs\HortensiasActualizado\system\Database\MySQLi\Connection.php:229
Stack trace:
#0 D:\Programas Instalados\XAMPP\htdocs\HortensiasActualizado\system\Database\BaseConnection.php(392): CodeIgniter\Database\MySQLi\Connection->connect(false)
#1 D:\Programas Instalados\XAMPP\htdocs\HortensiasActualizado\system\Database\BaseConnection.php(575): CodeIgniter\Database\BaseConnection->initialize()
#2 D:\Programas Instalados\XAMPP\htdocs\HortensiasActualizado\system\Database\BaseBuilder.php(1615): CodeIgniter\Database\BaseConnection->query('SELECT *\nFROM `...', Array, false)
#3 D:\Programas Instalados\XAMPP\htdocs\HortensiasActualizado\app\Models\participantes.php(44): CodeIgniter\Database\BaseBuilder->get()
#4 D:\Programas Instalados\XAMPP\htdocs\HortensiasActualizado\app\Controllers\Home.php(591): App\Models\Participantes->validarKeyfob('ggggfgg')
#5 D:\Programas Instalados\XAMPP\htdocs\HortensiasActualizado\system\CodeIgniter.php(942): App\Controllers\Home->validarKeyfobVariable()
#6 D:\Programas Instalados\XAMPP\htdocs\HortensiasActualizado\system\CodeIgniter.php(502): CodeIgniter\CodeIgniter->runController(Object(App\Controllers\Home))
#7 D:\Programas Instalados\XAMPP\htdocs\HortensiasActualizado\system\CodeIgniter.php(361): CodeIgniter\CodeIgniter->handleRequest(NULL, Object(Config\Cache), false)
#8 D:\Programas Instalados\XAMPP\htdocs\HortensiasActualizado\index.php(79): CodeIgniter\CodeIgniter->run()
#9 {main}
CRITICAL - 2025-03-31 13:46:33 --> Unable to connect to the database.
Main connection [MySQLi]: Unknown database 'amifit'
in SYSTEMPATH\Database\BaseConnection.php on line 428.
 1 SYSTEMPATH\Database\BaseConnection.php(575): CodeIgniter\Database\BaseConnection->initialize()
 2 SYSTEMPATH\Database\BaseBuilder.php(1615): CodeIgniter\Database\BaseConnection->query('SELECT *
FROM `Clientes`
WHERE `KeyFob` = :KeyFob:', [...], false)
 3 APPPATH\Models\participantes.php(44): CodeIgniter\Database\BaseBuilder->get()
 4 APPPATH\Controllers\Home.php(591): App\Models\Participantes->validarKeyfob('ggggfgg')
 5 SYSTEMPATH\CodeIgniter.php(942): App\Controllers\Home->validarKeyfobVariable()
 6 SYSTEMPATH\CodeIgniter.php(502): CodeIgniter\CodeIgniter->runController(Object(App\Controllers\Home))
 7 SYSTEMPATH\CodeIgniter.php(361): CodeIgniter\CodeIgniter->handleRequest(null, Object(Config\Cache), false)
 8 FCPATH\index.php(79): CodeIgniter\CodeIgniter->run()
ERROR - 2025-03-31 13:46:37 --> Error connecting to the database: mysqli_sql_exception: Unknown database 'amifit' in D:\Programas Instalados\XAMPP\htdocs\HortensiasActualizado\system\Database\MySQLi\Connection.php:184
Stack trace:
#0 D:\Programas Instalados\XAMPP\htdocs\HortensiasActualizado\system\Database\MySQLi\Connection.php(184): mysqli->real_connect('localhost', 'root', Object(SensitiveParameterValue), 'amifit', NULL, '', 0)
#1 D:\Programas Instalados\XAMPP\htdocs\HortensiasActualizado\system\Database\BaseConnection.php(392): CodeIgniter\Database\MySQLi\Connection->connect(false)
#2 D:\Programas Instalados\XAMPP\htdocs\HortensiasActualizado\system\Database\BaseConnection.php(575): CodeIgniter\Database\BaseConnection->initialize()
#3 D:\Programas Instalados\XAMPP\htdocs\HortensiasActualizado\system\Database\BaseBuilder.php(1615): CodeIgniter\Database\BaseConnection->query('SELECT *\nFROM `...', Array, false)
#4 D:\Programas Instalados\XAMPP\htdocs\HortensiasActualizado\app\Models\participantes.php(44): CodeIgniter\Database\BaseBuilder->get()
#5 D:\Programas Instalados\XAMPP\htdocs\HortensiasActualizado\app\Controllers\Home.php(591): App\Models\Participantes->validarKeyfob('ggggfgg')
#6 D:\Programas Instalados\XAMPP\htdocs\HortensiasActualizado\system\CodeIgniter.php(942): App\Controllers\Home->validarKeyfobVariable()
#7 D:\Programas Instalados\XAMPP\htdocs\HortensiasActualizado\system\CodeIgniter.php(502): CodeIgniter\CodeIgniter->runController(Object(App\Controllers\Home))
#8 D:\Programas Instalados\XAMPP\htdocs\HortensiasActualizado\system\CodeIgniter.php(361): CodeIgniter\CodeIgniter->handleRequest(NULL, Object(Config\Cache), false)
#9 D:\Programas Instalados\XAMPP\htdocs\HortensiasActualizado\index.php(79): CodeIgniter\CodeIgniter->run()
#10 {main}

Next CodeIgniter\Database\Exceptions\DatabaseException: Unknown database 'amifit' in D:\Programas Instalados\XAMPP\htdocs\HortensiasActualizado\system\Database\MySQLi\Connection.php:229
Stack trace:
#0 D:\Programas Instalados\XAMPP\htdocs\HortensiasActualizado\system\Database\BaseConnection.php(392): CodeIgniter\Database\MySQLi\Connection->connect(false)
#1 D:\Programas Instalados\XAMPP\htdocs\HortensiasActualizado\system\Database\BaseConnection.php(575): CodeIgniter\Database\BaseConnection->initialize()
#2 D:\Programas Instalados\XAMPP\htdocs\HortensiasActualizado\system\Database\BaseBuilder.php(1615): CodeIgniter\Database\BaseConnection->query('SELECT *\nFROM `...', Array, false)
#3 D:\Programas Instalados\XAMPP\htdocs\HortensiasActualizado\app\Models\participantes.php(44): CodeIgniter\Database\BaseBuilder->get()
#4 D:\Programas Instalados\XAMPP\htdocs\HortensiasActualizado\app\Controllers\Home.php(591): App\Models\Participantes->validarKeyfob('ggggfgg')
#5 D:\Programas Instalados\XAMPP\htdocs\HortensiasActualizado\system\CodeIgniter.php(942): App\Controllers\Home->validarKeyfobVariable()
#6 D:\Programas Instalados\XAMPP\htdocs\HortensiasActualizado\system\CodeIgniter.php(502): CodeIgniter\CodeIgniter->runController(Object(App\Controllers\Home))
#7 D:\Programas Instalados\XAMPP\htdocs\HortensiasActualizado\system\CodeIgniter.php(361): CodeIgniter\CodeIgniter->handleRequest(NULL, Object(Config\Cache), false)
#8 D:\Programas Instalados\XAMPP\htdocs\HortensiasActualizado\index.php(79): CodeIgniter\CodeIgniter->run()
#9 {main}
CRITICAL - 2025-03-31 13:46:37 --> Unable to connect to the database.
Main connection [MySQLi]: Unknown database 'amifit'
in SYSTEMPATH\Database\BaseConnection.php on line 428.
 1 SYSTEMPATH\Database\BaseConnection.php(575): CodeIgniter\Database\BaseConnection->initialize()
 2 SYSTEMPATH\Database\BaseBuilder.php(1615): CodeIgniter\Database\BaseConnection->query('SELECT *
FROM `Clientes`
WHERE `KeyFob` = :KeyFob:', [...], false)
 3 APPPATH\Models\participantes.php(44): CodeIgniter\Database\BaseBuilder->get()
 4 APPPATH\Controllers\Home.php(591): App\Models\Participantes->validarKeyfob('ggggfgg')
 5 SYSTEMPATH\CodeIgniter.php(942): App\Controllers\Home->validarKeyfobVariable()
 6 SYSTEMPATH\CodeIgniter.php(502): CodeIgniter\CodeIgniter->runController(Object(App\Controllers\Home))
 7 SYSTEMPATH\CodeIgniter.php(361): CodeIgniter\CodeIgniter->handleRequest(null, Object(Config\Cache), false)
 8 FCPATH\index.php(79): CodeIgniter\CodeIgniter->run()
