ERROR - 2024-09-04 10:34:30 --> Error connecting to the database: mysqli_sql_exception: No se puede establecer una conexión ya que el equipo de destino denegó expresamente dicha conexión.
 in D:\Programas Instalados\XAMP-php-7-4\htdocs\HortensiasActualizado\system\Database\MySQLi\Connection.php:185
Stack trace:
#0 D:\Programas Instalados\XAMP-php-7-4\htdocs\HortensiasActualizado\system\Database\MySQLi\Connection.php(185): mysqli->real_connect('localhost', 'root', '', 'hortensias', NULL, '', 0)
#1 D:\Programas Instalados\XAMP-php-7-4\htdocs\HortensiasActualizado\system\Database\BaseConnection.php(392): CodeIgniter\Database\MySQLi\Connection->connect(false)
#2 D:\Programas Instalados\XAMP-php-7-4\htdocs\HortensiasActualizado\system\Database\BaseConnection.php(575): CodeIgniter\Database\BaseConnection->initialize()
#3 D:\Programas Instalados\XAMP-php-7-4\htdocs\HortensiasActualizado\system\Database\BaseBuilder.php(1615): CodeIgniter\Database\BaseConnection->query('SELECT `Status`...', Array, false)
#4 D:\Programas Instalados\XAMP-php-7-4\htdocs\HortensiasActualizado\app\Models\participantes.php(30): CodeIgniter\Database\BaseBuilder->get()
#5 D:\Programas Instalados\XAMP-php-7-4\htdocs\HortensiasActualizado\app\Controllers\Home.php(51): App\Models\Participantes->consultarModulos('Cupones')
#6 D:\Programas Instalados\XAMP-php-7-4\htdocs\HortensiasActualizado\system\CodeIgniter.php(942): App\Controllers\Home->moduloCupones()
#7 D:\Programas Instalados\XAMP-php-7-4\htdocs\HortensiasActualizado\system\CodeIgniter.php(502): CodeIgniter\CodeIgniter->runController(Object(App\Controllers\Home))
#8 D:\Programas Instalados\XAMP-php-7-4\htdocs\HortensiasActualizado\system\CodeIgniter.php(361): CodeIgniter\CodeIgniter->handleRequest(NULL, Object(Config\Cache), false)
#9 D:\Programas Instalados\XAMP-php-7-4\htdocs\HortensiasActualizado\index.php(79): CodeIgniter\CodeIgniter->run()
#10 {main}

Next CodeIgniter\Database\Exceptions\DatabaseException: No se puede establecer una conexión ya que el equipo de destino denegó expresamente dicha conexión.
 in D:\Programas Instalados\XAMP-php-7-4\htdocs\HortensiasActualizado\system\Database\MySQLi\Connection.php:229
Stack trace:
#0 D:\Programas Instalados\XAMP-php-7-4\htdocs\HortensiasActualizado\system\Database\BaseConnection.php(392): CodeIgniter\Database\MySQLi\Connection->connect(false)
#1 D:\Programas Instalados\XAMP-php-7-4\htdocs\HortensiasActualizado\system\Database\BaseConnection.php(575): CodeIgniter\Database\BaseConnection->initialize()
#2 D:\Programas Instalados\XAMP-php-7-4\htdocs\HortensiasActualizado\system\Database\BaseBuilder.php(1615): CodeIgniter\Database\BaseConnection->query('SELECT `Status`...', Array, false)
#3 D:\Programas Instalados\XAMP-php-7-4\htdocs\HortensiasActualizado\app\Models\participantes.php(30): CodeIgniter\Database\BaseBuilder->get()
#4 D:\Programas Instalados\XAMP-php-7-4\htdocs\HortensiasActualizado\app\Controllers\Home.php(51): App\Models\Participantes->consultarModulos('Cupones')
#5 D:\Programas Instalados\XAMP-php-7-4\htdocs\HortensiasActualizado\system\CodeIgniter.php(942): App\Controllers\Home->moduloCupones()
#6 D:\Programas Instalados\XAMP-php-7-4\htdocs\HortensiasActualizado\system\CodeIgniter.php(502): CodeIgniter\CodeIgniter->runController(Object(App\Controllers\Home))
#7 D:\Programas Instalados\XAMP-php-7-4\htdocs\HortensiasActualizado\system\CodeIgniter.php(361): CodeIgniter\CodeIgniter->handleRequest(NULL, Object(Config\Cache), false)
#8 D:\Programas Instalados\XAMP-php-7-4\htdocs\HortensiasActualizado\index.php(79): CodeIgniter\CodeIgniter->run()
#9 {main}
ERROR - 2024-09-04 10:34:30 --> Error connecting to the database: mysqli_sql_exception: No se puede establecer una conexión ya que el equipo de destino denegó expresamente dicha conexión.
 in D:\Programas Instalados\XAMP-php-7-4\htdocs\HortensiasActualizado\system\Database\MySQLi\Connection.php:185
Stack trace:
#0 D:\Programas Instalados\XAMP-php-7-4\htdocs\HortensiasActualizado\system\Database\MySQLi\Connection.php(185): mysqli->real_connect('localhost', 'root', '', 'hortensias', NULL, '', 0)
#1 D:\Programas Instalados\XAMP-php-7-4\htdocs\HortensiasActualizado\system\Database\BaseConnection.php(392): CodeIgniter\Database\MySQLi\Connection->connect(false)
#2 D:\Programas Instalados\XAMP-php-7-4\htdocs\HortensiasActualizado\system\Database\BaseConnection.php(575): CodeIgniter\Database\BaseConnection->initialize()
#3 D:\Programas Instalados\XAMP-php-7-4\htdocs\HortensiasActualizado\system\Database\BaseBuilder.php(1615): CodeIgniter\Database\BaseConnection->query('SELECT `Status`...', Array, false)
#4 D:\Programas Instalados\XAMP-php-7-4\htdocs\HortensiasActualizado\app\Models\participantes.php(30): CodeIgniter\Database\BaseBuilder->get()
#5 D:\Programas Instalados\XAMP-php-7-4\htdocs\HortensiasActualizado\app\Controllers\Home.php(79): App\Models\Participantes->consultarModulos('PaseDoble')
#6 D:\Programas Instalados\XAMP-php-7-4\htdocs\HortensiasActualizado\system\CodeIgniter.php(942): App\Controllers\Home->moduloPaseDoble()
#7 D:\Programas Instalados\XAMP-php-7-4\htdocs\HortensiasActualizado\system\CodeIgniter.php(502): CodeIgniter\CodeIgniter->runController(Object(App\Controllers\Home))
#8 D:\Programas Instalados\XAMP-php-7-4\htdocs\HortensiasActualizado\system\CodeIgniter.php(361): CodeIgniter\CodeIgniter->handleRequest(NULL, Object(Config\Cache), false)
#9 D:\Programas Instalados\XAMP-php-7-4\htdocs\HortensiasActualizado\index.php(79): CodeIgniter\CodeIgniter->run()
#10 {main}

Next CodeIgniter\Database\Exceptions\DatabaseException: No se puede establecer una conexión ya que el equipo de destino denegó expresamente dicha conexión.
 in D:\Programas Instalados\XAMP-php-7-4\htdocs\HortensiasActualizado\system\Database\MySQLi\Connection.php:229
Stack trace:
#0 D:\Programas Instalados\XAMP-php-7-4\htdocs\HortensiasActualizado\system\Database\BaseConnection.php(392): CodeIgniter\Database\MySQLi\Connection->connect(false)
#1 D:\Programas Instalados\XAMP-php-7-4\htdocs\HortensiasActualizado\system\Database\BaseConnection.php(575): CodeIgniter\Database\BaseConnection->initialize()
#2 D:\Programas Instalados\XAMP-php-7-4\htdocs\HortensiasActualizado\system\Database\BaseBuilder.php(1615): CodeIgniter\Database\BaseConnection->query('SELECT `Status`...', Array, false)
#3 D:\Programas Instalados\XAMP-php-7-4\htdocs\HortensiasActualizado\app\Models\participantes.php(30): CodeIgniter\Database\BaseBuilder->get()
#4 D:\Programas Instalados\XAMP-php-7-4\htdocs\HortensiasActualizado\app\Controllers\Home.php(79): App\Models\Participantes->consultarModulos('PaseDoble')
#5 D:\Programas Instalados\XAMP-php-7-4\htdocs\HortensiasActualizado\system\CodeIgniter.php(942): App\Controllers\Home->moduloPaseDoble()
#6 D:\Programas Instalados\XAMP-php-7-4\htdocs\HortensiasActualizado\system\CodeIgniter.php(502): CodeIgniter\CodeIgniter->runController(Object(App\Controllers\Home))
#7 D:\Programas Instalados\XAMP-php-7-4\htdocs\HortensiasActualizado\system\CodeIgniter.php(361): CodeIgniter\CodeIgniter->handleRequest(NULL, Object(Config\Cache), false)
#8 D:\Programas Instalados\XAMP-php-7-4\htdocs\HortensiasActualizado\index.php(79): CodeIgniter\CodeIgniter->run()
#9 {main}
ERROR - 2024-09-04 10:34:30 --> Error connecting to the database: mysqli_sql_exception: No se puede establecer una conexión ya que el equipo de destino denegó expresamente dicha conexión.
 in D:\Programas Instalados\XAMP-php-7-4\htdocs\HortensiasActualizado\system\Database\MySQLi\Connection.php:185
Stack trace:
#0 D:\Programas Instalados\XAMP-php-7-4\htdocs\HortensiasActualizado\system\Database\MySQLi\Connection.php(185): mysqli->real_connect('localhost', 'root', '', 'hortensias', NULL, '', 0)
#1 D:\Programas Instalados\XAMP-php-7-4\htdocs\HortensiasActualizado\system\Database\BaseConnection.php(392): CodeIgniter\Database\MySQLi\Connection->connect(false)
#2 D:\Programas Instalados\XAMP-php-7-4\htdocs\HortensiasActualizado\system\Database\BaseConnection.php(575): CodeIgniter\Database\BaseConnection->initialize()
#3 D:\Programas Instalados\XAMP-php-7-4\htdocs\HortensiasActualizado\system\Database\BaseBuilder.php(1615): CodeIgniter\Database\BaseConnection->query('SELECT `Status`...', Array, false)
#4 D:\Programas Instalados\XAMP-php-7-4\htdocs\HortensiasActualizado\app\Models\participantes.php(30): CodeIgniter\Database\BaseBuilder->get()
#5 D:\Programas Instalados\XAMP-php-7-4\htdocs\HortensiasActualizado\app\Controllers\Home.php(65): App\Models\Participantes->consultarModulos('Registro')
#6 D:\Programas Instalados\XAMP-php-7-4\htdocs\HortensiasActualizado\system\CodeIgniter.php(942): App\Controllers\Home->verificarRegistro()
#7 D:\Programas Instalados\XAMP-php-7-4\htdocs\HortensiasActualizado\system\CodeIgniter.php(502): CodeIgniter\CodeIgniter->runController(Object(App\Controllers\Home))
#8 D:\Programas Instalados\XAMP-php-7-4\htdocs\HortensiasActualizado\system\CodeIgniter.php(361): CodeIgniter\CodeIgniter->handleRequest(NULL, Object(Config\Cache), false)
#9 D:\Programas Instalados\XAMP-php-7-4\htdocs\HortensiasActualizado\index.php(79): CodeIgniter\CodeIgniter->run()
#10 {main}

Next CodeIgniter\Database\Exceptions\DatabaseException: No se puede establecer una conexión ya que el equipo de destino denegó expresamente dicha conexión.
 in D:\Programas Instalados\XAMP-php-7-4\htdocs\HortensiasActualizado\system\Database\MySQLi\Connection.php:229
Stack trace:
#0 D:\Programas Instalados\XAMP-php-7-4\htdocs\HortensiasActualizado\system\Database\BaseConnection.php(392): CodeIgniter\Database\MySQLi\Connection->connect(false)
#1 D:\Programas Instalados\XAMP-php-7-4\htdocs\HortensiasActualizado\system\Database\BaseConnection.php(575): CodeIgniter\Database\BaseConnection->initialize()
#2 D:\Programas Instalados\XAMP-php-7-4\htdocs\HortensiasActualizado\system\Database\BaseBuilder.php(1615): CodeIgniter\Database\BaseConnection->query('SELECT `Status`...', Array, false)
#3 D:\Programas Instalados\XAMP-php-7-4\htdocs\HortensiasActualizado\app\Models\participantes.php(30): CodeIgniter\Database\BaseBuilder->get()
#4 D:\Programas Instalados\XAMP-php-7-4\htdocs\HortensiasActualizado\app\Controllers\Home.php(65): App\Models\Participantes->consultarModulos('Registro')
#5 D:\Programas Instalados\XAMP-php-7-4\htdocs\HortensiasActualizado\system\CodeIgniter.php(942): App\Controllers\Home->verificarRegistro()
#6 D:\Programas Instalados\XAMP-php-7-4\htdocs\HortensiasActualizado\system\CodeIgniter.php(502): CodeIgniter\CodeIgniter->runController(Object(App\Controllers\Home))
#7 D:\Programas Instalados\XAMP-php-7-4\htdocs\HortensiasActualizado\system\CodeIgniter.php(361): CodeIgniter\CodeIgniter->handleRequest(NULL, Object(Config\Cache), false)
#8 D:\Programas Instalados\XAMP-php-7-4\htdocs\HortensiasActualizado\index.php(79): CodeIgniter\CodeIgniter->run()
#9 {main}
CRITICAL - 2024-09-04 10:34:30 --> Unable to connect to the database.
Main connection [MySQLi]: No se puede establecer una conexión ya que el equipo de destino denegó expresamente dicha conexión.

in SYSTEMPATH\Database\BaseConnection.php on line 428.
 1 SYSTEMPATH\Database\BaseConnection.php(575): CodeIgniter\Database\BaseConnection->initialize()
 2 SYSTEMPATH\Database\BaseBuilder.php(1615): CodeIgniter\Database\BaseConnection->query('SELECT `Status`
FROM `modulos`
WHERE `Modulo` = :Modulo:', [...], false)
 3 APPPATH\Models\participantes.php(30): CodeIgniter\Database\BaseBuilder->get()
 4 APPPATH\Controllers\Home.php(65): App\Models\Participantes->consultarModulos('Registro')
 5 SYSTEMPATH\CodeIgniter.php(942): App\Controllers\Home->verificarRegistro()
 6 SYSTEMPATH\CodeIgniter.php(502): CodeIgniter\CodeIgniter->runController(Object(App\Controllers\Home))
 7 SYSTEMPATH\CodeIgniter.php(361): CodeIgniter\CodeIgniter->handleRequest(null, Object(Config\Cache), false)
 8 FCPATH\index.php(79): CodeIgniter\CodeIgniter->run()
CRITICAL - 2024-09-04 10:34:30 --> Unable to connect to the database.
Main connection [MySQLi]: No se puede establecer una conexión ya que el equipo de destino denegó expresamente dicha conexión.

in SYSTEMPATH\Database\BaseConnection.php on line 428.
 1 SYSTEMPATH\Database\BaseConnection.php(575): CodeIgniter\Database\BaseConnection->initialize()
 2 SYSTEMPATH\Database\BaseBuilder.php(1615): CodeIgniter\Database\BaseConnection->query('SELECT `Status`
FROM `modulos`
WHERE `Modulo` = :Modulo:', [...], false)
 3 APPPATH\Models\participantes.php(30): CodeIgniter\Database\BaseBuilder->get()
 4 APPPATH\Controllers\Home.php(79): App\Models\Participantes->consultarModulos('PaseDoble')
 5 SYSTEMPATH\CodeIgniter.php(942): App\Controllers\Home->moduloPaseDoble()
 6 SYSTEMPATH\CodeIgniter.php(502): CodeIgniter\CodeIgniter->runController(Object(App\Controllers\Home))
 7 SYSTEMPATH\CodeIgniter.php(361): CodeIgniter\CodeIgniter->handleRequest(null, Object(Config\Cache), false)
 8 FCPATH\index.php(79): CodeIgniter\CodeIgniter->run()
CRITICAL - 2024-09-04 10:34:30 --> Unable to connect to the database.
Main connection [MySQLi]: No se puede establecer una conexión ya que el equipo de destino denegó expresamente dicha conexión.

in SYSTEMPATH\Database\BaseConnection.php on line 428.
 1 SYSTEMPATH\Database\BaseConnection.php(575): CodeIgniter\Database\BaseConnection->initialize()
 2 SYSTEMPATH\Database\BaseBuilder.php(1615): CodeIgniter\Database\BaseConnection->query('SELECT `Status`
FROM `modulos`
WHERE `Modulo` = :Modulo:', [...], false)
 3 APPPATH\Models\participantes.php(30): CodeIgniter\Database\BaseBuilder->get()
 4 APPPATH\Controllers\Home.php(51): App\Models\Participantes->consultarModulos('Cupones')
 5 SYSTEMPATH\CodeIgniter.php(942): App\Controllers\Home->moduloCupones()
 6 SYSTEMPATH\CodeIgniter.php(502): CodeIgniter\CodeIgniter->runController(Object(App\Controllers\Home))
 7 SYSTEMPATH\CodeIgniter.php(361): CodeIgniter\CodeIgniter->handleRequest(null, Object(Config\Cache), false)
 8 FCPATH\index.php(79): CodeIgniter\CodeIgniter->run()
