ERROR - 2024-01-16 11:39:46 --> mysqli_sql_exception: You have an error in your SQL syntax; check the manual that corresponds to your MariaDB server version for the right syntax to use near '' at line 1 in /home/u269039761/domains/carreradelashortensias.com/public_html/system/Database/MySQLi/Connection.php:306
Stack trace:
#0 /home/u269039761/domains/carreradelashortensias.com/public_html/system/Database/MySQLi/Connection.php(306): mysqli->query('SELECT * FROM p...', 0)
#1 /home/u269039761/domains/carreradelashortensias.com/public_html/system/Database/BaseConnection.php(693): CodeIgniter\Database\MySQLi\Connection->execute('SELECT * FROM p...')
#2 /home/u269039761/domains/carreradelashortensias.com/public_html/system/Database/BaseConnection.php(607): CodeIgniter\Database\BaseConnection->simpleQuery('SELECT * FROM p...')
#3 /home/u269039761/domains/carreradelashortensias.com/public_html/app/Models/participantes.php(129): CodeIgniter\Database\BaseConnection->query('SELECT * FROM p...')
#4 /home/u269039761/domains/carreradelashortensias.com/public_html/app/Controllers/Home.php(225): App\Models\Participantes->informacioPago(NULL)
#5 /home/u269039761/domains/carreradelashortensias.com/public_html/system/CodeIgniter.php(942): App\Controllers\Home->mandarCorreo()
#6 /home/u269039761/domains/carreradelashortensias.com/public_html/system/CodeIgniter.php(502): CodeIgniter\CodeIgniter->runController(Object(App\Controllers\Home))
#7 /home/u269039761/domains/carreradelashortensias.com/public_html/system/CodeIgniter.php(361): CodeIgniter\CodeIgniter->handleRequest(NULL, Object(Config\Cache), false)
#8 /home/u269039761/domains/carreradelashortensias.com/public_html/index.php(79): CodeIgniter\CodeIgniter->run()
#9 {main}
CRITICAL - 2024-01-16 11:39:46 --> Call to a member function getResult() on bool
in APPPATH/Models/participantes.php on line 130.
 1 APPPATH/Controllers/Home.php(225): App\Models\Participantes->informacioPago(null)
 2 SYSTEMPATH/CodeIgniter.php(942): App\Controllers\Home->mandarCorreo()
 3 SYSTEMPATH/CodeIgniter.php(502): CodeIgniter\CodeIgniter->runController(Object(App\Controllers\Home))
 4 SYSTEMPATH/CodeIgniter.php(361): CodeIgniter\CodeIgniter->handleRequest(null, Object(Config\Cache), false)
 5 FCPATH/index.php(79): CodeIgniter\CodeIgniter->run()
CRITICAL - 2024-01-16 16:02:01 --> Call to undefined function App\Controllers\json_endoe()
in APPPATH/Controllers/Home.php on line 360.
 1 APPPATH/Controllers/Webhook.php(175): App\Controllers\Home->actualizarPago([...], 'pi_3OYrvKBX9sCWY09W0cSm1zNG')
 2 SYSTEMPATH/CodeIgniter.php(942): App\Controllers\Webhook->index()
 3 SYSTEMPATH/CodeIgniter.php(502): CodeIgniter\CodeIgniter->runController(Object(App\Controllers\Webhook))
 4 SYSTEMPATH/CodeIgniter.php(361): CodeIgniter\CodeIgniter->handleRequest(null, Object(Config\Cache), false)
 5 FCPATH/index.php(79): CodeIgniter\CodeIgniter->run()
