CRITICAL - 2023-12-15 16:43:22 --> Too few arguments to function App\Controllers\PayPal::proccess(), 0 passed in D:\Programas Instalados\XAMP-php-7-4\htdocs\public_html_CarreraDeLasHortensiasBueno\system\CodeIgniter.php on line 942 and exactly 1 expected
in APPPATH\Controllers\PayPal.php on line 9.
 1 SYSTEMPATH\CodeIgniter.php(942): App\Controllers\PayPal->proccess()
 2 SYSTEMPATH\CodeIgniter.php(502): CodeIgniter\CodeIgniter->runController(Object(App\Controllers\PayPal))
 3 SYSTEMPATH\CodeIgniter.php(361): CodeIgniter\CodeIgniter->handleRequest(null, Object(Config\Cache), false)
 4 FCPATH\index.php(79): CodeIgniter\CodeIgniter->run()
CRITICAL - 2023-12-15 16:48:32 --> cURL error 6: Could not resolve host: v2 (see https://curl.haxx.se/libcurl/c/libcurl-errors.html)
in FCPATH\vendor\guzzlehttp\guzzle\src\Handler\CurlFactory.php on line 207.
 1 FCPATH\vendor\guzzlehttp\guzzle\src\Handler\CurlFactory.php(162): GuzzleHttp\Handler\CurlFactory::createRejection(Object(GuzzleHttp\Handler\EasyHandle), [...])
 2 FCPATH\vendor\guzzlehttp\guzzle\src\Handler\CurlFactory.php(109): GuzzleHttp\Handler\CurlFactory::finishError(Object(GuzzleHttp\Handler\CurlHandler), Object(GuzzleHttp\Handler\EasyHandle), Object(GuzzleHttp\Handler\CurlFactory))
 3 FCPATH\vendor\guzzlehttp\guzzle\src\Handler\CurlHandler.php(45): GuzzleHttp\Handler\CurlFactory::finish(Object(GuzzleHttp\Handler\CurlHandler), Object(GuzzleHttp\Handler\EasyHandle), Object(GuzzleHttp\Handler\CurlFactory))
 4 FCPATH\vendor\guzzlehttp\guzzle\src\Handler\Proxy.php(30): GuzzleHttp\Handler\CurlHandler->__invoke(Object(GuzzleHttp\Psr7\Request), [...])
 5 FCPATH\vendor\guzzlehttp\guzzle\src\Handler\Proxy.php(53): GuzzleHttp\Handler\Proxy::GuzzleHttp\Handler\{closure}(Object(GuzzleHttp\Psr7\Request), [...])
 6 FCPATH\vendor\guzzlehttp\guzzle\src\PrepareBodyMiddleware.php(33): GuzzleHttp\Handler\Proxy::GuzzleHttp\Handler\{closure}(Object(GuzzleHttp\Psr7\Request), [...])
 7 FCPATH\vendor\guzzlehttp\guzzle\src\Middleware.php(30): GuzzleHttp\PrepareBodyMiddleware->__invoke(Object(GuzzleHttp\Psr7\Request), [...])
 8 FCPATH\vendor\guzzlehttp\guzzle\src\RedirectMiddleware.php(69): GuzzleHttp\Middleware::GuzzleHttp\{closure}(Object(GuzzleHttp\Psr7\Request), [...])
 9 FCPATH\vendor\guzzlehttp\guzzle\src\Middleware.php(60): GuzzleHttp\RedirectMiddleware->__invoke(Object(GuzzleHttp\Psr7\Request), [...])
10 FCPATH\vendor\guzzlehttp\guzzle\src\HandlerStack.php(73): GuzzleHttp\Middleware::GuzzleHttp\{closure}(Object(GuzzleHttp\Psr7\Request), [...])
11 FCPATH\vendor\guzzlehttp\guzzle\src\Client.php(323): GuzzleHttp\HandlerStack->__invoke(Object(GuzzleHttp\Psr7\Request), [...])
12 FCPATH\vendor\guzzlehttp\guzzle\src\Client.php(162): GuzzleHttp\Client->transfer(Object(GuzzleHttp\Psr7\Request), [...])
13 FCPATH\vendor\guzzlehttp\guzzle\src\Client.php(181): GuzzleHttp\Client->requestAsync('GET', Object(GuzzleHttp\Psr7\Uri), [...])
14 APPPATH\Controllers\PayPal.php(22): GuzzleHttp\Client->request('GET', 'v2/checkout/orders/2XX74616ET096400Y', [...])
15 SYSTEMPATH\CodeIgniter.php(942): App\Controllers\PayPal->proccess()
16 SYSTEMPATH\CodeIgniter.php(502): CodeIgniter\CodeIgniter->runController(Object(App\Controllers\PayPal))
17 SYSTEMPATH\CodeIgniter.php(361): CodeIgniter\CodeIgniter->handleRequest(null, Object(Config\Cache), false)
18 FCPATH\index.php(79): CodeIgniter\CodeIgniter->run()
CRITICAL - 2023-12-15 16:48:50 --> Trying to access array offset on value of type null
in APPPATH\Controllers\PayPal.php on line 13.
 1 APPPATH\Controllers\PayPal.php(13): CodeIgniter\Debug\Exceptions->errorHandler(8, 'Trying to access array offset on value of type null', 'D:\\Programas Instalados\\XAMP-php-7-4\\htdocs\\public_html_CarreraDeLasHortensiasBueno\\app\\Controllers\\PayPal.php', 13, [...])
 2 SYSTEMPATH\CodeIgniter.php(942): App\Controllers\PayPal->proccess()
 3 SYSTEMPATH\CodeIgniter.php(502): CodeIgniter\CodeIgniter->runController(Object(App\Controllers\PayPal))
 4 SYSTEMPATH\CodeIgniter.php(361): CodeIgniter\CodeIgniter->handleRequest(null, Object(Config\Cache), false)
 5 FCPATH\index.php(79): CodeIgniter\CodeIgniter->run()
CRITICAL - 2023-12-15 16:52:00 --> cURL error 6: Could not resolve host: v2 (see https://curl.haxx.se/libcurl/c/libcurl-errors.html)
in FCPATH\vendor\guzzlehttp\guzzle\src\Handler\CurlFactory.php on line 207.
 1 FCPATH\vendor\guzzlehttp\guzzle\src\Handler\CurlFactory.php(162): GuzzleHttp\Handler\CurlFactory::createRejection(Object(GuzzleHttp\Handler\EasyHandle), [...])
 2 FCPATH\vendor\guzzlehttp\guzzle\src\Handler\CurlFactory.php(109): GuzzleHttp\Handler\CurlFactory::finishError(Object(GuzzleHttp\Handler\CurlHandler), Object(GuzzleHttp\Handler\EasyHandle), Object(GuzzleHttp\Handler\CurlFactory))
 3 FCPATH\vendor\guzzlehttp\guzzle\src\Handler\CurlHandler.php(45): GuzzleHttp\Handler\CurlFactory::finish(Object(GuzzleHttp\Handler\CurlHandler), Object(GuzzleHttp\Handler\EasyHandle), Object(GuzzleHttp\Handler\CurlFactory))
 4 FCPATH\vendor\guzzlehttp\guzzle\src\Handler\Proxy.php(30): GuzzleHttp\Handler\CurlHandler->__invoke(Object(GuzzleHttp\Psr7\Request), [...])
 5 FCPATH\vendor\guzzlehttp\guzzle\src\Handler\Proxy.php(53): GuzzleHttp\Handler\Proxy::GuzzleHttp\Handler\{closure}(Object(GuzzleHttp\Psr7\Request), [...])
 6 FCPATH\vendor\guzzlehttp\guzzle\src\PrepareBodyMiddleware.php(33): GuzzleHttp\Handler\Proxy::GuzzleHttp\Handler\{closure}(Object(GuzzleHttp\Psr7\Request), [...])
 7 FCPATH\vendor\guzzlehttp\guzzle\src\Middleware.php(30): GuzzleHttp\PrepareBodyMiddleware->__invoke(Object(GuzzleHttp\Psr7\Request), [...])
 8 FCPATH\vendor\guzzlehttp\guzzle\src\RedirectMiddleware.php(69): GuzzleHttp\Middleware::GuzzleHttp\{closure}(Object(GuzzleHttp\Psr7\Request), [...])
 9 FCPATH\vendor\guzzlehttp\guzzle\src\Middleware.php(60): GuzzleHttp\RedirectMiddleware->__invoke(Object(GuzzleHttp\Psr7\Request), [...])
10 FCPATH\vendor\guzzlehttp\guzzle\src\HandlerStack.php(73): GuzzleHttp\Middleware::GuzzleHttp\{closure}(Object(GuzzleHttp\Psr7\Request), [...])
11 FCPATH\vendor\guzzlehttp\guzzle\src\Client.php(323): GuzzleHttp\HandlerStack->__invoke(Object(GuzzleHttp\Psr7\Request), [...])
12 FCPATH\vendor\guzzlehttp\guzzle\src\Client.php(162): GuzzleHttp\Client->transfer(Object(GuzzleHttp\Psr7\Request), [...])
13 FCPATH\vendor\guzzlehttp\guzzle\src\Client.php(181): GuzzleHttp\Client->requestAsync('GET', Object(GuzzleHttp\Psr7\Uri), [...])
14 APPPATH\Controllers\PayPal.php(22): GuzzleHttp\Client->request('GET', 'v2/checkout/orders/4BL7952394390003H', [...])
15 SYSTEMPATH\CodeIgniter.php(942): App\Controllers\PayPal->proccess()
16 SYSTEMPATH\CodeIgniter.php(502): CodeIgniter\CodeIgniter->runController(Object(App\Controllers\PayPal))
17 SYSTEMPATH\CodeIgniter.php(361): CodeIgniter\CodeIgniter->handleRequest(null, Object(Config\Cache), false)
18 FCPATH\index.php(79): CodeIgniter\CodeIgniter->run()
CRITICAL - 2023-12-15 16:52:13 --> Trying to access array offset on value of type null
in APPPATH\Controllers\PayPal.php on line 13.
 1 APPPATH\Controllers\PayPal.php(13): CodeIgniter\Debug\Exceptions->errorHandler(8, 'Trying to access array offset on value of type null', 'D:\\Programas Instalados\\XAMP-php-7-4\\htdocs\\public_html_CarreraDeLasHortensiasBueno\\app\\Controllers\\PayPal.php', 13, [...])
 2 SYSTEMPATH\CodeIgniter.php(942): App\Controllers\PayPal->proccess()
 3 SYSTEMPATH\CodeIgniter.php(502): CodeIgniter\CodeIgniter->runController(Object(App\Controllers\PayPal))
 4 SYSTEMPATH\CodeIgniter.php(361): CodeIgniter\CodeIgniter->handleRequest(null, Object(Config\Cache), false)
 5 FCPATH\index.php(79): CodeIgniter\CodeIgniter->run()
CRITICAL - 2023-12-15 16:56:36 --> cURL error 6: Could not resolve host: v2 (see https://curl.haxx.se/libcurl/c/libcurl-errors.html)
in FCPATH\vendor\guzzlehttp\guzzle\src\Handler\CurlFactory.php on line 207.
 1 FCPATH\vendor\guzzlehttp\guzzle\src\Handler\CurlFactory.php(162): GuzzleHttp\Handler\CurlFactory::createRejection(Object(GuzzleHttp\Handler\EasyHandle), [...])
 2 FCPATH\vendor\guzzlehttp\guzzle\src\Handler\CurlFactory.php(109): GuzzleHttp\Handler\CurlFactory::finishError(Object(GuzzleHttp\Handler\CurlHandler), Object(GuzzleHttp\Handler\EasyHandle), Object(GuzzleHttp\Handler\CurlFactory))
 3 FCPATH\vendor\guzzlehttp\guzzle\src\Handler\CurlHandler.php(45): GuzzleHttp\Handler\CurlFactory::finish(Object(GuzzleHttp\Handler\CurlHandler), Object(GuzzleHttp\Handler\EasyHandle), Object(GuzzleHttp\Handler\CurlFactory))
 4 FCPATH\vendor\guzzlehttp\guzzle\src\Handler\Proxy.php(30): GuzzleHttp\Handler\CurlHandler->__invoke(Object(GuzzleHttp\Psr7\Request), [...])
 5 FCPATH\vendor\guzzlehttp\guzzle\src\Handler\Proxy.php(53): GuzzleHttp\Handler\Proxy::GuzzleHttp\Handler\{closure}(Object(GuzzleHttp\Psr7\Request), [...])
 6 FCPATH\vendor\guzzlehttp\guzzle\src\PrepareBodyMiddleware.php(33): GuzzleHttp\Handler\Proxy::GuzzleHttp\Handler\{closure}(Object(GuzzleHttp\Psr7\Request), [...])
 7 FCPATH\vendor\guzzlehttp\guzzle\src\Middleware.php(30): GuzzleHttp\PrepareBodyMiddleware->__invoke(Object(GuzzleHttp\Psr7\Request), [...])
 8 FCPATH\vendor\guzzlehttp\guzzle\src\RedirectMiddleware.php(69): GuzzleHttp\Middleware::GuzzleHttp\{closure}(Object(GuzzleHttp\Psr7\Request), [...])
 9 FCPATH\vendor\guzzlehttp\guzzle\src\Middleware.php(60): GuzzleHttp\RedirectMiddleware->__invoke(Object(GuzzleHttp\Psr7\Request), [...])
10 FCPATH\vendor\guzzlehttp\guzzle\src\HandlerStack.php(73): GuzzleHttp\Middleware::GuzzleHttp\{closure}(Object(GuzzleHttp\Psr7\Request), [...])
11 FCPATH\vendor\guzzlehttp\guzzle\src\Client.php(323): GuzzleHttp\HandlerStack->__invoke(Object(GuzzleHttp\Psr7\Request), [...])
12 FCPATH\vendor\guzzlehttp\guzzle\src\Client.php(162): GuzzleHttp\Client->transfer(Object(GuzzleHttp\Psr7\Request), [...])
13 FCPATH\vendor\guzzlehttp\guzzle\src\Client.php(181): GuzzleHttp\Client->requestAsync('GET', Object(GuzzleHttp\Psr7\Uri), [...])
14 APPPATH\Controllers\PayPal.php(23): GuzzleHttp\Client->request('GET', 'v2/checkout/orders/3CT6549081394112W', [...])
15 SYSTEMPATH\CodeIgniter.php(942): App\Controllers\PayPal->proccess()
16 SYSTEMPATH\CodeIgniter.php(502): CodeIgniter\CodeIgniter->runController(Object(App\Controllers\PayPal))
17 SYSTEMPATH\CodeIgniter.php(361): CodeIgniter\CodeIgniter->handleRequest(null, Object(Config\Cache), false)
18 FCPATH\index.php(79): CodeIgniter\CodeIgniter->run()
CRITICAL - 2023-12-15 17:00:44 --> Undefined index: orderID
in APPPATH\Controllers\PayPal.php on line 14.
 1 APPPATH\Controllers\PayPal.php(14): CodeIgniter\Debug\Exceptions->errorHandler(8, 'Undefined index: orderID', 'D:\\Programas Instalados\\XAMP-php-7-4\\htdocs\\public_html_CarreraDeLasHortensiasBueno\\app\\Controllers\\PayPal.php', 14, [...])
 2 SYSTEMPATH\CodeIgniter.php(942): App\Controllers\PayPal->proccess()
 3 SYSTEMPATH\CodeIgniter.php(502): CodeIgniter\CodeIgniter->runController(Object(App\Controllers\PayPal))
 4 SYSTEMPATH\CodeIgniter.php(361): CodeIgniter\CodeIgniter->handleRequest(null, Object(Config\Cache), false)
 5 FCPATH\index.php(79): CodeIgniter\CodeIgniter->run()
CRITICAL - 2023-12-15 17:02:07 --> Too few arguments to function App\Controllers\PayPal::proccess(), 0 passed in D:\Programas Instalados\XAMP-php-7-4\htdocs\public_html_CarreraDeLasHortensiasBueno\system\CodeIgniter.php on line 942 and exactly 1 expected
in APPPATH\Controllers\PayPal.php on line 9.
 1 SYSTEMPATH\CodeIgniter.php(942): App\Controllers\PayPal->proccess()
 2 SYSTEMPATH\CodeIgniter.php(502): CodeIgniter\CodeIgniter->runController(Object(App\Controllers\PayPal))
 3 SYSTEMPATH\CodeIgniter.php(361): CodeIgniter\CodeIgniter->handleRequest(null, Object(Config\Cache), false)
 4 FCPATH\index.php(79): CodeIgniter\CodeIgniter->run()
CRITICAL - 2023-12-15 17:09:53 --> Too few arguments to function App\Controllers\PayPal::proccess(), 0 passed in D:\Programas Instalados\XAMP-php-7-4\htdocs\public_html_CarreraDeLasHortensiasBueno\system\CodeIgniter.php on line 942 and exactly 1 expected
in APPPATH\Controllers\PayPal.php on line 13.
 1 SYSTEMPATH\CodeIgniter.php(942): App\Controllers\PayPal->proccess()
 2 SYSTEMPATH\CodeIgniter.php(502): CodeIgniter\CodeIgniter->runController(Object(App\Controllers\PayPal))
 3 SYSTEMPATH\CodeIgniter.php(361): CodeIgniter\CodeIgniter->handleRequest(null, Object(Config\Cache), false)
 4 FCPATH\index.php(79): CodeIgniter\CodeIgniter->run()
ERROR - 2023-12-15 21:03:32 --> mysqli_sql_exception: Column 'Email' cannot be null in D:\Programas Instalados\XAMP-php-7-4\htdocs\public_html_CarreraDeLasHortensiasBueno\system\Database\MySQLi\Connection.php:306
Stack trace:
#0 D:\Programas Instalados\XAMP-php-7-4\htdocs\public_html_CarreraDeLasHortensiasBueno\system\Database\MySQLi\Connection.php(306): mysqli->query('INSERT INTO `pa...', 0)
#1 D:\Programas Instalados\XAMP-php-7-4\htdocs\public_html_CarreraDeLasHortensiasBueno\system\Database\BaseConnection.php(693): CodeIgniter\Database\MySQLi\Connection->execute('INSERT INTO `pa...')
#2 D:\Programas Instalados\XAMP-php-7-4\htdocs\public_html_CarreraDeLasHortensiasBueno\system\Database\BaseConnection.php(607): CodeIgniter\Database\BaseConnection->simpleQuery('INSERT INTO `pa...')
#3 D:\Programas Instalados\XAMP-php-7-4\htdocs\public_html_CarreraDeLasHortensiasBueno\system\Database\BaseBuilder.php(2308): CodeIgniter\Database\BaseConnection->query('INSERT INTO `pa...', Array, false)
#4 D:\Programas Instalados\XAMP-php-7-4\htdocs\public_html_CarreraDeLasHortensiasBueno\app\Models\participantes.php(56): CodeIgniter\Database\BaseBuilder->insert(Array)
#5 D:\Programas Instalados\XAMP-php-7-4\htdocs\public_html_CarreraDeLasHortensiasBueno\app\Controllers\Home.php(112): App\Models\Participantes->PagoEvento(Array, Array)
#6 D:\Programas Instalados\XAMP-php-7-4\htdocs\public_html_CarreraDeLasHortensiasBueno\system\CodeIgniter.php(942): App\Controllers\Home->PagoEvento()
#7 D:\Programas Instalados\XAMP-php-7-4\htdocs\public_html_CarreraDeLasHortensiasBueno\system\CodeIgniter.php(502): CodeIgniter\CodeIgniter->runController(Object(App\Controllers\Home))
#8 D:\Programas Instalados\XAMP-php-7-4\htdocs\public_html_CarreraDeLasHortensiasBueno\system\CodeIgniter.php(361): CodeIgniter\CodeIgniter->handleRequest(NULL, Object(Config\Cache), false)
#9 D:\Programas Instalados\XAMP-php-7-4\htdocs\public_html_CarreraDeLasHortensiasBueno\index.php(79): CodeIgniter\CodeIgniter->run()
#10 {main}
CRITICAL - 2023-12-15 21:03:32 --> Column 'Email' cannot be null
in SYSTEMPATH\Database\BaseConnection.php on line 647.
 1 SYSTEMPATH\Database\BaseBuilder.php(2308): CodeIgniter\Database\BaseConnection->query('INSERT INTO `pasarelapagos` (`Descripcion`, `Total`, `Nombre`, `TipoPago`, `IdPago`, `Email`, `Fecha`, `IdCliente`, `IdEvento`, `Status`, `IdOrden`) VALUES (:Descripcion:, :Total:, :Nombre:, :TipoPago:, :IdPago:, :Email:, :Fecha:, :IdCliente:, :IdEvento:, :Status:, :IdOrden:)', [...], false)
 2 APPPATH\Models\participantes.php(56): CodeIgniter\Database\BaseBuilder->insert([...])
 3 APPPATH\Controllers\Home.php(112): App\Models\Participantes->PagoEvento([...], [...])
 4 SYSTEMPATH\CodeIgniter.php(942): App\Controllers\Home->PagoEvento()
 5 SYSTEMPATH\CodeIgniter.php(502): CodeIgniter\CodeIgniter->runController(Object(App\Controllers\Home))
 6 SYSTEMPATH\CodeIgniter.php(361): CodeIgniter\CodeIgniter->handleRequest(null, Object(Config\Cache), false)
 7 FCPATH\index.php(79): CodeIgniter\CodeIgniter->run()
ERROR - 2023-12-15 21:03:48 --> mysqli_sql_exception: Column 'IdSocio' cannot be null in D:\Programas Instalados\XAMP-php-7-4\htdocs\public_html_CarreraDeLasHortensiasBueno\system\Database\MySQLi\Connection.php:306
Stack trace:
#0 D:\Programas Instalados\XAMP-php-7-4\htdocs\public_html_CarreraDeLasHortensiasBueno\system\Database\MySQLi\Connection.php(306): mysqli->query('INSERT INTO `so...', 0)
#1 D:\Programas Instalados\XAMP-php-7-4\htdocs\public_html_CarreraDeLasHortensiasBueno\system\Database\BaseConnection.php(693): CodeIgniter\Database\MySQLi\Connection->execute('INSERT INTO `so...')
#2 D:\Programas Instalados\XAMP-php-7-4\htdocs\public_html_CarreraDeLasHortensiasBueno\system\Database\BaseConnection.php(607): CodeIgniter\Database\BaseConnection->simpleQuery('INSERT INTO `so...')
#3 D:\Programas Instalados\XAMP-php-7-4\htdocs\public_html_CarreraDeLasHortensiasBueno\system\Database\BaseBuilder.php(2308): CodeIgniter\Database\BaseConnection->query('INSERT INTO `so...', Array, false)
#4 D:\Programas Instalados\XAMP-php-7-4\htdocs\public_html_CarreraDeLasHortensiasBueno\app\Models\participantes.php(53): CodeIgniter\Database\BaseBuilder->insert(Array)
#5 D:\Programas Instalados\XAMP-php-7-4\htdocs\public_html_CarreraDeLasHortensiasBueno\app\Controllers\Home.php(112): App\Models\Participantes->PagoEvento(Array, Array)
#6 D:\Programas Instalados\XAMP-php-7-4\htdocs\public_html_CarreraDeLasHortensiasBueno\system\CodeIgniter.php(942): App\Controllers\Home->PagoEvento()
#7 D:\Programas Instalados\XAMP-php-7-4\htdocs\public_html_CarreraDeLasHortensiasBueno\system\CodeIgniter.php(502): CodeIgniter\CodeIgniter->runController(Object(App\Controllers\Home))
#8 D:\Programas Instalados\XAMP-php-7-4\htdocs\public_html_CarreraDeLasHortensiasBueno\system\CodeIgniter.php(361): CodeIgniter\CodeIgniter->handleRequest(NULL, Object(Config\Cache), false)
#9 D:\Programas Instalados\XAMP-php-7-4\htdocs\public_html_CarreraDeLasHortensiasBueno\index.php(79): CodeIgniter\CodeIgniter->run()
#10 {main}
CRITICAL - 2023-12-15 21:03:48 --> Column 'IdSocio' cannot be null
in SYSTEMPATH\Database\BaseConnection.php on line 647.
 1 SYSTEMPATH\Database\BaseBuilder.php(2308): CodeIgniter\Database\BaseConnection->query('INSERT INTO `socioseventos` (`IdSocio`, `IdEvento`) VALUES (:IdSocio:, :IdEvento:)', [...], false)
 2 APPPATH\Models\participantes.php(53): CodeIgniter\Database\BaseBuilder->insert([...])
 3 APPPATH\Controllers\Home.php(112): App\Models\Participantes->PagoEvento([...], [...])
 4 SYSTEMPATH\CodeIgniter.php(942): App\Controllers\Home->PagoEvento()
 5 SYSTEMPATH\CodeIgniter.php(502): CodeIgniter\CodeIgniter->runController(Object(App\Controllers\Home))
 6 SYSTEMPATH\CodeIgniter.php(361): CodeIgniter\CodeIgniter->handleRequest(null, Object(Config\Cache), false)
 7 FCPATH\index.php(79): CodeIgniter\CodeIgniter->run()
CRITICAL - 2023-12-15 21:03:58 --> Undefined index: nombre
in APPPATH\Controllers\Home.php on line 130.
 1 APPPATH\Controllers\Home.php(130): CodeIgniter\Debug\Exceptions->errorHandler(8, 'Undefined index: nombre', 'D:\\Programas Instalados\\XAMP-php-7-4\\htdocs\\public_html_CarreraDeLasHortensiasBueno\\app\\Controllers\\Home.php', 130, [...])
 2 SYSTEMPATH\CodeIgniter.php(942): App\Controllers\Home->crearQR()
 3 SYSTEMPATH\CodeIgniter.php(502): CodeIgniter\CodeIgniter->runController(Object(App\Controllers\Home))
 4 SYSTEMPATH\CodeIgniter.php(361): CodeIgniter\CodeIgniter->handleRequest(null, Object(Config\Cache), false)
 5 FCPATH\index.php(79): CodeIgniter\CodeIgniter->run()
CRITICAL - 2023-12-15 21:04:49 --> Undefined index: nombre
in APPPATH\Controllers\Home.php on line 130.
 1 APPPATH\Controllers\Home.php(130): CodeIgniter\Debug\Exceptions->errorHandler(8, 'Undefined index: nombre', 'D:\\Programas Instalados\\XAMP-php-7-4\\htdocs\\public_html_CarreraDeLasHortensiasBueno\\app\\Controllers\\Home.php', 130, [...])
 2 SYSTEMPATH\CodeIgniter.php(942): App\Controllers\Home->crearQR()
 3 SYSTEMPATH\CodeIgniter.php(502): CodeIgniter\CodeIgniter->runController(Object(App\Controllers\Home))
 4 SYSTEMPATH\CodeIgniter.php(361): CodeIgniter\CodeIgniter->handleRequest(null, Object(Config\Cache), false)
 5 FCPATH\index.php(79): CodeIgniter\CodeIgniter->run()
