CRITICAL - 2025-04-01 11:34:02 --> Undefined variable $totalTime
in SYSTEMPATH\Debug\Toolbar\Views\toolbar.tpl.php on line 46.
 1 SYSTEMPATH\Debug\Toolbar\Views\toolbar.tpl.php(46): CodeIgniter\Debug\Exceptions->errorHandler(2, 'Undefined variable $totalTime', 'D:\\Programas Instalados\\XAMPP\\htdocs\\HortensiasActualizado\\system\\Debug\\Toolbar\\Views\\toolbar.tpl.php', 46)
 2 SYSTEMPATH\Debug\Toolbar.php(513): include('D:\\Programas Instalados\\XAMPP\\htdocs\\HortensiasActualizado\\system\\Debug\\Toolbar\\Views\\toolbar.tpl.php')
 3 SYSTEMPATH\Debug\Toolbar.php(476): CodeIgniter\Debug\Toolbar->format([...], 'html')
 4 APPPATH\Config\Events.php(47): CodeIgniter\Debug\Toolbar->respond()
 5 SYSTEMPATH\Events\Events.php(154): CodeIgniter\Events\Events::Config\{closure}()
 6 SYSTEMPATH\CodeIgniter.php(442): CodeIgniter\Events\Events::trigger('pre_system')
 7 SYSTEMPATH\CodeIgniter.php(361): CodeIgniter\CodeIgniter->handleRequest(null, Object(Config\Cache), false)
 8 FCPATH\index.php(79): CodeIgniter\CodeIgniter->run()
ERROR - 2025-04-01 11:47:24 --> mysqli_sql_exception: Column 'TipoPlayera' cannot be null in D:\Programas Instalados\XAMPP\htdocs\HortensiasActualizado\system\Database\MySQLi\Connection.php:306
Stack trace:
#0 D:\Programas Instalados\XAMPP\htdocs\HortensiasActualizado\system\Database\MySQLi\Connection.php(306): mysqli->query('INSERT INTO `pa...', 0)
#1 D:\Programas Instalados\XAMPP\htdocs\HortensiasActualizado\system\Database\BaseConnection.php(693): CodeIgniter\Database\MySQLi\Connection->execute('INSERT INTO `pa...')
#2 D:\Programas Instalados\XAMPP\htdocs\HortensiasActualizado\system\Database\BaseConnection.php(607): CodeIgniter\Database\BaseConnection->simpleQuery('INSERT INTO `pa...')
#3 D:\Programas Instalados\XAMPP\htdocs\HortensiasActualizado\system\Database\BaseBuilder.php(2308): CodeIgniter\Database\BaseConnection->query('INSERT INTO `pa...', Array, false)
#4 D:\Programas Instalados\XAMPP\htdocs\HortensiasActualizado\app\Models\participantes.php(152): CodeIgniter\Database\BaseBuilder->insert(Array)
#5 D:\Programas Instalados\XAMPP\htdocs\HortensiasActualizado\app\Controllers\Home.php(201): App\Models\Participantes->agregarParticipante(Array)
#6 D:\Programas Instalados\XAMPP\htdocs\HortensiasActualizado\system\CodeIgniter.php(942): App\Controllers\Home->agregarParticipante()
#7 D:\Programas Instalados\XAMPP\htdocs\HortensiasActualizado\system\CodeIgniter.php(502): CodeIgniter\CodeIgniter->runController(Object(App\Controllers\Home))
#8 D:\Programas Instalados\XAMPP\htdocs\HortensiasActualizado\system\CodeIgniter.php(361): CodeIgniter\CodeIgniter->handleRequest(NULL, Object(Config\Cache), false)
#9 D:\Programas Instalados\XAMPP\htdocs\HortensiasActualizado\index.php(79): CodeIgniter\CodeIgniter->run()
#10 {main}
CRITICAL - 2025-04-01 11:47:24 --> Column 'TipoPlayera' cannot be null
in SYSTEMPATH\Database\BaseConnection.php on line 647.
 1 SYSTEMPATH\Database\BaseBuilder.php(2308): CodeIgniter\Database\BaseConnection->query('INSERT INTO `participantes` (`Nombre`, `Correo`, `Sexo`, `Telefono`, `TipoPlayera`, `Categoria`, `Cupon`, `Keyfob`, `Edad`, `Fecha`, `TipoPago`) VALUES (:Nombre:, :Correo:, :Sexo:, :Telefono:, :TipoPlayera:, :Categoria:, :Cupon:, :Keyfob:, :Edad:, :Fecha:, :TipoPago:)', [...], false)
 2 APPPATH\Models\participantes.php(152): CodeIgniter\Database\BaseBuilder->insert([...])
 3 APPPATH\Controllers\Home.php(201): App\Models\Participantes->agregarParticipante([...])
 4 SYSTEMPATH\CodeIgniter.php(942): App\Controllers\Home->agregarParticipante()
 5 SYSTEMPATH\CodeIgniter.php(502): CodeIgniter\CodeIgniter->runController(Object(App\Controllers\Home))
 6 SYSTEMPATH\CodeIgniter.php(361): CodeIgniter\CodeIgniter->handleRequest(null, Object(Config\Cache), false)
 7 FCPATH\index.php(79): CodeIgniter\CodeIgniter->run()
