ERROR - 2025-04-16 15:22:23 --> mysqli_sql_exception: MySQL server has gone away in D:\Programas Instalados\XAMPP\htdocs\HortensiasActualizado\system\Database\MySQLi\Connection.php:306
Stack trace:
#0 D:\Programas Instalados\XAMPP\htdocs\HortensiasActualizado\system\Database\MySQLi\Connection.php(306): mysqli->query('INSERT INTO `pa...', 0)
#1 D:\Programas Instalados\XAMPP\htdocs\HortensiasActualizado\system\Database\BaseConnection.php(693): CodeIgniter\Database\MySQLi\Connection->execute('INSERT INTO `pa...')
#2 D:\Programas Instalados\XAMPP\htdocs\HortensiasActualizado\system\Database\BaseConnection.php(607): CodeIgniter\Database\BaseConnection->simpleQuery('INSERT INTO `pa...')
#3 D:\Programas Instalados\XAMPP\htdocs\HortensiasActualizado\system\Database\BaseBuilder.php(2308): CodeIgniter\Database\BaseConnection->query('INSERT INTO `pa...', Array, false)
#4 D:\Programas Instalados\XAMPP\htdocs\HortensiasActualizado\app\Models\participantes.php(152): CodeIgniter\Database\BaseBuilder->insert(Array)
#5 D:\Programas Instalados\XAMPP\htdocs\HortensiasActualizado\app\Controllers\Home.php(203): App\Models\Participantes->agregarParticipante(Array)
#6 D:\Programas Instalados\XAMPP\htdocs\HortensiasActualizado\system\CodeIgniter.php(942): App\Controllers\Home->agregarParticipante()
#7 D:\Programas Instalados\XAMPP\htdocs\HortensiasActualizado\system\CodeIgniter.php(502): CodeIgniter\CodeIgniter->runController(Object(App\Controllers\Home))
#8 D:\Programas Instalados\XAMPP\htdocs\HortensiasActualizado\system\CodeIgniter.php(361): CodeIgniter\CodeIgniter->handleRequest(NULL, Object(Config\Cache), false)
#9 D:\Programas Instalados\XAMPP\htdocs\HortensiasActualizado\index.php(79): CodeIgniter\CodeIgniter->run()
#10 {main}
CRITICAL - 2025-04-16 15:22:23 --> MySQL server has gone away
in SYSTEMPATH\Database\BaseConnection.php on line 647.
 1 SYSTEMPATH\Database\BaseBuilder.php(2308): CodeIgniter\Database\BaseConnection->query('INSERT INTO `participantes` (`Nombre`, `Correo`, `Sexo`, `Telefono`, `TipoPlayera`, `Categoria`, `Cupon`, `Keyfob`, `Edad`, `Fecha`, `TipoPago`) VALUES (:Nombre:, :Correo:, :Sexo:, :Telefono:, :TipoPlayera:, :Categoria:, :Cupon:, :Keyfob:, :Edad:, :Fecha:, :TipoPago:)', [...], false)
 2 APPPATH\Models\participantes.php(152): CodeIgniter\Database\BaseBuilder->insert([...])
 3 APPPATH\Controllers\Home.php(203): App\Models\Participantes->agregarParticipante([...])
 4 SYSTEMPATH\CodeIgniter.php(942): App\Controllers\Home->agregarParticipante()
 5 SYSTEMPATH\CodeIgniter.php(502): CodeIgniter\CodeIgniter->runController(Object(App\Controllers\Home))
 6 SYSTEMPATH\CodeIgniter.php(361): CodeIgniter\CodeIgniter->handleRequest(null, Object(Config\Cache), false)
 7 FCPATH\index.php(79): CodeIgniter\CodeIgniter->run()
