CRITICAL - 2023-12-18 15:58:14 --> Call to undefined method App\Models\Participantes::buscarCorreoUsuario
in SYSTEMPATH\Model.php on line 873.
 1 APPPATH\Controllers\Home.php(186): CodeIgniter\Model->__call('buscarCorreoUsuario', [...])
 2 SYSTEMPATH\CodeIgniter.php(942): App\Controllers\Home->ingresarUsuarioExistente()
 3 SYSTEMPATH\CodeIgniter.php(502): CodeIgniter\CodeIgniter->runController(Object(App\Controllers\Home))
 4 SYSTEMPATH\CodeIgniter.php(361): CodeIgniter\CodeIgniter->handleRequest(null, Object(Config\Cache), false)
 5 FCPATH\index.php(79): CodeIgniter\CodeIgniter->run()
CRITICAL - 2023-12-18 16:00:07 --> Call to undefined method App\Models\Participantes::buscarCorreoUsuario
in SYSTEMPATH\Model.php on line 873.
 1 APPPATH\Controllers\Home.php(186): CodeIgniter\Model->__call('buscarCorreoUsuario', [...])
 2 SYSTEMPATH\CodeIgniter.php(942): App\Controllers\Home->ingresarUsuarioExistente()
 3 SYSTEMPATH\CodeIgniter.php(502): CodeIgniter\CodeIgniter->runController(Object(App\Controllers\Home))
 4 SYSTEMPATH\CodeIgniter.php(361): CodeIgniter\CodeIgniter->handleRequest(null, Object(Config\Cache), false)
 5 FCPATH\index.php(79): CodeIgniter\CodeIgniter->run()
CRITICAL - 2023-12-18 16:00:36 --> Call to undefined method App\Models\Participantes::buscarCorreoUsuario
in SYSTEMPATH\Model.php on line 873.
 1 APPPATH\Controllers\Home.php(186): CodeIgniter\Model->__call('buscarCorreoUsuario', [...])
 2 SYSTEMPATH\CodeIgniter.php(942): App\Controllers\Home->ingresarUsuarioExistente()
 3 SYSTEMPATH\CodeIgniter.php(502): CodeIgniter\CodeIgniter->runController(Object(App\Controllers\Home))
 4 SYSTEMPATH\CodeIgniter.php(361): CodeIgniter\CodeIgniter->handleRequest(null, Object(Config\Cache), false)
 5 FCPATH\index.php(79): CodeIgniter\CodeIgniter->run()
ERROR - 2023-12-18 16:02:56 --> mysqli_sql_exception: You have an error in your SQL syntax; check the manual that corresponds to your MariaDB server version for the right syntax to use near '' at line 1 in D:\Programas Instalados\XAMP-php-7-4\htdocs\public_html_CarreraDeLasHortensiasBueno\system\Database\MySQLi\Connection.php:306
Stack trace:
#0 D:\Programas Instalados\XAMP-php-7-4\htdocs\public_html_CarreraDeLasHortensiasBueno\system\Database\MySQLi\Connection.php(306): mysqli->query('SELECT * FROM p...', 0)
#1 D:\Programas Instalados\XAMP-php-7-4\htdocs\public_html_CarreraDeLasHortensiasBueno\system\Database\BaseConnection.php(693): CodeIgniter\Database\MySQLi\Connection->execute('SELECT * FROM p...')
#2 D:\Programas Instalados\XAMP-php-7-4\htdocs\public_html_CarreraDeLasHortensiasBueno\system\Database\BaseConnection.php(607): CodeIgniter\Database\BaseConnection->simpleQuery('SELECT * FROM p...')
#3 D:\Programas Instalados\XAMP-php-7-4\htdocs\public_html_CarreraDeLasHortensiasBueno\app\Models\participantes.php(107): CodeIgniter\Database\BaseConnection->query('SELECT * FROM p...')
#4 D:\Programas Instalados\XAMP-php-7-4\htdocs\public_html_CarreraDeLasHortensiasBueno\app\Controllers\Home.php(186): App\Models\Participantes->buscarCorreoUsuario(NULL)
#5 D:\Programas Instalados\XAMP-php-7-4\htdocs\public_html_CarreraDeLasHortensiasBueno\system\CodeIgniter.php(942): App\Controllers\Home->ingresarUsuarioExistente()
#6 D:\Programas Instalados\XAMP-php-7-4\htdocs\public_html_CarreraDeLasHortensiasBueno\system\CodeIgniter.php(502): CodeIgniter\CodeIgniter->runController(Object(App\Controllers\Home))
#7 D:\Programas Instalados\XAMP-php-7-4\htdocs\public_html_CarreraDeLasHortensiasBueno\system\CodeIgniter.php(361): CodeIgniter\CodeIgniter->handleRequest(NULL, Object(Config\Cache), false)
#8 D:\Programas Instalados\XAMP-php-7-4\htdocs\public_html_CarreraDeLasHortensiasBueno\index.php(79): CodeIgniter\CodeIgniter->run()
#9 {main}
CRITICAL - 2023-12-18 16:02:56 --> You have an error in your SQL syntax; check the manual that corresponds to your MariaDB server version for the right syntax to use near '' at line 1
in SYSTEMPATH\Database\BaseConnection.php on line 647.
 1 APPPATH\Models\participantes.php(107): CodeIgniter\Database\BaseConnection->query('SELECT * FROM pasarelapagos WHERE IdCliente = ;')
 2 APPPATH\Controllers\Home.php(186): App\Models\Participantes->buscarCorreoUsuario(null)
 3 SYSTEMPATH\CodeIgniter.php(942): App\Controllers\Home->ingresarUsuarioExistente()
 4 SYSTEMPATH\CodeIgniter.php(502): CodeIgniter\CodeIgniter->runController(Object(App\Controllers\Home))
 5 SYSTEMPATH\CodeIgniter.php(361): CodeIgniter\CodeIgniter->handleRequest(null, Object(Config\Cache), false)
 6 FCPATH\index.php(79): CodeIgniter\CodeIgniter->run()
ERROR - 2023-12-18 16:03:03 --> mysqli_sql_exception: You have an error in your SQL syntax; check the manual that corresponds to your MariaDB server version for the right syntax to use near '' at line 1 in D:\Programas Instalados\XAMP-php-7-4\htdocs\public_html_CarreraDeLasHortensiasBueno\system\Database\MySQLi\Connection.php:306
Stack trace:
#0 D:\Programas Instalados\XAMP-php-7-4\htdocs\public_html_CarreraDeLasHortensiasBueno\system\Database\MySQLi\Connection.php(306): mysqli->query('SELECT * FROM p...', 0)
#1 D:\Programas Instalados\XAMP-php-7-4\htdocs\public_html_CarreraDeLasHortensiasBueno\system\Database\BaseConnection.php(693): CodeIgniter\Database\MySQLi\Connection->execute('SELECT * FROM p...')
#2 D:\Programas Instalados\XAMP-php-7-4\htdocs\public_html_CarreraDeLasHortensiasBueno\system\Database\BaseConnection.php(607): CodeIgniter\Database\BaseConnection->simpleQuery('SELECT * FROM p...')
#3 D:\Programas Instalados\XAMP-php-7-4\htdocs\public_html_CarreraDeLasHortensiasBueno\app\Models\participantes.php(107): CodeIgniter\Database\BaseConnection->query('SELECT * FROM p...')
#4 D:\Programas Instalados\XAMP-php-7-4\htdocs\public_html_CarreraDeLasHortensiasBueno\app\Controllers\Home.php(186): App\Models\Participantes->buscarCorreoUsuario(NULL)
#5 D:\Programas Instalados\XAMP-php-7-4\htdocs\public_html_CarreraDeLasHortensiasBueno\system\CodeIgniter.php(942): App\Controllers\Home->ingresarUsuarioExistente()
#6 D:\Programas Instalados\XAMP-php-7-4\htdocs\public_html_CarreraDeLasHortensiasBueno\system\CodeIgniter.php(502): CodeIgniter\CodeIgniter->runController(Object(App\Controllers\Home))
#7 D:\Programas Instalados\XAMP-php-7-4\htdocs\public_html_CarreraDeLasHortensiasBueno\system\CodeIgniter.php(361): CodeIgniter\CodeIgniter->handleRequest(NULL, Object(Config\Cache), false)
#8 D:\Programas Instalados\XAMP-php-7-4\htdocs\public_html_CarreraDeLasHortensiasBueno\index.php(79): CodeIgniter\CodeIgniter->run()
#9 {main}
CRITICAL - 2023-12-18 16:03:03 --> You have an error in your SQL syntax; check the manual that corresponds to your MariaDB server version for the right syntax to use near '' at line 1
in SYSTEMPATH\Database\BaseConnection.php on line 647.
 1 APPPATH\Models\participantes.php(107): CodeIgniter\Database\BaseConnection->query('SELECT * FROM pasarelapagos WHERE IdCliente = ;')
 2 APPPATH\Controllers\Home.php(186): App\Models\Participantes->buscarCorreoUsuario(null)
 3 SYSTEMPATH\CodeIgniter.php(942): App\Controllers\Home->ingresarUsuarioExistente()
 4 SYSTEMPATH\CodeIgniter.php(502): CodeIgniter\CodeIgniter->runController(Object(App\Controllers\Home))
 5 SYSTEMPATH\CodeIgniter.php(361): CodeIgniter\CodeIgniter->handleRequest(null, Object(Config\Cache), false)
 6 FCPATH\index.php(79): CodeIgniter\CodeIgniter->run()
CRITICAL - 2023-12-18 16:06:14 --> syntax error, unexpected ':', expecting ';'
in APPPATH\Controllers\Home.php on line 187.
 1 SYSTEMPATH\Autoloader\Autoloader.php(291): CodeIgniter\Autoloader\Autoloader->includeFile('D:\\Programas Instalados\\XAMP-php-7-4\\htdocs\\public_html_CarreraDeLasHortensiasBueno\\app\\Controllers\\Home.php')
 2 SYSTEMPATH\Autoloader\Autoloader.php(269): CodeIgniter\Autoloader\Autoloader->loadInNamespace('App\\Controllers\\Home')
 3 [internal function]: CodeIgniter\Autoloader\Autoloader->loadClass('App\\Controllers\\Home')
 4 [internal function]: spl_autoload_call('App\\Controllers\\Home')
 5 SYSTEMPATH\CodeIgniter.php(900): class_exists('\\App\\Controllers\\Home', true)
 6 SYSTEMPATH\CodeIgniter.php(489): CodeIgniter\CodeIgniter->startController()
 7 SYSTEMPATH\CodeIgniter.php(361): CodeIgniter\CodeIgniter->handleRequest(null, Object(Config\Cache), false)
 8 FCPATH\index.php(79): CodeIgniter\CodeIgniter->run()
CRITICAL - 2023-12-18 16:14:11 --> Call to undefined method App\Models\Participantes::agregarSociosEvento
in SYSTEMPATH\Model.php on line 873.
 1 APPPATH\Controllers\Home.php(193): CodeIgniter\Model->__call('agregarSociosEvento', [...])
 2 SYSTEMPATH\CodeIgniter.php(942): App\Controllers\Home->ingresarUsuarioExistente()
 3 SYSTEMPATH\CodeIgniter.php(502): CodeIgniter\CodeIgniter->runController(Object(App\Controllers\Home))
 4 SYSTEMPATH\CodeIgniter.php(361): CodeIgniter\CodeIgniter->handleRequest(null, Object(Config\Cache), false)
 5 FCPATH\index.php(79): CodeIgniter\CodeIgniter->run()
ERROR - 2023-12-18 16:14:19 --> mysqli_sql_exception: You have an error in your SQL syntax; check the manual that corresponds to your MariaDB server version for the right syntax to use near '' at line 1 in D:\Programas Instalados\XAMP-php-7-4\htdocs\public_html_CarreraDeLasHortensiasBueno\system\Database\MySQLi\Connection.php:306
Stack trace:
#0 D:\Programas Instalados\XAMP-php-7-4\htdocs\public_html_CarreraDeLasHortensiasBueno\system\Database\MySQLi\Connection.php(306): mysqli->query('SELECT * FROM p...', 0)
#1 D:\Programas Instalados\XAMP-php-7-4\htdocs\public_html_CarreraDeLasHortensiasBueno\system\Database\BaseConnection.php(693): CodeIgniter\Database\MySQLi\Connection->execute('SELECT * FROM p...')
#2 D:\Programas Instalados\XAMP-php-7-4\htdocs\public_html_CarreraDeLasHortensiasBueno\system\Database\BaseConnection.php(607): CodeIgniter\Database\BaseConnection->simpleQuery('SELECT * FROM p...')
#3 D:\Programas Instalados\XAMP-php-7-4\htdocs\public_html_CarreraDeLasHortensiasBueno\app\Models\participantes.php(107): CodeIgniter\Database\BaseConnection->query('SELECT * FROM p...')
#4 D:\Programas Instalados\XAMP-php-7-4\htdocs\public_html_CarreraDeLasHortensiasBueno\app\Controllers\Home.php(188): App\Models\Participantes->buscarCorreoUsuario(NULL)
#5 D:\Programas Instalados\XAMP-php-7-4\htdocs\public_html_CarreraDeLasHortensiasBueno\system\CodeIgniter.php(942): App\Controllers\Home->ingresarUsuarioExistente()
#6 D:\Programas Instalados\XAMP-php-7-4\htdocs\public_html_CarreraDeLasHortensiasBueno\system\CodeIgniter.php(502): CodeIgniter\CodeIgniter->runController(Object(App\Controllers\Home))
#7 D:\Programas Instalados\XAMP-php-7-4\htdocs\public_html_CarreraDeLasHortensiasBueno\system\CodeIgniter.php(361): CodeIgniter\CodeIgniter->handleRequest(NULL, Object(Config\Cache), false)
#8 D:\Programas Instalados\XAMP-php-7-4\htdocs\public_html_CarreraDeLasHortensiasBueno\index.php(79): CodeIgniter\CodeIgniter->run()
#9 {main}
CRITICAL - 2023-12-18 16:14:19 --> You have an error in your SQL syntax; check the manual that corresponds to your MariaDB server version for the right syntax to use near '' at line 1
in SYSTEMPATH\Database\BaseConnection.php on line 647.
 1 APPPATH\Models\participantes.php(107): CodeIgniter\Database\BaseConnection->query('SELECT * FROM pasarelapagos WHERE IdCliente = ;')
 2 APPPATH\Controllers\Home.php(188): App\Models\Participantes->buscarCorreoUsuario(null)
 3 SYSTEMPATH\CodeIgniter.php(942): App\Controllers\Home->ingresarUsuarioExistente()
 4 SYSTEMPATH\CodeIgniter.php(502): CodeIgniter\CodeIgniter->runController(Object(App\Controllers\Home))
 5 SYSTEMPATH\CodeIgniter.php(361): CodeIgniter\CodeIgniter->handleRequest(null, Object(Config\Cache), false)
 6 FCPATH\index.php(79): CodeIgniter\CodeIgniter->run()
CRITICAL - 2023-12-18 16:21:27 --> Call to undefined method App\Models\Participantes::agregarSociosEvento
in SYSTEMPATH\Model.php on line 873.
 1 APPPATH\Controllers\Home.php(189): CodeIgniter\Model->__call('agregarSociosEvento', [...])
 2 SYSTEMPATH\CodeIgniter.php(942): App\Controllers\Home->ingresarUsuarioExistente()
 3 SYSTEMPATH\CodeIgniter.php(502): CodeIgniter\CodeIgniter->runController(Object(App\Controllers\Home))
 4 SYSTEMPATH\CodeIgniter.php(361): CodeIgniter\CodeIgniter->handleRequest(null, Object(Config\Cache), false)
 5 FCPATH\index.php(79): CodeIgniter\CodeIgniter->run()
CRITICAL - 2023-12-18 16:21:30 --> Call to undefined method App\Models\Participantes::agregarSociosEvento
in SYSTEMPATH\Model.php on line 873.
 1 APPPATH\Controllers\Home.php(189): CodeIgniter\Model->__call('agregarSociosEvento', [...])
 2 SYSTEMPATH\CodeIgniter.php(942): App\Controllers\Home->ingresarUsuarioExistente()
 3 SYSTEMPATH\CodeIgniter.php(502): CodeIgniter\CodeIgniter->runController(Object(App\Controllers\Home))
 4 SYSTEMPATH\CodeIgniter.php(361): CodeIgniter\CodeIgniter->handleRequest(null, Object(Config\Cache), false)
 5 FCPATH\index.php(79): CodeIgniter\CodeIgniter->run()
CRITICAL - 2023-12-18 16:23:26 --> Trying to get property 'Email' of non-object
in APPPATH\Controllers\Home.php on line 203.
 1 APPPATH\Controllers\Home.php(203): CodeIgniter\Debug\Exceptions->errorHandler(8, 'Trying to get property \'Email\' of non-object', 'D:\\Programas Instalados\\XAMP-php-7-4\\htdocs\\public_html_CarreraDeLasHortensiasBueno\\app\\Controllers\\Home.php', 203, [...])
 2 SYSTEMPATH\CodeIgniter.php(942): App\Controllers\Home->ingresarUsuarioExistente()
 3 SYSTEMPATH\CodeIgniter.php(502): CodeIgniter\CodeIgniter->runController(Object(App\Controllers\Home))
 4 SYSTEMPATH\CodeIgniter.php(361): CodeIgniter\CodeIgniter->handleRequest(null, Object(Config\Cache), false)
 5 FCPATH\index.php(79): CodeIgniter\CodeIgniter->run()
ERROR - 2023-12-18 16:23:31 --> mysqli_sql_exception: Column 'IdSocio' cannot be null in D:\Programas Instalados\XAMP-php-7-4\htdocs\public_html_CarreraDeLasHortensiasBueno\system\Database\MySQLi\Connection.php:306
Stack trace:
#0 D:\Programas Instalados\XAMP-php-7-4\htdocs\public_html_CarreraDeLasHortensiasBueno\system\Database\MySQLi\Connection.php(306): mysqli->query('INSERT INTO `so...', 0)
#1 D:\Programas Instalados\XAMP-php-7-4\htdocs\public_html_CarreraDeLasHortensiasBueno\system\Database\BaseConnection.php(693): CodeIgniter\Database\MySQLi\Connection->execute('INSERT INTO `so...')
#2 D:\Programas Instalados\XAMP-php-7-4\htdocs\public_html_CarreraDeLasHortensiasBueno\system\Database\BaseConnection.php(607): CodeIgniter\Database\BaseConnection->simpleQuery('INSERT INTO `so...')
#3 D:\Programas Instalados\XAMP-php-7-4\htdocs\public_html_CarreraDeLasHortensiasBueno\system\Database\BaseBuilder.php(2308): CodeIgniter\Database\BaseConnection->query('INSERT INTO `so...', Array, false)
#4 D:\Programas Instalados\XAMP-php-7-4\htdocs\public_html_CarreraDeLasHortensiasBueno\app\Models\participantes.php(108): CodeIgniter\Database\BaseBuilder->insert(Array)
#5 D:\Programas Instalados\XAMP-php-7-4\htdocs\public_html_CarreraDeLasHortensiasBueno\app\Controllers\Home.php(189): App\Models\Participantes->agregarSociosEvento(Array)
#6 D:\Programas Instalados\XAMP-php-7-4\htdocs\public_html_CarreraDeLasHortensiasBueno\system\CodeIgniter.php(942): App\Controllers\Home->ingresarUsuarioExistente()
#7 D:\Programas Instalados\XAMP-php-7-4\htdocs\public_html_CarreraDeLasHortensiasBueno\system\CodeIgniter.php(502): CodeIgniter\CodeIgniter->runController(Object(App\Controllers\Home))
#8 D:\Programas Instalados\XAMP-php-7-4\htdocs\public_html_CarreraDeLasHortensiasBueno\system\CodeIgniter.php(361): CodeIgniter\CodeIgniter->handleRequest(NULL, Object(Config\Cache), false)
#9 D:\Programas Instalados\XAMP-php-7-4\htdocs\public_html_CarreraDeLasHortensiasBueno\index.php(79): CodeIgniter\CodeIgniter->run()
#10 {main}
CRITICAL - 2023-12-18 16:23:31 --> Column 'IdSocio' cannot be null
in SYSTEMPATH\Database\BaseConnection.php on line 647.
 1 SYSTEMPATH\Database\BaseBuilder.php(2308): CodeIgniter\Database\BaseConnection->query('INSERT INTO `socioseventos` (`IdSocio`, `IdEvento`) VALUES (:IdSocio:, :IdEvento:)', [...], false)
 2 APPPATH\Models\participantes.php(108): CodeIgniter\Database\BaseBuilder->insert([...])
 3 APPPATH\Controllers\Home.php(189): App\Models\Participantes->agregarSociosEvento([...])
 4 SYSTEMPATH\CodeIgniter.php(942): App\Controllers\Home->ingresarUsuarioExistente()
 5 SYSTEMPATH\CodeIgniter.php(502): CodeIgniter\CodeIgniter->runController(Object(App\Controllers\Home))
 6 SYSTEMPATH\CodeIgniter.php(361): CodeIgniter\CodeIgniter->handleRequest(null, Object(Config\Cache), false)
 7 FCPATH\index.php(79): CodeIgniter\CodeIgniter->run()
CRITICAL - 2023-12-18 16:27:42 --> Trying to get property 'Email' of non-object
in APPPATH\Controllers\Home.php on line 203.
 1 APPPATH\Controllers\Home.php(203): CodeIgniter\Debug\Exceptions->errorHandler(8, 'Trying to get property \'Email\' of non-object', 'D:\\Programas Instalados\\XAMP-php-7-4\\htdocs\\public_html_CarreraDeLasHortensiasBueno\\app\\Controllers\\Home.php', 203, [...])
 2 SYSTEMPATH\CodeIgniter.php(942): App\Controllers\Home->ingresarUsuarioExistente()
 3 SYSTEMPATH\CodeIgniter.php(502): CodeIgniter\CodeIgniter->runController(Object(App\Controllers\Home))
 4 SYSTEMPATH\CodeIgniter.php(361): CodeIgniter\CodeIgniter->handleRequest(null, Object(Config\Cache), false)
 5 FCPATH\index.php(79): CodeIgniter\CodeIgniter->run()
CRITICAL - 2023-12-18 16:27:45 --> Trying to get property 'Email' of non-object
in APPPATH\Controllers\Home.php on line 203.
 1 APPPATH\Controllers\Home.php(203): CodeIgniter\Debug\Exceptions->errorHandler(8, 'Trying to get property \'Email\' of non-object', 'D:\\Programas Instalados\\XAMP-php-7-4\\htdocs\\public_html_CarreraDeLasHortensiasBueno\\app\\Controllers\\Home.php', 203, [...])
 2 SYSTEMPATH\CodeIgniter.php(942): App\Controllers\Home->ingresarUsuarioExistente()
 3 SYSTEMPATH\CodeIgniter.php(502): CodeIgniter\CodeIgniter->runController(Object(App\Controllers\Home))
 4 SYSTEMPATH\CodeIgniter.php(361): CodeIgniter\CodeIgniter->handleRequest(null, Object(Config\Cache), false)
 5 FCPATH\index.php(79): CodeIgniter\CodeIgniter->run()
ERROR - 2023-12-18 16:27:49 --> mysqli_sql_exception: Column 'IdSocio' cannot be null in D:\Programas Instalados\XAMP-php-7-4\htdocs\public_html_CarreraDeLasHortensiasBueno\system\Database\MySQLi\Connection.php:306
Stack trace:
#0 D:\Programas Instalados\XAMP-php-7-4\htdocs\public_html_CarreraDeLasHortensiasBueno\system\Database\MySQLi\Connection.php(306): mysqli->query('INSERT INTO `so...', 0)
#1 D:\Programas Instalados\XAMP-php-7-4\htdocs\public_html_CarreraDeLasHortensiasBueno\system\Database\BaseConnection.php(693): CodeIgniter\Database\MySQLi\Connection->execute('INSERT INTO `so...')
#2 D:\Programas Instalados\XAMP-php-7-4\htdocs\public_html_CarreraDeLasHortensiasBueno\system\Database\BaseConnection.php(607): CodeIgniter\Database\BaseConnection->simpleQuery('INSERT INTO `so...')
#3 D:\Programas Instalados\XAMP-php-7-4\htdocs\public_html_CarreraDeLasHortensiasBueno\system\Database\BaseBuilder.php(2308): CodeIgniter\Database\BaseConnection->query('INSERT INTO `so...', Array, false)
#4 D:\Programas Instalados\XAMP-php-7-4\htdocs\public_html_CarreraDeLasHortensiasBueno\app\Models\participantes.php(108): CodeIgniter\Database\BaseBuilder->insert(Array)
#5 D:\Programas Instalados\XAMP-php-7-4\htdocs\public_html_CarreraDeLasHortensiasBueno\app\Controllers\Home.php(189): App\Models\Participantes->agregarSociosEvento(Array)
#6 D:\Programas Instalados\XAMP-php-7-4\htdocs\public_html_CarreraDeLasHortensiasBueno\system\CodeIgniter.php(942): App\Controllers\Home->ingresarUsuarioExistente()
#7 D:\Programas Instalados\XAMP-php-7-4\htdocs\public_html_CarreraDeLasHortensiasBueno\system\CodeIgniter.php(502): CodeIgniter\CodeIgniter->runController(Object(App\Controllers\Home))
#8 D:\Programas Instalados\XAMP-php-7-4\htdocs\public_html_CarreraDeLasHortensiasBueno\system\CodeIgniter.php(361): CodeIgniter\CodeIgniter->handleRequest(NULL, Object(Config\Cache), false)
#9 D:\Programas Instalados\XAMP-php-7-4\htdocs\public_html_CarreraDeLasHortensiasBueno\index.php(79): CodeIgniter\CodeIgniter->run()
#10 {main}
CRITICAL - 2023-12-18 16:27:49 --> Column 'IdSocio' cannot be null
in SYSTEMPATH\Database\BaseConnection.php on line 647.
 1 SYSTEMPATH\Database\BaseBuilder.php(2308): CodeIgniter\Database\BaseConnection->query('INSERT INTO `socioseventos` (`IdSocio`, `IdEvento`) VALUES (:IdSocio:, :IdEvento:)', [...], false)
 2 APPPATH\Models\participantes.php(108): CodeIgniter\Database\BaseBuilder->insert([...])
 3 APPPATH\Controllers\Home.php(189): App\Models\Participantes->agregarSociosEvento([...])
 4 SYSTEMPATH\CodeIgniter.php(942): App\Controllers\Home->ingresarUsuarioExistente()
 5 SYSTEMPATH\CodeIgniter.php(502): CodeIgniter\CodeIgniter->runController(Object(App\Controllers\Home))
 6 SYSTEMPATH\CodeIgniter.php(361): CodeIgniter\CodeIgniter->handleRequest(null, Object(Config\Cache), false)
 7 FCPATH\index.php(79): CodeIgniter\CodeIgniter->run()
CRITICAL - 2023-12-18 16:32:13 --> Trying to get property 'Email' of non-object
in APPPATH\Controllers\Home.php on line 203.
 1 APPPATH\Controllers\Home.php(203): CodeIgniter\Debug\Exceptions->errorHandler(8, 'Trying to get property \'Email\' of non-object', 'D:\\Programas Instalados\\XAMP-php-7-4\\htdocs\\public_html_CarreraDeLasHortensiasBueno\\app\\Controllers\\Home.php', 203, [...])
 2 SYSTEMPATH\CodeIgniter.php(942): App\Controllers\Home->ingresarUsuarioExistente()
 3 SYSTEMPATH\CodeIgniter.php(502): CodeIgniter\CodeIgniter->runController(Object(App\Controllers\Home))
 4 SYSTEMPATH\CodeIgniter.php(361): CodeIgniter\CodeIgniter->handleRequest(null, Object(Config\Cache), false)
 5 FCPATH\index.php(79): CodeIgniter\CodeIgniter->run()
CRITICAL - 2023-12-18 16:32:18 --> Trying to access array offset on value of type null
in APPPATH\Controllers\Home.php on line 203.
 1 APPPATH\Controllers\Home.php(203): CodeIgniter\Debug\Exceptions->errorHandler(8, 'Trying to access array offset on value of type null', 'D:\\Programas Instalados\\XAMP-php-7-4\\htdocs\\public_html_CarreraDeLasHortensiasBueno\\app\\Controllers\\Home.php', 203, [...])
 2 SYSTEMPATH\CodeIgniter.php(942): App\Controllers\Home->ingresarUsuarioExistente()
 3 SYSTEMPATH\CodeIgniter.php(502): CodeIgniter\CodeIgniter->runController(Object(App\Controllers\Home))
 4 SYSTEMPATH\CodeIgniter.php(361): CodeIgniter\CodeIgniter->handleRequest(null, Object(Config\Cache), false)
 5 FCPATH\index.php(79): CodeIgniter\CodeIgniter->run()
CRITICAL - 2023-12-18 16:35:55 --> trim() expects parameter 1 to be string, array given
in FCPATH\public\PHPMailer\PHPMailer.php on line 1080.
 1 [internal function]: CodeIgniter\Debug\Exceptions->errorHandler(2, 'trim() expects parameter 1 to be string, array given', 'D:\\Programas Instalados\\XAMP-php-7-4\\htdocs\\public_html_CarreraDeLasHortensiasBueno\\public\\PHPMailer\\PHPMailer.php', 1080, [...])
 2 FCPATH\public\PHPMailer\PHPMailer.php(1080): trim([...])
 3 FCPATH\public\PHPMailer\PHPMailer.php(1014): PHPMailer\PHPMailer\PHPMailer->addOrEnqueueAnAddress('to', [...], '')
 4 APPPATH\Controllers\Home.php(204): PHPMailer\PHPMailer\PHPMailer->addAddress([...])
 5 SYSTEMPATH\CodeIgniter.php(942): App\Controllers\Home->ingresarUsuarioExistente()
 6 SYSTEMPATH\CodeIgniter.php(502): CodeIgniter\CodeIgniter->runController(Object(App\Controllers\Home))
 7 SYSTEMPATH\CodeIgniter.php(361): CodeIgniter\CodeIgniter->handleRequest(null, Object(Config\Cache), false)
 8 FCPATH\index.php(79): CodeIgniter\CodeIgniter->run()
ERROR - 2023-12-18 16:35:58 --> mysqli_sql_exception: You have an error in your SQL syntax; check the manual that corresponds to your MariaDB server version for the right syntax to use near '' at line 1 in D:\Programas Instalados\XAMP-php-7-4\htdocs\public_html_CarreraDeLasHortensiasBueno\system\Database\MySQLi\Connection.php:306
Stack trace:
#0 D:\Programas Instalados\XAMP-php-7-4\htdocs\public_html_CarreraDeLasHortensiasBueno\system\Database\MySQLi\Connection.php(306): mysqli->query('SELECT * FROM p...', 0)
#1 D:\Programas Instalados\XAMP-php-7-4\htdocs\public_html_CarreraDeLasHortensiasBueno\system\Database\BaseConnection.php(693): CodeIgniter\Database\MySQLi\Connection->execute('SELECT * FROM p...')
#2 D:\Programas Instalados\XAMP-php-7-4\htdocs\public_html_CarreraDeLasHortensiasBueno\system\Database\BaseConnection.php(607): CodeIgniter\Database\BaseConnection->simpleQuery('SELECT * FROM p...')
#3 D:\Programas Instalados\XAMP-php-7-4\htdocs\public_html_CarreraDeLasHortensiasBueno\app\Models\participantes.php(114): CodeIgniter\Database\BaseConnection->query('SELECT * FROM p...')
#4 D:\Programas Instalados\XAMP-php-7-4\htdocs\public_html_CarreraDeLasHortensiasBueno\app\Controllers\Home.php(185): App\Models\Participantes->informacioPago(NULL)
#5 D:\Programas Instalados\XAMP-php-7-4\htdocs\public_html_CarreraDeLasHortensiasBueno\system\CodeIgniter.php(942): App\Controllers\Home->ingresarUsuarioExistente()
#6 D:\Programas Instalados\XAMP-php-7-4\htdocs\public_html_CarreraDeLasHortensiasBueno\system\CodeIgniter.php(502): CodeIgniter\CodeIgniter->runController(Object(App\Controllers\Home))
#7 D:\Programas Instalados\XAMP-php-7-4\htdocs\public_html_CarreraDeLasHortensiasBueno\system\CodeIgniter.php(361): CodeIgniter\CodeIgniter->handleRequest(NULL, Object(Config\Cache), false)
#8 D:\Programas Instalados\XAMP-php-7-4\htdocs\public_html_CarreraDeLasHortensiasBueno\index.php(79): CodeIgniter\CodeIgniter->run()
#9 {main}
CRITICAL - 2023-12-18 16:35:58 --> You have an error in your SQL syntax; check the manual that corresponds to your MariaDB server version for the right syntax to use near '' at line 1
in SYSTEMPATH\Database\BaseConnection.php on line 647.
 1 APPPATH\Models\participantes.php(114): CodeIgniter\Database\BaseConnection->query('SELECT * FROM pasarelapagos WHERE IdCliente = ;')
 2 APPPATH\Controllers\Home.php(185): App\Models\Participantes->informacioPago(null)
 3 SYSTEMPATH\CodeIgniter.php(942): App\Controllers\Home->ingresarUsuarioExistente()
 4 SYSTEMPATH\CodeIgniter.php(502): CodeIgniter\CodeIgniter->runController(Object(App\Controllers\Home))
 5 SYSTEMPATH\CodeIgniter.php(361): CodeIgniter\CodeIgniter->handleRequest(null, Object(Config\Cache), false)
 6 FCPATH\index.php(79): CodeIgniter\CodeIgniter->run()
CRITICAL - 2023-12-18 16:37:53 --> trim() expects parameter 1 to be string, array given
in FCPATH\public\PHPMailer\PHPMailer.php on line 1080.
 1 [internal function]: CodeIgniter\Debug\Exceptions->errorHandler(2, 'trim() expects parameter 1 to be string, array given', 'D:\\Programas Instalados\\XAMP-php-7-4\\htdocs\\public_html_CarreraDeLasHortensiasBueno\\public\\PHPMailer\\PHPMailer.php', 1080, [...])
 2 FCPATH\public\PHPMailer\PHPMailer.php(1080): trim([...])
 3 FCPATH\public\PHPMailer\PHPMailer.php(1014): PHPMailer\PHPMailer\PHPMailer->addOrEnqueueAnAddress('to', [...], '')
 4 APPPATH\Controllers\Home.php(205): PHPMailer\PHPMailer\PHPMailer->addAddress([...])
 5 SYSTEMPATH\CodeIgniter.php(942): App\Controllers\Home->ingresarUsuarioExistente()
 6 SYSTEMPATH\CodeIgniter.php(502): CodeIgniter\CodeIgniter->runController(Object(App\Controllers\Home))
 7 SYSTEMPATH\CodeIgniter.php(361): CodeIgniter\CodeIgniter->handleRequest(null, Object(Config\Cache), false)
 8 FCPATH\index.php(79): CodeIgniter\CodeIgniter->run()
ERROR - 2023-12-18 16:37:58 --> mysqli_sql_exception: You have an error in your SQL syntax; check the manual that corresponds to your MariaDB server version for the right syntax to use near '' at line 1 in D:\Programas Instalados\XAMP-php-7-4\htdocs\public_html_CarreraDeLasHortensiasBueno\system\Database\MySQLi\Connection.php:306
Stack trace:
#0 D:\Programas Instalados\XAMP-php-7-4\htdocs\public_html_CarreraDeLasHortensiasBueno\system\Database\MySQLi\Connection.php(306): mysqli->query('SELECT * FROM p...', 0)
#1 D:\Programas Instalados\XAMP-php-7-4\htdocs\public_html_CarreraDeLasHortensiasBueno\system\Database\BaseConnection.php(693): CodeIgniter\Database\MySQLi\Connection->execute('SELECT * FROM p...')
#2 D:\Programas Instalados\XAMP-php-7-4\htdocs\public_html_CarreraDeLasHortensiasBueno\system\Database\BaseConnection.php(607): CodeIgniter\Database\BaseConnection->simpleQuery('SELECT * FROM p...')
#3 D:\Programas Instalados\XAMP-php-7-4\htdocs\public_html_CarreraDeLasHortensiasBueno\app\Models\participantes.php(114): CodeIgniter\Database\BaseConnection->query('SELECT * FROM p...')
#4 D:\Programas Instalados\XAMP-php-7-4\htdocs\public_html_CarreraDeLasHortensiasBueno\app\Controllers\Home.php(185): App\Models\Participantes->informacioPago(NULL)
#5 D:\Programas Instalados\XAMP-php-7-4\htdocs\public_html_CarreraDeLasHortensiasBueno\system\CodeIgniter.php(942): App\Controllers\Home->ingresarUsuarioExistente()
#6 D:\Programas Instalados\XAMP-php-7-4\htdocs\public_html_CarreraDeLasHortensiasBueno\system\CodeIgniter.php(502): CodeIgniter\CodeIgniter->runController(Object(App\Controllers\Home))
#7 D:\Programas Instalados\XAMP-php-7-4\htdocs\public_html_CarreraDeLasHortensiasBueno\system\CodeIgniter.php(361): CodeIgniter\CodeIgniter->handleRequest(NULL, Object(Config\Cache), false)
#8 D:\Programas Instalados\XAMP-php-7-4\htdocs\public_html_CarreraDeLasHortensiasBueno\index.php(79): CodeIgniter\CodeIgniter->run()
#9 {main}
CRITICAL - 2023-12-18 16:37:58 --> You have an error in your SQL syntax; check the manual that corresponds to your MariaDB server version for the right syntax to use near '' at line 1
in SYSTEMPATH\Database\BaseConnection.php on line 647.
 1 APPPATH\Models\participantes.php(114): CodeIgniter\Database\BaseConnection->query('SELECT * FROM pasarelapagos WHERE IdCliente = ;')
 2 APPPATH\Controllers\Home.php(185): App\Models\Participantes->informacioPago(null)
 3 SYSTEMPATH\CodeIgniter.php(942): App\Controllers\Home->ingresarUsuarioExistente()
 4 SYSTEMPATH\CodeIgniter.php(502): CodeIgniter\CodeIgniter->runController(Object(App\Controllers\Home))
 5 SYSTEMPATH\CodeIgniter.php(361): CodeIgniter\CodeIgniter->handleRequest(null, Object(Config\Cache), false)
 6 FCPATH\index.php(79): CodeIgniter\CodeIgniter->run()
CRITICAL - 2023-12-18 16:40:44 --> trim() expects parameter 1 to be string, array given
in FCPATH\public\PHPMailer\PHPMailer.php on line 1080.
 1 [internal function]: CodeIgniter\Debug\Exceptions->errorHandler(2, 'trim() expects parameter 1 to be string, array given', 'D:\\Programas Instalados\\XAMP-php-7-4\\htdocs\\public_html_CarreraDeLasHortensiasBueno\\public\\PHPMailer\\PHPMailer.php', 1080, [...])
 2 FCPATH\public\PHPMailer\PHPMailer.php(1080): trim([...])
 3 FCPATH\public\PHPMailer\PHPMailer.php(1014): PHPMailer\PHPMailer\PHPMailer->addOrEnqueueAnAddress('to', [...], '')
 4 APPPATH\Controllers\Home.php(205): PHPMailer\PHPMailer\PHPMailer->addAddress([...])
 5 SYSTEMPATH\CodeIgniter.php(942): App\Controllers\Home->ingresarUsuarioExistente()
 6 SYSTEMPATH\CodeIgniter.php(502): CodeIgniter\CodeIgniter->runController(Object(App\Controllers\Home))
 7 SYSTEMPATH\CodeIgniter.php(361): CodeIgniter\CodeIgniter->handleRequest(null, Object(Config\Cache), false)
 8 FCPATH\index.php(79): CodeIgniter\CodeIgniter->run()
CRITICAL - 2023-12-18 16:40:49 --> trim() expects parameter 1 to be string, array given
in FCPATH\public\PHPMailer\PHPMailer.php on line 1080.
 1 [internal function]: CodeIgniter\Debug\Exceptions->errorHandler(2, 'trim() expects parameter 1 to be string, array given', 'D:\\Programas Instalados\\XAMP-php-7-4\\htdocs\\public_html_CarreraDeLasHortensiasBueno\\public\\PHPMailer\\PHPMailer.php', 1080, [...])
 2 FCPATH\public\PHPMailer\PHPMailer.php(1080): trim([...])
 3 FCPATH\public\PHPMailer\PHPMailer.php(1014): PHPMailer\PHPMailer\PHPMailer->addOrEnqueueAnAddress('to', [...], '')
 4 APPPATH\Controllers\Home.php(205): PHPMailer\PHPMailer\PHPMailer->addAddress([...])
 5 SYSTEMPATH\CodeIgniter.php(942): App\Controllers\Home->ingresarUsuarioExistente()
 6 SYSTEMPATH\CodeIgniter.php(502): CodeIgniter\CodeIgniter->runController(Object(App\Controllers\Home))
 7 SYSTEMPATH\CodeIgniter.php(361): CodeIgniter\CodeIgniter->handleRequest(null, Object(Config\Cache), false)
 8 FCPATH\index.php(79): CodeIgniter\CodeIgniter->run()
CRITICAL - 2023-12-18 14:25:42 --> Undefined index: id
in FCPATH\vendor\mercadopago\dx-php\src\MercadoPago\Config.php on line 113.
 1 FCPATH\vendor\mercadopago\dx-php\src\MercadoPago\Config.php(113): CodeIgniter\Debug\Exceptions->errorHandler(8, 'Undefined index: id', 'D:\\Programas Instalados\\XAMP-php-7-4\\htdocs\\public_html_CarreraDeLasHortensiasBueno\\vendor\\mercadopago\\dx-php\\src\\MercadoPago\\Config.php', 113, [...])
 2 FCPATH\vendor\mercadopago\dx-php\src\MercadoPago\Config\AbstractConfig.php(96): MercadoPago\Config->set('ACCESS_TOKEN', false)
 3 FCPATH\vendor\mercadopago\dx-php\src\MercadoPago\SDK.php(45): MercadoPago\Config\AbstractConfig->configure([...])
 4 APPPATH\Controllers\MercadoPago.php(10): MercadoPago\SDK::setAccessToken(false)
 5 SYSTEMPATH\Router\AutoRouter.php(161): include_once('D:\\Programas Instalados\\XAMP-php-7-4\\htdocs\\public_html_CarreraDeLasHortensiasBueno\\app\\Controllers\\MercadoPago.php')
 6 SYSTEMPATH\Router\Router.php(514): CodeIgniter\Router\AutoRouter->getRoute('mercadoPago/Pago', 'post')
 7 SYSTEMPATH\Router\Router.php(210): CodeIgniter\Router\Router->autoRoute('mercadoPago/Pago')
 8 SYSTEMPATH\CodeIgniter.php(823): CodeIgniter\Router\Router->handle('mercadoPago/Pago')
 9 SYSTEMPATH\CodeIgniter.php(450): CodeIgniter\CodeIgniter->tryToRouteIt(Object(CodeIgniter\Router\RouteCollection))
10 SYSTEMPATH\CodeIgniter.php(361): CodeIgniter\CodeIgniter->handleRequest(null, Object(Config\Cache), false)
11 FCPATH\index.php(79): CodeIgniter\CodeIgniter->run()
CRITICAL - 2023-12-18 14:25:52 --> Wrong type NULL. It should be float for property unit_price
in FCPATH\vendor\mercadopago\dx-php\src\MercadoPago\Entity.php on line 455.
 1 FCPATH\vendor\mercadopago\dx-php\src\MercadoPago\Entity.php(364): MercadoPago\Entity->tryFormat(null, 'float', 'unit_price')
 2 FCPATH\vendor\mercadopago\dx-php\src\MercadoPago\Entity.php(308): MercadoPago\Entity->_setValue('unit_price', null)
 3 APPPATH\Controllers\MercadoPago.php(27): MercadoPago\Entity->__set('unit_price', null)
 4 SYSTEMPATH\CodeIgniter.php(942): App\Controllers\mercadoPago->Pago()
 5 SYSTEMPATH\CodeIgniter.php(502): CodeIgniter\CodeIgniter->runController(Object(App\Controllers\mercadoPago))
 6 SYSTEMPATH\CodeIgniter.php(361): CodeIgniter\CodeIgniter->handleRequest(null, Object(Config\Cache), false)
 7 FCPATH\index.php(79): CodeIgniter\CodeIgniter->run()
