ERROR - 2024-01-11 11:18:26 --> mysqli_sql_exception: Column 'IdSocio' cannot be null in /home/u269039761/domains/carreradelashortensias.com/public_html/system/Database/MySQLi/Connection.php:306
Stack trace:
#0 /home/u269039761/domains/carreradelashortensias.com/public_html/system/Database/MySQLi/Connection.php(306): mysqli->query('INSERT INTO `so...', 0)
#1 /home/u269039761/domains/carreradelashortensias.com/public_html/system/Database/BaseConnection.php(693): CodeIgniter\Database\MySQLi\Connection->execute('INSERT INTO `so...')
#2 /home/u269039761/domains/carreradelashortensias.com/public_html/system/Database/BaseConnection.php(607): CodeIgniter\Database\BaseConnection->simpleQuery('INSERT INTO `so...')
#3 /home/u269039761/domains/carreradelashortensias.com/public_html/system/Database/BaseBuilder.php(2308): CodeIgniter\Database\BaseConnection->query('INSERT INTO `so...', Array, false)
#4 /home/u269039761/domains/carreradelashortensias.com/public_html/app/Models/participantes.php(61): CodeIgniter\Database\BaseBuilder->insert(Array)
#5 /home/u269039761/domains/carreradelashortensias.com/public_html/app/Controllers/Home.php(142): App\Models\Participantes->PagoEvento(Array, Array)
#6 /home/u269039761/domains/carreradelashortensias.com/public_html/system/CodeIgniter.php(942): App\Controllers\Home->PagoEvento()
#7 /home/u269039761/domains/carreradelashortensias.com/public_html/system/CodeIgniter.php(502): CodeIgniter\CodeIgniter->runController(Object(App\Controllers\Home))
#8 /home/u269039761/domains/carreradelashortensias.com/public_html/system/CodeIgniter.php(361): CodeIgniter\CodeIgniter->handleRequest(NULL, Object(Config\Cache), false)
#9 /home/u269039761/domains/carreradelashortensias.com/public_html/index.php(79): CodeIgniter\CodeIgniter->run()
#10 {main}
ERROR - 2024-01-11 11:18:26 --> mysqli_sql_exception: Column 'Descripcion' cannot be null in /home/u269039761/domains/carreradelashortensias.com/public_html/system/Database/MySQLi/Connection.php:306
Stack trace:
#0 /home/u269039761/domains/carreradelashortensias.com/public_html/system/Database/MySQLi/Connection.php(306): mysqli->query('INSERT INTO `pa...', 0)
#1 /home/u269039761/domains/carreradelashortensias.com/public_html/system/Database/BaseConnection.php(693): CodeIgniter\Database\MySQLi\Connection->execute('INSERT INTO `pa...')
#2 /home/u269039761/domains/carreradelashortensias.com/public_html/system/Database/BaseConnection.php(607): CodeIgniter\Database\BaseConnection->simpleQuery('INSERT INTO `pa...')
#3 /home/u269039761/domains/carreradelashortensias.com/public_html/system/Database/BaseBuilder.php(2308): CodeIgniter\Database\BaseConnection->query('INSERT INTO `pa...', Array, false)
#4 /home/u269039761/domains/carreradelashortensias.com/public_html/app/Models/participantes.php(64): CodeIgniter\Database\BaseBuilder->insert(Array)
#5 /home/u269039761/domains/carreradelashortensias.com/public_html/app/Controllers/Home.php(142): App\Models\Participantes->PagoEvento(Array, Array)
#6 /home/u269039761/domains/carreradelashortensias.com/public_html/system/CodeIgniter.php(942): App\Controllers\Home->PagoEvento()
#7 /home/u269039761/domains/carreradelashortensias.com/public_html/system/CodeIgniter.php(502): CodeIgniter\CodeIgniter->runController(Object(App\Controllers\Home))
#8 /home/u269039761/domains/carreradelashortensias.com/public_html/system/CodeIgniter.php(361): CodeIgniter\CodeIgniter->handleRequest(NULL, Object(Config\Cache), false)
#9 /home/u269039761/domains/carreradelashortensias.com/public_html/index.php(79): CodeIgniter\CodeIgniter->run()
#10 {main}
ERROR - 2024-01-11 15:07:35 --> mysqli_sql_exception: Column 'IdSocio' cannot be null in /home/u269039761/domains/carreradelashortensias.com/public_html/system/Database/MySQLi/Connection.php:306
Stack trace:
#0 /home/u269039761/domains/carreradelashortensias.com/public_html/system/Database/MySQLi/Connection.php(306): mysqli->query('INSERT INTO `so...', 0)
#1 /home/u269039761/domains/carreradelashortensias.com/public_html/system/Database/BaseConnection.php(693): CodeIgniter\Database\MySQLi\Connection->execute('INSERT INTO `so...')
#2 /home/u269039761/domains/carreradelashortensias.com/public_html/system/Database/BaseConnection.php(607): CodeIgniter\Database\BaseConnection->simpleQuery('INSERT INTO `so...')
#3 /home/u269039761/domains/carreradelashortensias.com/public_html/system/Database/BaseBuilder.php(2308): CodeIgniter\Database\BaseConnection->query('INSERT INTO `so...', Array, false)
#4 /home/u269039761/domains/carreradelashortensias.com/public_html/app/Models/participantes.php(61): CodeIgniter\Database\BaseBuilder->insert(Array)
#5 /home/u269039761/domains/carreradelashortensias.com/public_html/app/Controllers/Webhook.php(142): App\Models\Participantes->PagoEvento(Array, Array)
#6 /home/u269039761/domains/carreradelashortensias.com/public_html/system/CodeIgniter.php(942): App\Controllers\Webhook->index()
#7 /home/u269039761/domains/carreradelashortensias.com/public_html/system/CodeIgniter.php(502): CodeIgniter\CodeIgniter->runController(Object(App\Controllers\Webhook))
#8 /home/u269039761/domains/carreradelashortensias.com/public_html/system/CodeIgniter.php(361): CodeIgniter\CodeIgniter->handleRequest(NULL, Object(Config\Cache), false)
#9 /home/u269039761/domains/carreradelashortensias.com/public_html/index.php(79): CodeIgniter\CodeIgniter->run()
#10 {main}
ERROR - 2024-01-11 15:07:35 --> mysqli_sql_exception: Column 'Descripcion' cannot be null in /home/u269039761/domains/carreradelashortensias.com/public_html/system/Database/MySQLi/Connection.php:306
Stack trace:
#0 /home/u269039761/domains/carreradelashortensias.com/public_html/system/Database/MySQLi/Connection.php(306): mysqli->query('INSERT INTO `pa...', 0)
#1 /home/u269039761/domains/carreradelashortensias.com/public_html/system/Database/BaseConnection.php(693): CodeIgniter\Database\MySQLi\Connection->execute('INSERT INTO `pa...')
#2 /home/u269039761/domains/carreradelashortensias.com/public_html/system/Database/BaseConnection.php(607): CodeIgniter\Database\BaseConnection->simpleQuery('INSERT INTO `pa...')
#3 /home/u269039761/domains/carreradelashortensias.com/public_html/system/Database/BaseBuilder.php(2308): CodeIgniter\Database\BaseConnection->query('INSERT INTO `pa...', Array, false)
#4 /home/u269039761/domains/carreradelashortensias.com/public_html/app/Models/participantes.php(64): CodeIgniter\Database\BaseBuilder->insert(Array)
#5 /home/u269039761/domains/carreradelashortensias.com/public_html/app/Controllers/Webhook.php(142): App\Models\Participantes->PagoEvento(Array, Array)
#6 /home/u269039761/domains/carreradelashortensias.com/public_html/system/CodeIgniter.php(942): App\Controllers\Webhook->index()
#7 /home/u269039761/domains/carreradelashortensias.com/public_html/system/CodeIgniter.php(502): CodeIgniter\CodeIgniter->runController(Object(App\Controllers\Webhook))
#8 /home/u269039761/domains/carreradelashortensias.com/public_html/system/CodeIgniter.php(361): CodeIgniter\CodeIgniter->handleRequest(NULL, Object(Config\Cache), false)
#9 /home/u269039761/domains/carreradelashortensias.com/public_html/index.php(79): CodeIgniter\CodeIgniter->run()
#10 {main}
ERROR - 2024-01-11 15:20:02 --> mysqli_sql_exception: Column 'IdSocio' cannot be null in /home/u269039761/domains/carreradelashortensias.com/public_html/system/Database/MySQLi/Connection.php:306
Stack trace:
#0 /home/u269039761/domains/carreradelashortensias.com/public_html/system/Database/MySQLi/Connection.php(306): mysqli->query('INSERT INTO `so...', 0)
#1 /home/u269039761/domains/carreradelashortensias.com/public_html/system/Database/BaseConnection.php(693): CodeIgniter\Database\MySQLi\Connection->execute('INSERT INTO `so...')
#2 /home/u269039761/domains/carreradelashortensias.com/public_html/system/Database/BaseConnection.php(607): CodeIgniter\Database\BaseConnection->simpleQuery('INSERT INTO `so...')
#3 /home/u269039761/domains/carreradelashortensias.com/public_html/system/Database/BaseBuilder.php(2308): CodeIgniter\Database\BaseConnection->query('INSERT INTO `so...', Array, false)
#4 /home/u269039761/domains/carreradelashortensias.com/public_html/app/Models/participantes.php(61): CodeIgniter\Database\BaseBuilder->insert(Array)
#5 /home/u269039761/domains/carreradelashortensias.com/public_html/app/Controllers/Webhook.php(141): App\Models\Participantes->PagoEvento(Array, Array)
#6 /home/u269039761/domains/carreradelashortensias.com/public_html/system/CodeIgniter.php(942): App\Controllers\Webhook->index()
#7 /home/u269039761/domains/carreradelashortensias.com/public_html/system/CodeIgniter.php(502): CodeIgniter\CodeIgniter->runController(Object(App\Controllers\Webhook))
#8 /home/u269039761/domains/carreradelashortensias.com/public_html/system/CodeIgniter.php(361): CodeIgniter\CodeIgniter->handleRequest(NULL, Object(Config\Cache), false)
#9 /home/u269039761/domains/carreradelashortensias.com/public_html/index.php(79): CodeIgniter\CodeIgniter->run()
#10 {main}
ERROR - 2024-01-11 15:20:02 --> mysqli_sql_exception: Column 'Descripcion' cannot be null in /home/u269039761/domains/carreradelashortensias.com/public_html/system/Database/MySQLi/Connection.php:306
Stack trace:
#0 /home/u269039761/domains/carreradelashortensias.com/public_html/system/Database/MySQLi/Connection.php(306): mysqli->query('INSERT INTO `pa...', 0)
#1 /home/u269039761/domains/carreradelashortensias.com/public_html/system/Database/BaseConnection.php(693): CodeIgniter\Database\MySQLi\Connection->execute('INSERT INTO `pa...')
#2 /home/u269039761/domains/carreradelashortensias.com/public_html/system/Database/BaseConnection.php(607): CodeIgniter\Database\BaseConnection->simpleQuery('INSERT INTO `pa...')
#3 /home/u269039761/domains/carreradelashortensias.com/public_html/system/Database/BaseBuilder.php(2308): CodeIgniter\Database\BaseConnection->query('INSERT INTO `pa...', Array, false)
#4 /home/u269039761/domains/carreradelashortensias.com/public_html/app/Models/participantes.php(64): CodeIgniter\Database\BaseBuilder->insert(Array)
#5 /home/u269039761/domains/carreradelashortensias.com/public_html/app/Controllers/Webhook.php(141): App\Models\Participantes->PagoEvento(Array, Array)
#6 /home/u269039761/domains/carreradelashortensias.com/public_html/system/CodeIgniter.php(942): App\Controllers\Webhook->index()
#7 /home/u269039761/domains/carreradelashortensias.com/public_html/system/CodeIgniter.php(502): CodeIgniter\CodeIgniter->runController(Object(App\Controllers\Webhook))
#8 /home/u269039761/domains/carreradelashortensias.com/public_html/system/CodeIgniter.php(361): CodeIgniter\CodeIgniter->handleRequest(NULL, Object(Config\Cache), false)
#9 /home/u269039761/domains/carreradelashortensias.com/public_html/index.php(79): CodeIgniter\CodeIgniter->run()
#10 {main}
ERROR - 2024-01-11 15:26:03 --> mysqli_sql_exception: Column 'IdSocio' cannot be null in /home/u269039761/domains/carreradelashortensias.com/public_html/system/Database/MySQLi/Connection.php:306
Stack trace:
#0 /home/u269039761/domains/carreradelashortensias.com/public_html/system/Database/MySQLi/Connection.php(306): mysqli->query('INSERT INTO `so...', 0)
#1 /home/u269039761/domains/carreradelashortensias.com/public_html/system/Database/BaseConnection.php(693): CodeIgniter\Database\MySQLi\Connection->execute('INSERT INTO `so...')
#2 /home/u269039761/domains/carreradelashortensias.com/public_html/system/Database/BaseConnection.php(607): CodeIgniter\Database\BaseConnection->simpleQuery('INSERT INTO `so...')
#3 /home/u269039761/domains/carreradelashortensias.com/public_html/system/Database/BaseBuilder.php(2308): CodeIgniter\Database\BaseConnection->query('INSERT INTO `so...', Array, false)
#4 /home/u269039761/domains/carreradelashortensias.com/public_html/app/Models/participantes.php(61): CodeIgniter\Database\BaseBuilder->insert(Array)
#5 /home/u269039761/domains/carreradelashortensias.com/public_html/app/Controllers/Webhook.php(142): App\Models\Participantes->PagoEvento(Array, Array)
#6 /home/u269039761/domains/carreradelashortensias.com/public_html/system/CodeIgniter.php(942): App\Controllers\Webhook->index()
#7 /home/u269039761/domains/carreradelashortensias.com/public_html/system/CodeIgniter.php(502): CodeIgniter\CodeIgniter->runController(Object(App\Controllers\Webhook))
#8 /home/u269039761/domains/carreradelashortensias.com/public_html/system/CodeIgniter.php(361): CodeIgniter\CodeIgniter->handleRequest(NULL, Object(Config\Cache), false)
#9 /home/u269039761/domains/carreradelashortensias.com/public_html/index.php(79): CodeIgniter\CodeIgniter->run()
#10 {main}
ERROR - 2024-01-11 15:26:03 --> mysqli_sql_exception: Unknown column 'auxiliar' in 'field list' in /home/u269039761/domains/carreradelashortensias.com/public_html/system/Database/MySQLi/Connection.php:306
Stack trace:
#0 /home/u269039761/domains/carreradelashortensias.com/public_html/system/Database/MySQLi/Connection.php(306): mysqli->query('INSERT INTO `pa...', 0)
#1 /home/u269039761/domains/carreradelashortensias.com/public_html/system/Database/BaseConnection.php(693): CodeIgniter\Database\MySQLi\Connection->execute('INSERT INTO `pa...')
#2 /home/u269039761/domains/carreradelashortensias.com/public_html/system/Database/BaseConnection.php(607): CodeIgniter\Database\BaseConnection->simpleQuery('INSERT INTO `pa...')
#3 /home/u269039761/domains/carreradelashortensias.com/public_html/system/Database/BaseBuilder.php(2308): CodeIgniter\Database\BaseConnection->query('INSERT INTO `pa...', Array, false)
#4 /home/u269039761/domains/carreradelashortensias.com/public_html/app/Models/participantes.php(64): CodeIgniter\Database\BaseBuilder->insert(Array)
#5 /home/u269039761/domains/carreradelashortensias.com/public_html/app/Controllers/Webhook.php(142): App\Models\Participantes->PagoEvento(Array, Array)
#6 /home/u269039761/domains/carreradelashortensias.com/public_html/system/CodeIgniter.php(942): App\Controllers\Webhook->index()
#7 /home/u269039761/domains/carreradelashortensias.com/public_html/system/CodeIgniter.php(502): CodeIgniter\CodeIgniter->runController(Object(App\Controllers\Webhook))
#8 /home/u269039761/domains/carreradelashortensias.com/public_html/system/CodeIgniter.php(361): CodeIgniter\CodeIgniter->handleRequest(NULL, Object(Config\Cache), false)
#9 /home/u269039761/domains/carreradelashortensias.com/public_html/index.php(79): CodeIgniter\CodeIgniter->run()
#10 {main}
ERROR - 2024-01-11 16:05:45 --> mysqli_sql_exception: Unknown column 'auxiliar' in 'field list' in /home/u269039761/domains/carreradelashortensias.com/public_html/system/Database/MySQLi/Connection.php:306
Stack trace:
#0 /home/u269039761/domains/carreradelashortensias.com/public_html/system/Database/MySQLi/Connection.php(306): mysqli->query('INSERT INTO `pa...', 0)
#1 /home/u269039761/domains/carreradelashortensias.com/public_html/system/Database/BaseConnection.php(693): CodeIgniter\Database\MySQLi\Connection->execute('INSERT INTO `pa...')
#2 /home/u269039761/domains/carreradelashortensias.com/public_html/system/Database/BaseConnection.php(607): CodeIgniter\Database\BaseConnection->simpleQuery('INSERT INTO `pa...')
#3 /home/u269039761/domains/carreradelashortensias.com/public_html/system/Database/BaseBuilder.php(2308): CodeIgniter\Database\BaseConnection->query('INSERT INTO `pa...', Array, false)
#4 /home/u269039761/domains/carreradelashortensias.com/public_html/app/Models/participantes.php(64): CodeIgniter\Database\BaseBuilder->insert(Array)
#5 /home/u269039761/domains/carreradelashortensias.com/public_html/app/Controllers/Webhook.php(142): App\Models\Participantes->PagoEvento(Array, Array)
#6 /home/u269039761/domains/carreradelashortensias.com/public_html/system/CodeIgniter.php(942): App\Controllers\Webhook->index()
#7 /home/u269039761/domains/carreradelashortensias.com/public_html/system/CodeIgniter.php(502): CodeIgniter\CodeIgniter->runController(Object(App\Controllers\Webhook))
#8 /home/u269039761/domains/carreradelashortensias.com/public_html/system/CodeIgniter.php(361): CodeIgniter\CodeIgniter->handleRequest(NULL, Object(Config\Cache), false)
#9 /home/u269039761/domains/carreradelashortensias.com/public_html/index.php(79): CodeIgniter\CodeIgniter->run()
#10 {main}
ERROR - 2024-01-11 16:45:03 --> mysqli_sql_exception: You have an error in your SQL syntax; check the manual that corresponds to your MariaDB server version for the right syntax to use near '' at line 1 in /home/u269039761/domains/carreradelashortensias.com/public_html/system/Database/MySQLi/Connection.php:306
Stack trace:
#0 /home/u269039761/domains/carreradelashortensias.com/public_html/system/Database/MySQLi/Connection.php(306): mysqli->query('SELECT * FROM p...', 0)
#1 /home/u269039761/domains/carreradelashortensias.com/public_html/system/Database/BaseConnection.php(693): CodeIgniter\Database\MySQLi\Connection->execute('SELECT * FROM p...')
#2 /home/u269039761/domains/carreradelashortensias.com/public_html/system/Database/BaseConnection.php(607): CodeIgniter\Database\BaseConnection->simpleQuery('SELECT * FROM p...')
#3 /home/u269039761/domains/carreradelashortensias.com/public_html/app/Models/participantes.php(129): CodeIgniter\Database\BaseConnection->query('SELECT * FROM p...')
#4 /home/u269039761/domains/carreradelashortensias.com/public_html/app/Controllers/Home.php(222): App\Models\Participantes->informacioPago(NULL)
#5 /home/u269039761/domains/carreradelashortensias.com/public_html/system/CodeIgniter.php(942): App\Controllers\Home->mandarCorreo()
#6 /home/u269039761/domains/carreradelashortensias.com/public_html/system/CodeIgniter.php(502): CodeIgniter\CodeIgniter->runController(Object(App\Controllers\Home))
#7 /home/u269039761/domains/carreradelashortensias.com/public_html/system/CodeIgniter.php(361): CodeIgniter\CodeIgniter->handleRequest(NULL, Object(Config\Cache), false)
#8 /home/u269039761/domains/carreradelashortensias.com/public_html/index.php(79): CodeIgniter\CodeIgniter->run()
#9 {main}
CRITICAL - 2024-01-11 16:45:03 --> Call to a member function getResult() on bool
in APPPATH/Models/participantes.php on line 130.
 1 APPPATH/Controllers/Home.php(222): App\Models\Participantes->informacioPago(null)
 2 SYSTEMPATH/CodeIgniter.php(942): App\Controllers\Home->mandarCorreo()
 3 SYSTEMPATH/CodeIgniter.php(502): CodeIgniter\CodeIgniter->runController(Object(App\Controllers\Home))
 4 SYSTEMPATH/CodeIgniter.php(361): CodeIgniter\CodeIgniter->handleRequest(null, Object(Config\Cache), false)
 5 FCPATH/index.php(79): CodeIgniter\CodeIgniter->run()
