CRITICAL - 2024-10-22 16:13:18 --> Invalid integer: 52541.99999999999
in FCPATH\vendor\stripe\stripe-php\lib\Exception\ApiErrorException.php on line 38.
 1 FCPATH\vendor\stripe\stripe-php\lib\Exception\InvalidRequestException.php(35): Stripe\Exception\ApiErrorException::factory('Invalid integer: 52541.99999999999', 400, '{
  "error": {
    "code": "parameter_invalid_integer",
    "doc_url": "https://stripe.com/docs/error-codes/parameter-invalid-integer",
    "message": "Invalid integer: 52541.99999999999",
    "param": "line_items[0][price_data][unit_amount]",
    "request_log_url": "https://dashboard.stripe.com/test/logs/req_4qeVUjSUKUJx5e?t=1729631595",
    "type": "invalid_request_error"
  }
}
', [...], Object(Stripe\Util\CaseInsensitiveArray), 'parameter_invalid_integer')
 2 FCPATH\vendor\stripe\stripe-php\lib\ApiRequestor.php(218): Stripe\Exception\InvalidRequestException::factory('Invalid integer: 52541.99999999999', 400, '{
  "error": {
    "code": "parameter_invalid_integer",
    "doc_url": "https://stripe.com/docs/error-codes/parameter-invalid-integer",
    "message": "Invalid integer: 52541.99999999999",
    "param": "line_items[0][price_data][unit_amount]",
    "request_log_url": "https://dashboard.stripe.com/test/logs/req_4qeVUjSUKUJx5e?t=1729631595",
    "type": "invalid_request_error"
  }
}
', [...], Object(Stripe\Util\CaseInsensitiveArray), 'parameter_invalid_integer', 'line_items[0][price_data][unit_amount]')
 3 FCPATH\vendor\stripe\stripe-php\lib\ApiRequestor.php(180): Stripe\ApiRequestor::_specificAPIError('{
  "error": {
    "code": "parameter_invalid_integer",
    "doc_url": "https://stripe.com/docs/error-codes/parameter-invalid-integer",
    "message": "Invalid integer: 52541.99999999999",
    "param": "line_items[0][price_data][unit_amount]",
    "request_log_url": "https://dashboard.stripe.com/test/logs/req_4qeVUjSUKUJx5e?t=1729631595",
    "type": "invalid_request_error"
  }
}
', 400, Object(Stripe\Util\CaseInsensitiveArray), [...], [...])
 4 FCPATH\vendor\stripe\stripe-php\lib\ApiRequestor.php(564): Stripe\ApiRequestor->handleErrorResponse('{
  "error": {
    "code": "parameter_invalid_integer",
    "doc_url": "https://stripe.com/docs/error-codes/parameter-invalid-integer",
    "message": "Invalid integer: 52541.99999999999",
    "param": "line_items[0][price_data][unit_amount]",
    "request_log_url": "https://dashboard.stripe.com/test/logs/req_4qeVUjSUKUJx5e?t=1729631595",
    "type": "invalid_request_error"
  }
}
', 400, Object(Stripe\Util\CaseInsensitiveArray), [...])
 5 FCPATH\vendor\stripe\stripe-php\lib\ApiRequestor.php(128): Stripe\ApiRequestor->_interpretResponse('{
  "error": {
    "code": "parameter_invalid_integer",
    "doc_url": "https://stripe.com/docs/error-codes/parameter-invalid-integer",
    "message": "Invalid integer: 52541.99999999999",
    "param": "line_items[0][price_data][unit_amount]",
    "request_log_url": "https://dashboard.stripe.com/test/logs/req_4qeVUjSUKUJx5e?t=1729631595",
    "type": "invalid_request_error"
  }
}
', 400, Object(Stripe\Util\CaseInsensitiveArray))
 6 FCPATH\vendor\stripe\stripe-php\lib\BaseStripeClient.php(145): Stripe\ApiRequestor->request('post', '/v1/checkout/sessions', [...], [...], [...])
 7 FCPATH\vendor\stripe\stripe-php\lib\Service\AbstractService.php(75): Stripe\BaseStripeClient->request('post', '/v1/checkout/sessions', [...], Object(Stripe\Util\RequestOptions))
 8 FCPATH\vendor\stripe\stripe-php\lib\Service\Checkout\SessionService.php(55): Stripe\Service\AbstractService->request('post', '/v1/checkout/sessions', [...], null)
 9 APPPATH\Controllers\Stripe.php(66): Stripe\Service\Checkout\SessionService->create([...])
10 SYSTEMPATH\CodeIgniter.php(942): App\Controllers\Stripe->createSession()
11 SYSTEMPATH\CodeIgniter.php(502): CodeIgniter\CodeIgniter->runController(Object(App\Controllers\Stripe))
12 SYSTEMPATH\CodeIgniter.php(361): CodeIgniter\CodeIgniter->handleRequest(null, Object(Config\Cache), false)
13 FCPATH\index.php(79): CodeIgniter\CodeIgniter->run()
CRITICAL - 2024-10-22 16:14:05 --> Invalid integer: 52541.99999999999
in FCPATH\vendor\stripe\stripe-php\lib\Exception\ApiErrorException.php on line 38.
 1 FCPATH\vendor\stripe\stripe-php\lib\Exception\InvalidRequestException.php(35): Stripe\Exception\ApiErrorException::factory('Invalid integer: 52541.99999999999', 400, '{
  "error": {
    "code": "parameter_invalid_integer",
    "doc_url": "https://stripe.com/docs/error-codes/parameter-invalid-integer",
    "message": "Invalid integer: 52541.99999999999",
    "param": "line_items[0][price_data][unit_amount]",
    "request_log_url": "https://dashboard.stripe.com/test/logs/req_sVuNsM0mtBRKS4?t=1729631645",
    "type": "invalid_request_error"
  }
}
', [...], Object(Stripe\Util\CaseInsensitiveArray), 'parameter_invalid_integer')
 2 FCPATH\vendor\stripe\stripe-php\lib\ApiRequestor.php(218): Stripe\Exception\InvalidRequestException::factory('Invalid integer: 52541.99999999999', 400, '{
  "error": {
    "code": "parameter_invalid_integer",
    "doc_url": "https://stripe.com/docs/error-codes/parameter-invalid-integer",
    "message": "Invalid integer: 52541.99999999999",
    "param": "line_items[0][price_data][unit_amount]",
    "request_log_url": "https://dashboard.stripe.com/test/logs/req_sVuNsM0mtBRKS4?t=1729631645",
    "type": "invalid_request_error"
  }
}
', [...], Object(Stripe\Util\CaseInsensitiveArray), 'parameter_invalid_integer', 'line_items[0][price_data][unit_amount]')
 3 FCPATH\vendor\stripe\stripe-php\lib\ApiRequestor.php(180): Stripe\ApiRequestor::_specificAPIError('{
  "error": {
    "code": "parameter_invalid_integer",
    "doc_url": "https://stripe.com/docs/error-codes/parameter-invalid-integer",
    "message": "Invalid integer: 52541.99999999999",
    "param": "line_items[0][price_data][unit_amount]",
    "request_log_url": "https://dashboard.stripe.com/test/logs/req_sVuNsM0mtBRKS4?t=1729631645",
    "type": "invalid_request_error"
  }
}
', 400, Object(Stripe\Util\CaseInsensitiveArray), [...], [...])
 4 FCPATH\vendor\stripe\stripe-php\lib\ApiRequestor.php(564): Stripe\ApiRequestor->handleErrorResponse('{
  "error": {
    "code": "parameter_invalid_integer",
    "doc_url": "https://stripe.com/docs/error-codes/parameter-invalid-integer",
    "message": "Invalid integer: 52541.99999999999",
    "param": "line_items[0][price_data][unit_amount]",
    "request_log_url": "https://dashboard.stripe.com/test/logs/req_sVuNsM0mtBRKS4?t=1729631645",
    "type": "invalid_request_error"
  }
}
', 400, Object(Stripe\Util\CaseInsensitiveArray), [...])
 5 FCPATH\vendor\stripe\stripe-php\lib\ApiRequestor.php(128): Stripe\ApiRequestor->_interpretResponse('{
  "error": {
    "code": "parameter_invalid_integer",
    "doc_url": "https://stripe.com/docs/error-codes/parameter-invalid-integer",
    "message": "Invalid integer: 52541.99999999999",
    "param": "line_items[0][price_data][unit_amount]",
    "request_log_url": "https://dashboard.stripe.com/test/logs/req_sVuNsM0mtBRKS4?t=1729631645",
    "type": "invalid_request_error"
  }
}
', 400, Object(Stripe\Util\CaseInsensitiveArray))
 6 FCPATH\vendor\stripe\stripe-php\lib\BaseStripeClient.php(145): Stripe\ApiRequestor->request('post', '/v1/checkout/sessions', [...], [...], [...])
 7 FCPATH\vendor\stripe\stripe-php\lib\Service\AbstractService.php(75): Stripe\BaseStripeClient->request('post', '/v1/checkout/sessions', [...], Object(Stripe\Util\RequestOptions))
 8 FCPATH\vendor\stripe\stripe-php\lib\Service\Checkout\SessionService.php(55): Stripe\Service\AbstractService->request('post', '/v1/checkout/sessions', [...], null)
 9 APPPATH\Controllers\Stripe.php(66): Stripe\Service\Checkout\SessionService->create([...])
10 SYSTEMPATH\CodeIgniter.php(942): App\Controllers\Stripe->createSession()
11 SYSTEMPATH\CodeIgniter.php(502): CodeIgniter\CodeIgniter->runController(Object(App\Controllers\Stripe))
12 SYSTEMPATH\CodeIgniter.php(361): CodeIgniter\CodeIgniter->handleRequest(null, Object(Config\Cache), false)
13 FCPATH\index.php(79): CodeIgniter\CodeIgniter->run()
