CRITICAL - 2024-01-15 12:31:57 --> syntax error, unexpected ';', expecting ')'
in APPPATH/Controllers/Webhook.php on line 103.
 1 SYSTEMPATH/Router/Router.php(514): CodeIgniter\Router\AutoRouter->getRoute('Webhook', 'post')
 2 SYSTEMPATH/Router/Router.php(210): CodeIgniter\Router\Router->autoRoute('Webhook')
 3 SYSTEMPATH/CodeIgniter.php(823): CodeIgniter\Router\Router->handle('Webhook')
 4 SYSTEMPATH/CodeIgniter.php(450): CodeIgniter\CodeIgniter->tryToRouteIt(Object(CodeIgniter\Router\RouteCollection))
 5 SYSTEMPATH/CodeIgniter.php(361): CodeIgniter\CodeIgniter->handleRequest(null, Object(Config\Cache), false)
 6 FCPATH/index.php(79): CodeIgniter\CodeIgniter->run()
CRITICAL - 2024-01-15 12:32:31 --> syntax error, unexpected ';', expecting ')'
in APPPATH/Controllers/Webhook.php on line 103.
 1 SYSTEMPATH/Router/Router.php(514): CodeIgniter\Router\AutoRouter->getRoute('Webhook', 'post')
 2 SYSTEMPATH/Router/Router.php(210): CodeIgniter\Router\Router->autoRoute('Webhook')
 3 SYSTEMPATH/CodeIgniter.php(823): CodeIgniter\Router\Router->handle('Webhook')
 4 SYSTEMPATH/CodeIgniter.php(450): CodeIgniter\CodeIgniter->tryToRouteIt(Object(CodeIgniter\Router\RouteCollection))
 5 SYSTEMPATH/CodeIgniter.php(361): CodeIgniter\CodeIgniter->handleRequest(null, Object(Config\Cache), false)
 6 FCPATH/index.php(79): CodeIgniter\CodeIgniter->run()
CRITICAL - 2024-01-15 12:32:45 --> syntax error, unexpected ';', expecting ')'
in APPPATH/Controllers/Webhook.php on line 103.
 1 SYSTEMPATH/Router/Router.php(514): CodeIgniter\Router\AutoRouter->getRoute('Webhook', 'post')
 2 SYSTEMPATH/Router/Router.php(210): CodeIgniter\Router\Router->autoRoute('Webhook')
 3 SYSTEMPATH/CodeIgniter.php(823): CodeIgniter\Router\Router->handle('Webhook')
 4 SYSTEMPATH/CodeIgniter.php(450): CodeIgniter\CodeIgniter->tryToRouteIt(Object(CodeIgniter\Router\RouteCollection))
 5 SYSTEMPATH/CodeIgniter.php(361): CodeIgniter\CodeIgniter->handleRequest(null, Object(Config\Cache), false)
 6 FCPATH/index.php(79): CodeIgniter\CodeIgniter->run()
CRITICAL - 2024-01-15 12:33:41 --> syntax error, unexpected ';', expecting ')'
in APPPATH/Controllers/Webhook.php on line 103.
 1 SYSTEMPATH/Router/Router.php(514): CodeIgniter\Router\AutoRouter->getRoute('Webhook', 'post')
 2 SYSTEMPATH/Router/Router.php(210): CodeIgniter\Router\Router->autoRoute('Webhook')
 3 SYSTEMPATH/CodeIgniter.php(823): CodeIgniter\Router\Router->handle('Webhook')
 4 SYSTEMPATH/CodeIgniter.php(450): CodeIgniter\CodeIgniter->tryToRouteIt(Object(CodeIgniter\Router\RouteCollection))
 5 SYSTEMPATH/CodeIgniter.php(361): CodeIgniter\CodeIgniter->handleRequest(null, Object(Config\Cache), false)
 6 FCPATH/index.php(79): CodeIgniter\CodeIgniter->run()
