CRITICAL - 2024-01-19 15:32:59 --> The Checkout Session's total amount due must add up to at least $10.00 mxn
in FCPATH/vendor/stripe/stripe-php/lib/Exception/ApiErrorException.php on line 38.
 1 FCPATH/vendor/stripe/stripe-php/lib/Exception/InvalidRequestException.php(35): Stripe\Exception\ApiErrorException::factory('The Checkout Session\'s total amount due must add up to at least $10.00 mxn', 400, '{
  "error": {
    "code": "amount_too_small",
    "doc_url": "https://stripe.com/docs/error-codes/amount-too-small",
    "message": "The Checkout Session\'s total amount due must add up to at least $10.00 mxn",
    "request_log_url": "https://dashboard.stripe.com/logs/req_dQmQ2tDzenkfCF?t=1705699979",
    "type": "invalid_request_error"
  }
}
', [...], Object(Stripe\Util\CaseInsensitiveArray), 'amount_too_small')
 2 FCPATH/vendor/stripe/stripe-php/lib/ApiRequestor.php(218): Stripe\Exception\InvalidRequestException::factory('The Checkout Session\'s total amount due must add up to at least $10.00 mxn', 400, '{
  "error": {
    "code": "amount_too_small",
    "doc_url": "https://stripe.com/docs/error-codes/amount-too-small",
    "message": "The Checkout Session\'s total amount due must add up to at least $10.00 mxn",
    "request_log_url": "https://dashboard.stripe.com/logs/req_dQmQ2tDzenkfCF?t=1705699979",
    "type": "invalid_request_error"
  }
}
', [...], Object(Stripe\Util\CaseInsensitiveArray), 'amount_too_small', null)
 3 FCPATH/vendor/stripe/stripe-php/lib/ApiRequestor.php(180): Stripe\ApiRequestor::_specificAPIError('{
  "error": {
    "code": "amount_too_small",
    "doc_url": "https://stripe.com/docs/error-codes/amount-too-small",
    "message": "The Checkout Session\'s total amount due must add up to at least $10.00 mxn",
    "request_log_url": "https://dashboard.stripe.com/logs/req_dQmQ2tDzenkfCF?t=1705699979",
    "type": "invalid_request_error"
  }
}
', 400, Object(Stripe\Util\CaseInsensitiveArray), [...], [...])
 4 FCPATH/vendor/stripe/stripe-php/lib/ApiRequestor.php(564): Stripe\ApiRequestor->handleErrorResponse('{
  "error": {
    "code": "amount_too_small",
    "doc_url": "https://stripe.com/docs/error-codes/amount-too-small",
    "message": "The Checkout Session\'s total amount due must add up to at least $10.00 mxn",
    "request_log_url": "https://dashboard.stripe.com/logs/req_dQmQ2tDzenkfCF?t=1705699979",
    "type": "invalid_request_error"
  }
}
', 400, Object(Stripe\Util\CaseInsensitiveArray), [...])
 5 FCPATH/vendor/stripe/stripe-php/lib/ApiRequestor.php(128): Stripe\ApiRequestor->_interpretResponse('{
  "error": {
    "code": "amount_too_small",
    "doc_url": "https://stripe.com/docs/error-codes/amount-too-small",
    "message": "The Checkout Session\'s total amount due must add up to at least $10.00 mxn",
    "request_log_url": "https://dashboard.stripe.com/logs/req_dQmQ2tDzenkfCF?t=1705699979",
    "type": "invalid_request_error"
  }
}
', 400, Object(Stripe\Util\CaseInsensitiveArray))
 6 FCPATH/vendor/stripe/stripe-php/lib/BaseStripeClient.php(145): Stripe\ApiRequestor->request('post', '/v1/checkout/sessions', [...], [...], [...])
 7 FCPATH/vendor/stripe/stripe-php/lib/Service/AbstractService.php(75): Stripe\BaseStripeClient->request('post', '/v1/checkout/sessions', [...], Object(Stripe\Util\RequestOptions))
 8 FCPATH/vendor/stripe/stripe-php/lib/Service/Checkout/SessionService.php(55): Stripe\Service\AbstractService->request('post', '/v1/checkout/sessions', [...], null)
 9 APPPATH/Controllers/Stripe.php(64): Stripe\Service\Checkout\SessionService->create([...])
10 SYSTEMPATH/CodeIgniter.php(942): App\Controllers\Stripe->createSession()
11 SYSTEMPATH/CodeIgniter.php(502): CodeIgniter\CodeIgniter->runController(Object(App\Controllers\Stripe))
12 SYSTEMPATH/CodeIgniter.php(361): CodeIgniter\CodeIgniter->handleRequest(null, Object(Config\Cache), false)
13 FCPATH/index.php(79): CodeIgniter\CodeIgniter->run()
CRITICAL - 2024-01-19 15:33:08 --> Invalid integer: 
in FCPATH/vendor/stripe/stripe-php/lib/Exception/ApiErrorException.php on line 38.
 1 FCPATH/vendor/stripe/stripe-php/lib/Exception/InvalidRequestException.php(35): Stripe\Exception\ApiErrorException::factory('Invalid integer: ', 400, '{
  "error": {
    "code": "parameter_invalid_integer",
    "doc_url": "https://stripe.com/docs/error-codes/parameter-invalid-integer",
    "message": "Invalid integer: ",
    "param": "line_items[0][price_data][unit_amount]",
    "request_log_url": "https://dashboard.stripe.com/logs/req_xxH2B00588uZn0?t=1705699988",
    "type": "invalid_request_error"
  }
}
', [...], Object(Stripe\Util\CaseInsensitiveArray), 'parameter_invalid_integer')
 2 FCPATH/vendor/stripe/stripe-php/lib/ApiRequestor.php(218): Stripe\Exception\InvalidRequestException::factory('Invalid integer: ', 400, '{
  "error": {
    "code": "parameter_invalid_integer",
    "doc_url": "https://stripe.com/docs/error-codes/parameter-invalid-integer",
    "message": "Invalid integer: ",
    "param": "line_items[0][price_data][unit_amount]",
    "request_log_url": "https://dashboard.stripe.com/logs/req_xxH2B00588uZn0?t=1705699988",
    "type": "invalid_request_error"
  }
}
', [...], Object(Stripe\Util\CaseInsensitiveArray), 'parameter_invalid_integer', 'line_items[0][price_data][unit_amount]')
 3 FCPATH/vendor/stripe/stripe-php/lib/ApiRequestor.php(180): Stripe\ApiRequestor::_specificAPIError('{
  "error": {
    "code": "parameter_invalid_integer",
    "doc_url": "https://stripe.com/docs/error-codes/parameter-invalid-integer",
    "message": "Invalid integer: ",
    "param": "line_items[0][price_data][unit_amount]",
    "request_log_url": "https://dashboard.stripe.com/logs/req_xxH2B00588uZn0?t=1705699988",
    "type": "invalid_request_error"
  }
}
', 400, Object(Stripe\Util\CaseInsensitiveArray), [...], [...])
 4 FCPATH/vendor/stripe/stripe-php/lib/ApiRequestor.php(564): Stripe\ApiRequestor->handleErrorResponse('{
  "error": {
    "code": "parameter_invalid_integer",
    "doc_url": "https://stripe.com/docs/error-codes/parameter-invalid-integer",
    "message": "Invalid integer: ",
    "param": "line_items[0][price_data][unit_amount]",
    "request_log_url": "https://dashboard.stripe.com/logs/req_xxH2B00588uZn0?t=1705699988",
    "type": "invalid_request_error"
  }
}
', 400, Object(Stripe\Util\CaseInsensitiveArray), [...])
 5 FCPATH/vendor/stripe/stripe-php/lib/ApiRequestor.php(128): Stripe\ApiRequestor->_interpretResponse('{
  "error": {
    "code": "parameter_invalid_integer",
    "doc_url": "https://stripe.com/docs/error-codes/parameter-invalid-integer",
    "message": "Invalid integer: ",
    "param": "line_items[0][price_data][unit_amount]",
    "request_log_url": "https://dashboard.stripe.com/logs/req_xxH2B00588uZn0?t=1705699988",
    "type": "invalid_request_error"
  }
}
', 400, Object(Stripe\Util\CaseInsensitiveArray))
 6 FCPATH/vendor/stripe/stripe-php/lib/BaseStripeClient.php(145): Stripe\ApiRequestor->request('post', '/v1/checkout/sessions', [...], [...], [...])
 7 FCPATH/vendor/stripe/stripe-php/lib/Service/AbstractService.php(75): Stripe\BaseStripeClient->request('post', '/v1/checkout/sessions', [...], Object(Stripe\Util\RequestOptions))
 8 FCPATH/vendor/stripe/stripe-php/lib/Service/Checkout/SessionService.php(55): Stripe\Service\AbstractService->request('post', '/v1/checkout/sessions', [...], null)
 9 APPPATH/Controllers/Stripe.php(64): Stripe\Service\Checkout\SessionService->create([...])
10 SYSTEMPATH/CodeIgniter.php(942): App\Controllers\Stripe->createSession()
11 SYSTEMPATH/CodeIgniter.php(502): CodeIgniter\CodeIgniter->runController(Object(App\Controllers\Stripe))
12 SYSTEMPATH/CodeIgniter.php(361): CodeIgniter\CodeIgniter->handleRequest(null, Object(Config\Cache), false)
13 FCPATH/index.php(79): CodeIgniter\CodeIgniter->run()
CRITICAL - 2024-01-19 15:36:13 --> The Checkout Session's total amount due must add up to at least $10.00 mxn
in FCPATH/vendor/stripe/stripe-php/lib/Exception/ApiErrorException.php on line 38.
 1 FCPATH/vendor/stripe/stripe-php/lib/Exception/InvalidRequestException.php(35): Stripe\Exception\ApiErrorException::factory('The Checkout Session\'s total amount due must add up to at least $10.00 mxn', 400, '{
  "error": {
    "code": "amount_too_small",
    "doc_url": "https://stripe.com/docs/error-codes/amount-too-small",
    "message": "The Checkout Session\'s total amount due must add up to at least $10.00 mxn",
    "request_log_url": "https://dashboard.stripe.com/logs/req_CzTl9lDksoBmvH?t=1705700172",
    "type": "invalid_request_error"
  }
}
', [...], Object(Stripe\Util\CaseInsensitiveArray), 'amount_too_small')
 2 FCPATH/vendor/stripe/stripe-php/lib/ApiRequestor.php(218): Stripe\Exception\InvalidRequestException::factory('The Checkout Session\'s total amount due must add up to at least $10.00 mxn', 400, '{
  "error": {
    "code": "amount_too_small",
    "doc_url": "https://stripe.com/docs/error-codes/amount-too-small",
    "message": "The Checkout Session\'s total amount due must add up to at least $10.00 mxn",
    "request_log_url": "https://dashboard.stripe.com/logs/req_CzTl9lDksoBmvH?t=1705700172",
    "type": "invalid_request_error"
  }
}
', [...], Object(Stripe\Util\CaseInsensitiveArray), 'amount_too_small', null)
 3 FCPATH/vendor/stripe/stripe-php/lib/ApiRequestor.php(180): Stripe\ApiRequestor::_specificAPIError('{
  "error": {
    "code": "amount_too_small",
    "doc_url": "https://stripe.com/docs/error-codes/amount-too-small",
    "message": "The Checkout Session\'s total amount due must add up to at least $10.00 mxn",
    "request_log_url": "https://dashboard.stripe.com/logs/req_CzTl9lDksoBmvH?t=1705700172",
    "type": "invalid_request_error"
  }
}
', 400, Object(Stripe\Util\CaseInsensitiveArray), [...], [...])
 4 FCPATH/vendor/stripe/stripe-php/lib/ApiRequestor.php(564): Stripe\ApiRequestor->handleErrorResponse('{
  "error": {
    "code": "amount_too_small",
    "doc_url": "https://stripe.com/docs/error-codes/amount-too-small",
    "message": "The Checkout Session\'s total amount due must add up to at least $10.00 mxn",
    "request_log_url": "https://dashboard.stripe.com/logs/req_CzTl9lDksoBmvH?t=1705700172",
    "type": "invalid_request_error"
  }
}
', 400, Object(Stripe\Util\CaseInsensitiveArray), [...])
 5 FCPATH/vendor/stripe/stripe-php/lib/ApiRequestor.php(128): Stripe\ApiRequestor->_interpretResponse('{
  "error": {
    "code": "amount_too_small",
    "doc_url": "https://stripe.com/docs/error-codes/amount-too-small",
    "message": "The Checkout Session\'s total amount due must add up to at least $10.00 mxn",
    "request_log_url": "https://dashboard.stripe.com/logs/req_CzTl9lDksoBmvH?t=1705700172",
    "type": "invalid_request_error"
  }
}
', 400, Object(Stripe\Util\CaseInsensitiveArray))
 6 FCPATH/vendor/stripe/stripe-php/lib/BaseStripeClient.php(145): Stripe\ApiRequestor->request('post', '/v1/checkout/sessions', [...], [...], [...])
 7 FCPATH/vendor/stripe/stripe-php/lib/Service/AbstractService.php(75): Stripe\BaseStripeClient->request('post', '/v1/checkout/sessions', [...], Object(Stripe\Util\RequestOptions))
 8 FCPATH/vendor/stripe/stripe-php/lib/Service/Checkout/SessionService.php(55): Stripe\Service\AbstractService->request('post', '/v1/checkout/sessions', [...], null)
 9 APPPATH/Controllers/Stripe.php(64): Stripe\Service\Checkout\SessionService->create([...])
10 SYSTEMPATH/CodeIgniter.php(942): App\Controllers\Stripe->createSession()
11 SYSTEMPATH/CodeIgniter.php(502): CodeIgniter\CodeIgniter->runController(Object(App\Controllers\Stripe))
12 SYSTEMPATH/CodeIgniter.php(361): CodeIgniter\CodeIgniter->handleRequest(null, Object(Config\Cache), false)
13 FCPATH/index.php(79): CodeIgniter\CodeIgniter->run()
CRITICAL - 2024-01-19 15:38:24 --> The Checkout Session's total amount due must add up to at least $10.00 mxn
in FCPATH/vendor/stripe/stripe-php/lib/Exception/ApiErrorException.php on line 38.
 1 FCPATH/vendor/stripe/stripe-php/lib/Exception/InvalidRequestException.php(35): Stripe\Exception\ApiErrorException::factory('The Checkout Session\'s total amount due must add up to at least $10.00 mxn', 400, '{
  "error": {
    "code": "amount_too_small",
    "doc_url": "https://stripe.com/docs/error-codes/amount-too-small",
    "message": "The Checkout Session\'s total amount due must add up to at least $10.00 mxn",
    "request_log_url": "https://dashboard.stripe.com/logs/req_IpX3oi3FNeoehl?t=1705700304",
    "type": "invalid_request_error"
  }
}
', [...], Object(Stripe\Util\CaseInsensitiveArray), 'amount_too_small')
 2 FCPATH/vendor/stripe/stripe-php/lib/ApiRequestor.php(218): Stripe\Exception\InvalidRequestException::factory('The Checkout Session\'s total amount due must add up to at least $10.00 mxn', 400, '{
  "error": {
    "code": "amount_too_small",
    "doc_url": "https://stripe.com/docs/error-codes/amount-too-small",
    "message": "The Checkout Session\'s total amount due must add up to at least $10.00 mxn",
    "request_log_url": "https://dashboard.stripe.com/logs/req_IpX3oi3FNeoehl?t=1705700304",
    "type": "invalid_request_error"
  }
}
', [...], Object(Stripe\Util\CaseInsensitiveArray), 'amount_too_small', null)
 3 FCPATH/vendor/stripe/stripe-php/lib/ApiRequestor.php(180): Stripe\ApiRequestor::_specificAPIError('{
  "error": {
    "code": "amount_too_small",
    "doc_url": "https://stripe.com/docs/error-codes/amount-too-small",
    "message": "The Checkout Session\'s total amount due must add up to at least $10.00 mxn",
    "request_log_url": "https://dashboard.stripe.com/logs/req_IpX3oi3FNeoehl?t=1705700304",
    "type": "invalid_request_error"
  }
}
', 400, Object(Stripe\Util\CaseInsensitiveArray), [...], [...])
 4 FCPATH/vendor/stripe/stripe-php/lib/ApiRequestor.php(564): Stripe\ApiRequestor->handleErrorResponse('{
  "error": {
    "code": "amount_too_small",
    "doc_url": "https://stripe.com/docs/error-codes/amount-too-small",
    "message": "The Checkout Session\'s total amount due must add up to at least $10.00 mxn",
    "request_log_url": "https://dashboard.stripe.com/logs/req_IpX3oi3FNeoehl?t=1705700304",
    "type": "invalid_request_error"
  }
}
', 400, Object(Stripe\Util\CaseInsensitiveArray), [...])
 5 FCPATH/vendor/stripe/stripe-php/lib/ApiRequestor.php(128): Stripe\ApiRequestor->_interpretResponse('{
  "error": {
    "code": "amount_too_small",
    "doc_url": "https://stripe.com/docs/error-codes/amount-too-small",
    "message": "The Checkout Session\'s total amount due must add up to at least $10.00 mxn",
    "request_log_url": "https://dashboard.stripe.com/logs/req_IpX3oi3FNeoehl?t=1705700304",
    "type": "invalid_request_error"
  }
}
', 400, Object(Stripe\Util\CaseInsensitiveArray))
 6 FCPATH/vendor/stripe/stripe-php/lib/BaseStripeClient.php(145): Stripe\ApiRequestor->request('post', '/v1/checkout/sessions', [...], [...], [...])
 7 FCPATH/vendor/stripe/stripe-php/lib/Service/AbstractService.php(75): Stripe\BaseStripeClient->request('post', '/v1/checkout/sessions', [...], Object(Stripe\Util\RequestOptions))
 8 FCPATH/vendor/stripe/stripe-php/lib/Service/Checkout/SessionService.php(55): Stripe\Service\AbstractService->request('post', '/v1/checkout/sessions', [...], null)
 9 APPPATH/Controllers/Stripe.php(64): Stripe\Service\Checkout\SessionService->create([...])
10 SYSTEMPATH/CodeIgniter.php(942): App\Controllers\Stripe->createSession()
11 SYSTEMPATH/CodeIgniter.php(502): CodeIgniter\CodeIgniter->runController(Object(App\Controllers\Stripe))
12 SYSTEMPATH/CodeIgniter.php(361): CodeIgniter\CodeIgniter->handleRequest(null, Object(Config\Cache), false)
13 FCPATH/index.php(79): CodeIgniter\CodeIgniter->run()
CRITICAL - 2024-01-19 15:38:28 --> Invalid integer: 
in FCPATH/vendor/stripe/stripe-php/lib/Exception/ApiErrorException.php on line 38.
 1 FCPATH/vendor/stripe/stripe-php/lib/Exception/InvalidRequestException.php(35): Stripe\Exception\ApiErrorException::factory('Invalid integer: ', 400, '{
  "error": {
    "code": "parameter_invalid_integer",
    "doc_url": "https://stripe.com/docs/error-codes/parameter-invalid-integer",
    "message": "Invalid integer: ",
    "param": "line_items[0][price_data][unit_amount]",
    "request_log_url": "https://dashboard.stripe.com/logs/req_EW8hBsa3ZfBp7S?t=1705700308",
    "type": "invalid_request_error"
  }
}
', [...], Object(Stripe\Util\CaseInsensitiveArray), 'parameter_invalid_integer')
 2 FCPATH/vendor/stripe/stripe-php/lib/ApiRequestor.php(218): Stripe\Exception\InvalidRequestException::factory('Invalid integer: ', 400, '{
  "error": {
    "code": "parameter_invalid_integer",
    "doc_url": "https://stripe.com/docs/error-codes/parameter-invalid-integer",
    "message": "Invalid integer: ",
    "param": "line_items[0][price_data][unit_amount]",
    "request_log_url": "https://dashboard.stripe.com/logs/req_EW8hBsa3ZfBp7S?t=1705700308",
    "type": "invalid_request_error"
  }
}
', [...], Object(Stripe\Util\CaseInsensitiveArray), 'parameter_invalid_integer', 'line_items[0][price_data][unit_amount]')
 3 FCPATH/vendor/stripe/stripe-php/lib/ApiRequestor.php(180): Stripe\ApiRequestor::_specificAPIError('{
  "error": {
    "code": "parameter_invalid_integer",
    "doc_url": "https://stripe.com/docs/error-codes/parameter-invalid-integer",
    "message": "Invalid integer: ",
    "param": "line_items[0][price_data][unit_amount]",
    "request_log_url": "https://dashboard.stripe.com/logs/req_EW8hBsa3ZfBp7S?t=1705700308",
    "type": "invalid_request_error"
  }
}
', 400, Object(Stripe\Util\CaseInsensitiveArray), [...], [...])
 4 FCPATH/vendor/stripe/stripe-php/lib/ApiRequestor.php(564): Stripe\ApiRequestor->handleErrorResponse('{
  "error": {
    "code": "parameter_invalid_integer",
    "doc_url": "https://stripe.com/docs/error-codes/parameter-invalid-integer",
    "message": "Invalid integer: ",
    "param": "line_items[0][price_data][unit_amount]",
    "request_log_url": "https://dashboard.stripe.com/logs/req_EW8hBsa3ZfBp7S?t=1705700308",
    "type": "invalid_request_error"
  }
}
', 400, Object(Stripe\Util\CaseInsensitiveArray), [...])
 5 FCPATH/vendor/stripe/stripe-php/lib/ApiRequestor.php(128): Stripe\ApiRequestor->_interpretResponse('{
  "error": {
    "code": "parameter_invalid_integer",
    "doc_url": "https://stripe.com/docs/error-codes/parameter-invalid-integer",
    "message": "Invalid integer: ",
    "param": "line_items[0][price_data][unit_amount]",
    "request_log_url": "https://dashboard.stripe.com/logs/req_EW8hBsa3ZfBp7S?t=1705700308",
    "type": "invalid_request_error"
  }
}
', 400, Object(Stripe\Util\CaseInsensitiveArray))
 6 FCPATH/vendor/stripe/stripe-php/lib/BaseStripeClient.php(145): Stripe\ApiRequestor->request('post', '/v1/checkout/sessions', [...], [...], [...])
 7 FCPATH/vendor/stripe/stripe-php/lib/Service/AbstractService.php(75): Stripe\BaseStripeClient->request('post', '/v1/checkout/sessions', [...], Object(Stripe\Util\RequestOptions))
 8 FCPATH/vendor/stripe/stripe-php/lib/Service/Checkout/SessionService.php(55): Stripe\Service\AbstractService->request('post', '/v1/checkout/sessions', [...], null)
 9 APPPATH/Controllers/Stripe.php(64): Stripe\Service\Checkout\SessionService->create([...])
10 SYSTEMPATH/CodeIgniter.php(942): App\Controllers\Stripe->createSession()
11 SYSTEMPATH/CodeIgniter.php(502): CodeIgniter\CodeIgniter->runController(Object(App\Controllers\Stripe))
12 SYSTEMPATH/CodeIgniter.php(361): CodeIgniter\CodeIgniter->handleRequest(null, Object(Config\Cache), false)
13 FCPATH/index.php(79): CodeIgniter\CodeIgniter->run()
CRITICAL - 2024-01-19 15:40:58 --> The Checkout Session's total amount due must add up to at least $10.00 mxn
in FCPATH/vendor/stripe/stripe-php/lib/Exception/ApiErrorException.php on line 38.
 1 FCPATH/vendor/stripe/stripe-php/lib/Exception/InvalidRequestException.php(35): Stripe\Exception\ApiErrorException::factory('The Checkout Session\'s total amount due must add up to at least $10.00 mxn', 400, '{
  "error": {
    "code": "amount_too_small",
    "doc_url": "https://stripe.com/docs/error-codes/amount-too-small",
    "message": "The Checkout Session\'s total amount due must add up to at least $10.00 mxn",
    "request_log_url": "https://dashboard.stripe.com/logs/req_JwdU63aezIxBmQ?t=1705700458",
    "type": "invalid_request_error"
  }
}
', [...], Object(Stripe\Util\CaseInsensitiveArray), 'amount_too_small')
 2 FCPATH/vendor/stripe/stripe-php/lib/ApiRequestor.php(218): Stripe\Exception\InvalidRequestException::factory('The Checkout Session\'s total amount due must add up to at least $10.00 mxn', 400, '{
  "error": {
    "code": "amount_too_small",
    "doc_url": "https://stripe.com/docs/error-codes/amount-too-small",
    "message": "The Checkout Session\'s total amount due must add up to at least $10.00 mxn",
    "request_log_url": "https://dashboard.stripe.com/logs/req_JwdU63aezIxBmQ?t=1705700458",
    "type": "invalid_request_error"
  }
}
', [...], Object(Stripe\Util\CaseInsensitiveArray), 'amount_too_small', null)
 3 FCPATH/vendor/stripe/stripe-php/lib/ApiRequestor.php(180): Stripe\ApiRequestor::_specificAPIError('{
  "error": {
    "code": "amount_too_small",
    "doc_url": "https://stripe.com/docs/error-codes/amount-too-small",
    "message": "The Checkout Session\'s total amount due must add up to at least $10.00 mxn",
    "request_log_url": "https://dashboard.stripe.com/logs/req_JwdU63aezIxBmQ?t=1705700458",
    "type": "invalid_request_error"
  }
}
', 400, Object(Stripe\Util\CaseInsensitiveArray), [...], [...])
 4 FCPATH/vendor/stripe/stripe-php/lib/ApiRequestor.php(564): Stripe\ApiRequestor->handleErrorResponse('{
  "error": {
    "code": "amount_too_small",
    "doc_url": "https://stripe.com/docs/error-codes/amount-too-small",
    "message": "The Checkout Session\'s total amount due must add up to at least $10.00 mxn",
    "request_log_url": "https://dashboard.stripe.com/logs/req_JwdU63aezIxBmQ?t=1705700458",
    "type": "invalid_request_error"
  }
}
', 400, Object(Stripe\Util\CaseInsensitiveArray), [...])
 5 FCPATH/vendor/stripe/stripe-php/lib/ApiRequestor.php(128): Stripe\ApiRequestor->_interpretResponse('{
  "error": {
    "code": "amount_too_small",
    "doc_url": "https://stripe.com/docs/error-codes/amount-too-small",
    "message": "The Checkout Session\'s total amount due must add up to at least $10.00 mxn",
    "request_log_url": "https://dashboard.stripe.com/logs/req_JwdU63aezIxBmQ?t=1705700458",
    "type": "invalid_request_error"
  }
}
', 400, Object(Stripe\Util\CaseInsensitiveArray))
 6 FCPATH/vendor/stripe/stripe-php/lib/BaseStripeClient.php(145): Stripe\ApiRequestor->request('post', '/v1/checkout/sessions', [...], [...], [...])
 7 FCPATH/vendor/stripe/stripe-php/lib/Service/AbstractService.php(75): Stripe\BaseStripeClient->request('post', '/v1/checkout/sessions', [...], Object(Stripe\Util\RequestOptions))
 8 FCPATH/vendor/stripe/stripe-php/lib/Service/Checkout/SessionService.php(55): Stripe\Service\AbstractService->request('post', '/v1/checkout/sessions', [...], null)
 9 APPPATH/Controllers/Stripe.php(64): Stripe\Service\Checkout\SessionService->create([...])
10 SYSTEMPATH/CodeIgniter.php(942): App\Controllers\Stripe->createSession()
11 SYSTEMPATH/CodeIgniter.php(502): CodeIgniter\CodeIgniter->runController(Object(App\Controllers\Stripe))
12 SYSTEMPATH/CodeIgniter.php(361): CodeIgniter\CodeIgniter->handleRequest(null, Object(Config\Cache), false)
13 FCPATH/index.php(79): CodeIgniter\CodeIgniter->run()
CRITICAL - 2024-01-19 15:44:21 --> Invalid integer: 
in FCPATH/vendor/stripe/stripe-php/lib/Exception/ApiErrorException.php on line 38.
 1 FCPATH/vendor/stripe/stripe-php/lib/Exception/InvalidRequestException.php(35): Stripe\Exception\ApiErrorException::factory('Invalid integer: ', 400, '{
  "error": {
    "code": "parameter_invalid_integer",
    "doc_url": "https://stripe.com/docs/error-codes/parameter-invalid-integer",
    "message": "Invalid integer: ",
    "param": "line_items[0][price_data][unit_amount]",
    "request_log_url": "https://dashboard.stripe.com/logs/req_LZcyR8zx6IUnnQ?t=1705700661",
    "type": "invalid_request_error"
  }
}
', [...], Object(Stripe\Util\CaseInsensitiveArray), 'parameter_invalid_integer')
 2 FCPATH/vendor/stripe/stripe-php/lib/ApiRequestor.php(218): Stripe\Exception\InvalidRequestException::factory('Invalid integer: ', 400, '{
  "error": {
    "code": "parameter_invalid_integer",
    "doc_url": "https://stripe.com/docs/error-codes/parameter-invalid-integer",
    "message": "Invalid integer: ",
    "param": "line_items[0][price_data][unit_amount]",
    "request_log_url": "https://dashboard.stripe.com/logs/req_LZcyR8zx6IUnnQ?t=1705700661",
    "type": "invalid_request_error"
  }
}
', [...], Object(Stripe\Util\CaseInsensitiveArray), 'parameter_invalid_integer', 'line_items[0][price_data][unit_amount]')
 3 FCPATH/vendor/stripe/stripe-php/lib/ApiRequestor.php(180): Stripe\ApiRequestor::_specificAPIError('{
  "error": {
    "code": "parameter_invalid_integer",
    "doc_url": "https://stripe.com/docs/error-codes/parameter-invalid-integer",
    "message": "Invalid integer: ",
    "param": "line_items[0][price_data][unit_amount]",
    "request_log_url": "https://dashboard.stripe.com/logs/req_LZcyR8zx6IUnnQ?t=1705700661",
    "type": "invalid_request_error"
  }
}
', 400, Object(Stripe\Util\CaseInsensitiveArray), [...], [...])
 4 FCPATH/vendor/stripe/stripe-php/lib/ApiRequestor.php(564): Stripe\ApiRequestor->handleErrorResponse('{
  "error": {
    "code": "parameter_invalid_integer",
    "doc_url": "https://stripe.com/docs/error-codes/parameter-invalid-integer",
    "message": "Invalid integer: ",
    "param": "line_items[0][price_data][unit_amount]",
    "request_log_url": "https://dashboard.stripe.com/logs/req_LZcyR8zx6IUnnQ?t=1705700661",
    "type": "invalid_request_error"
  }
}
', 400, Object(Stripe\Util\CaseInsensitiveArray), [...])
 5 FCPATH/vendor/stripe/stripe-php/lib/ApiRequestor.php(128): Stripe\ApiRequestor->_interpretResponse('{
  "error": {
    "code": "parameter_invalid_integer",
    "doc_url": "https://stripe.com/docs/error-codes/parameter-invalid-integer",
    "message": "Invalid integer: ",
    "param": "line_items[0][price_data][unit_amount]",
    "request_log_url": "https://dashboard.stripe.com/logs/req_LZcyR8zx6IUnnQ?t=1705700661",
    "type": "invalid_request_error"
  }
}
', 400, Object(Stripe\Util\CaseInsensitiveArray))
 6 FCPATH/vendor/stripe/stripe-php/lib/BaseStripeClient.php(145): Stripe\ApiRequestor->request('post', '/v1/checkout/sessions', [...], [...], [...])
 7 FCPATH/vendor/stripe/stripe-php/lib/Service/AbstractService.php(75): Stripe\BaseStripeClient->request('post', '/v1/checkout/sessions', [...], Object(Stripe\Util\RequestOptions))
 8 FCPATH/vendor/stripe/stripe-php/lib/Service/Checkout/SessionService.php(55): Stripe\Service\AbstractService->request('post', '/v1/checkout/sessions', [...], null)
 9 APPPATH/Controllers/Stripe.php(64): Stripe\Service\Checkout\SessionService->create([...])
10 SYSTEMPATH/CodeIgniter.php(942): App\Controllers\Stripe->createSession()
11 SYSTEMPATH/CodeIgniter.php(502): CodeIgniter\CodeIgniter->runController(Object(App\Controllers\Stripe))
12 SYSTEMPATH/CodeIgniter.php(361): CodeIgniter\CodeIgniter->handleRequest(null, Object(Config\Cache), false)
13 FCPATH/index.php(79): CodeIgniter\CodeIgniter->run()
CRITICAL - 2024-01-19 15:45:22 --> The Checkout Session's total amount due must add up to at least $10.00 mxn
in FCPATH/vendor/stripe/stripe-php/lib/Exception/ApiErrorException.php on line 38.
 1 FCPATH/vendor/stripe/stripe-php/lib/Exception/InvalidRequestException.php(35): Stripe\Exception\ApiErrorException::factory('The Checkout Session\'s total amount due must add up to at least $10.00 mxn', 400, '{
  "error": {
    "code": "amount_too_small",
    "doc_url": "https://stripe.com/docs/error-codes/amount-too-small",
    "message": "The Checkout Session\'s total amount due must add up to at least $10.00 mxn",
    "request_log_url": "https://dashboard.stripe.com/logs/req_HvCUXwkAawGjGB?t=1705700722",
    "type": "invalid_request_error"
  }
}
', [...], Object(Stripe\Util\CaseInsensitiveArray), 'amount_too_small')
 2 FCPATH/vendor/stripe/stripe-php/lib/ApiRequestor.php(218): Stripe\Exception\InvalidRequestException::factory('The Checkout Session\'s total amount due must add up to at least $10.00 mxn', 400, '{
  "error": {
    "code": "amount_too_small",
    "doc_url": "https://stripe.com/docs/error-codes/amount-too-small",
    "message": "The Checkout Session\'s total amount due must add up to at least $10.00 mxn",
    "request_log_url": "https://dashboard.stripe.com/logs/req_HvCUXwkAawGjGB?t=1705700722",
    "type": "invalid_request_error"
  }
}
', [...], Object(Stripe\Util\CaseInsensitiveArray), 'amount_too_small', null)
 3 FCPATH/vendor/stripe/stripe-php/lib/ApiRequestor.php(180): Stripe\ApiRequestor::_specificAPIError('{
  "error": {
    "code": "amount_too_small",
    "doc_url": "https://stripe.com/docs/error-codes/amount-too-small",
    "message": "The Checkout Session\'s total amount due must add up to at least $10.00 mxn",
    "request_log_url": "https://dashboard.stripe.com/logs/req_HvCUXwkAawGjGB?t=1705700722",
    "type": "invalid_request_error"
  }
}
', 400, Object(Stripe\Util\CaseInsensitiveArray), [...], [...])
 4 FCPATH/vendor/stripe/stripe-php/lib/ApiRequestor.php(564): Stripe\ApiRequestor->handleErrorResponse('{
  "error": {
    "code": "amount_too_small",
    "doc_url": "https://stripe.com/docs/error-codes/amount-too-small",
    "message": "The Checkout Session\'s total amount due must add up to at least $10.00 mxn",
    "request_log_url": "https://dashboard.stripe.com/logs/req_HvCUXwkAawGjGB?t=1705700722",
    "type": "invalid_request_error"
  }
}
', 400, Object(Stripe\Util\CaseInsensitiveArray), [...])
 5 FCPATH/vendor/stripe/stripe-php/lib/ApiRequestor.php(128): Stripe\ApiRequestor->_interpretResponse('{
  "error": {
    "code": "amount_too_small",
    "doc_url": "https://stripe.com/docs/error-codes/amount-too-small",
    "message": "The Checkout Session\'s total amount due must add up to at least $10.00 mxn",
    "request_log_url": "https://dashboard.stripe.com/logs/req_HvCUXwkAawGjGB?t=1705700722",
    "type": "invalid_request_error"
  }
}
', 400, Object(Stripe\Util\CaseInsensitiveArray))
 6 FCPATH/vendor/stripe/stripe-php/lib/BaseStripeClient.php(145): Stripe\ApiRequestor->request('post', '/v1/checkout/sessions', [...], [...], [...])
 7 FCPATH/vendor/stripe/stripe-php/lib/Service/AbstractService.php(75): Stripe\BaseStripeClient->request('post', '/v1/checkout/sessions', [...], Object(Stripe\Util\RequestOptions))
 8 FCPATH/vendor/stripe/stripe-php/lib/Service/Checkout/SessionService.php(55): Stripe\Service\AbstractService->request('post', '/v1/checkout/sessions', [...], null)
 9 APPPATH/Controllers/Stripe.php(64): Stripe\Service\Checkout\SessionService->create([...])
10 SYSTEMPATH/CodeIgniter.php(942): App\Controllers\Stripe->createSession()
11 SYSTEMPATH/CodeIgniter.php(502): CodeIgniter\CodeIgniter->runController(Object(App\Controllers\Stripe))
12 SYSTEMPATH/CodeIgniter.php(361): CodeIgniter\CodeIgniter->handleRequest(null, Object(Config\Cache), false)
13 FCPATH/index.php(79): CodeIgniter\CodeIgniter->run()
CRITICAL - 2024-01-19 15:45:36 --> Invalid integer: 
in FCPATH/vendor/stripe/stripe-php/lib/Exception/ApiErrorException.php on line 38.
 1 FCPATH/vendor/stripe/stripe-php/lib/Exception/InvalidRequestException.php(35): Stripe\Exception\ApiErrorException::factory('Invalid integer: ', 400, '{
  "error": {
    "code": "parameter_invalid_integer",
    "doc_url": "https://stripe.com/docs/error-codes/parameter-invalid-integer",
    "message": "Invalid integer: ",
    "param": "line_items[0][price_data][unit_amount]",
    "request_log_url": "https://dashboard.stripe.com/logs/req_WsGNrHGBR8jizi?t=1705700736",
    "type": "invalid_request_error"
  }
}
', [...], Object(Stripe\Util\CaseInsensitiveArray), 'parameter_invalid_integer')
 2 FCPATH/vendor/stripe/stripe-php/lib/ApiRequestor.php(218): Stripe\Exception\InvalidRequestException::factory('Invalid integer: ', 400, '{
  "error": {
    "code": "parameter_invalid_integer",
    "doc_url": "https://stripe.com/docs/error-codes/parameter-invalid-integer",
    "message": "Invalid integer: ",
    "param": "line_items[0][price_data][unit_amount]",
    "request_log_url": "https://dashboard.stripe.com/logs/req_WsGNrHGBR8jizi?t=1705700736",
    "type": "invalid_request_error"
  }
}
', [...], Object(Stripe\Util\CaseInsensitiveArray), 'parameter_invalid_integer', 'line_items[0][price_data][unit_amount]')
 3 FCPATH/vendor/stripe/stripe-php/lib/ApiRequestor.php(180): Stripe\ApiRequestor::_specificAPIError('{
  "error": {
    "code": "parameter_invalid_integer",
    "doc_url": "https://stripe.com/docs/error-codes/parameter-invalid-integer",
    "message": "Invalid integer: ",
    "param": "line_items[0][price_data][unit_amount]",
    "request_log_url": "https://dashboard.stripe.com/logs/req_WsGNrHGBR8jizi?t=1705700736",
    "type": "invalid_request_error"
  }
}
', 400, Object(Stripe\Util\CaseInsensitiveArray), [...], [...])
 4 FCPATH/vendor/stripe/stripe-php/lib/ApiRequestor.php(564): Stripe\ApiRequestor->handleErrorResponse('{
  "error": {
    "code": "parameter_invalid_integer",
    "doc_url": "https://stripe.com/docs/error-codes/parameter-invalid-integer",
    "message": "Invalid integer: ",
    "param": "line_items[0][price_data][unit_amount]",
    "request_log_url": "https://dashboard.stripe.com/logs/req_WsGNrHGBR8jizi?t=1705700736",
    "type": "invalid_request_error"
  }
}
', 400, Object(Stripe\Util\CaseInsensitiveArray), [...])
 5 FCPATH/vendor/stripe/stripe-php/lib/ApiRequestor.php(128): Stripe\ApiRequestor->_interpretResponse('{
  "error": {
    "code": "parameter_invalid_integer",
    "doc_url": "https://stripe.com/docs/error-codes/parameter-invalid-integer",
    "message": "Invalid integer: ",
    "param": "line_items[0][price_data][unit_amount]",
    "request_log_url": "https://dashboard.stripe.com/logs/req_WsGNrHGBR8jizi?t=1705700736",
    "type": "invalid_request_error"
  }
}
', 400, Object(Stripe\Util\CaseInsensitiveArray))
 6 FCPATH/vendor/stripe/stripe-php/lib/BaseStripeClient.php(145): Stripe\ApiRequestor->request('post', '/v1/checkout/sessions', [...], [...], [...])
 7 FCPATH/vendor/stripe/stripe-php/lib/Service/AbstractService.php(75): Stripe\BaseStripeClient->request('post', '/v1/checkout/sessions', [...], Object(Stripe\Util\RequestOptions))
 8 FCPATH/vendor/stripe/stripe-php/lib/Service/Checkout/SessionService.php(55): Stripe\Service\AbstractService->request('post', '/v1/checkout/sessions', [...], null)
 9 APPPATH/Controllers/Stripe.php(64): Stripe\Service\Checkout\SessionService->create([...])
10 SYSTEMPATH/CodeIgniter.php(942): App\Controllers\Stripe->createSession()
11 SYSTEMPATH/CodeIgniter.php(502): CodeIgniter\CodeIgniter->runController(Object(App\Controllers\Stripe))
12 SYSTEMPATH/CodeIgniter.php(361): CodeIgniter\CodeIgniter->handleRequest(null, Object(Config\Cache), false)
13 FCPATH/index.php(79): CodeIgniter\CodeIgniter->run()
CRITICAL - 2024-01-19 15:54:27 --> The Checkout Session's total amount due must add up to at least $10.00 mxn
in FCPATH/vendor/stripe/stripe-php/lib/Exception/ApiErrorException.php on line 38.
 1 FCPATH/vendor/stripe/stripe-php/lib/Exception/InvalidRequestException.php(35): Stripe\Exception\ApiErrorException::factory('The Checkout Session\'s total amount due must add up to at least $10.00 mxn', 400, '{
  "error": {
    "code": "amount_too_small",
    "doc_url": "https://stripe.com/docs/error-codes/amount-too-small",
    "message": "The Checkout Session\'s total amount due must add up to at least $10.00 mxn",
    "request_log_url": "https://dashboard.stripe.com/logs/req_U1ouw66byCubxy?t=1705701266",
    "type": "invalid_request_error"
  }
}
', [...], Object(Stripe\Util\CaseInsensitiveArray), 'amount_too_small')
 2 FCPATH/vendor/stripe/stripe-php/lib/ApiRequestor.php(218): Stripe\Exception\InvalidRequestException::factory('The Checkout Session\'s total amount due must add up to at least $10.00 mxn', 400, '{
  "error": {
    "code": "amount_too_small",
    "doc_url": "https://stripe.com/docs/error-codes/amount-too-small",
    "message": "The Checkout Session\'s total amount due must add up to at least $10.00 mxn",
    "request_log_url": "https://dashboard.stripe.com/logs/req_U1ouw66byCubxy?t=1705701266",
    "type": "invalid_request_error"
  }
}
', [...], Object(Stripe\Util\CaseInsensitiveArray), 'amount_too_small', null)
 3 FCPATH/vendor/stripe/stripe-php/lib/ApiRequestor.php(180): Stripe\ApiRequestor::_specificAPIError('{
  "error": {
    "code": "amount_too_small",
    "doc_url": "https://stripe.com/docs/error-codes/amount-too-small",
    "message": "The Checkout Session\'s total amount due must add up to at least $10.00 mxn",
    "request_log_url": "https://dashboard.stripe.com/logs/req_U1ouw66byCubxy?t=1705701266",
    "type": "invalid_request_error"
  }
}
', 400, Object(Stripe\Util\CaseInsensitiveArray), [...], [...])
 4 FCPATH/vendor/stripe/stripe-php/lib/ApiRequestor.php(564): Stripe\ApiRequestor->handleErrorResponse('{
  "error": {
    "code": "amount_too_small",
    "doc_url": "https://stripe.com/docs/error-codes/amount-too-small",
    "message": "The Checkout Session\'s total amount due must add up to at least $10.00 mxn",
    "request_log_url": "https://dashboard.stripe.com/logs/req_U1ouw66byCubxy?t=1705701266",
    "type": "invalid_request_error"
  }
}
', 400, Object(Stripe\Util\CaseInsensitiveArray), [...])
 5 FCPATH/vendor/stripe/stripe-php/lib/ApiRequestor.php(128): Stripe\ApiRequestor->_interpretResponse('{
  "error": {
    "code": "amount_too_small",
    "doc_url": "https://stripe.com/docs/error-codes/amount-too-small",
    "message": "The Checkout Session\'s total amount due must add up to at least $10.00 mxn",
    "request_log_url": "https://dashboard.stripe.com/logs/req_U1ouw66byCubxy?t=1705701266",
    "type": "invalid_request_error"
  }
}
', 400, Object(Stripe\Util\CaseInsensitiveArray))
 6 FCPATH/vendor/stripe/stripe-php/lib/BaseStripeClient.php(145): Stripe\ApiRequestor->request('post', '/v1/checkout/sessions', [...], [...], [...])
 7 FCPATH/vendor/stripe/stripe-php/lib/Service/AbstractService.php(75): Stripe\BaseStripeClient->request('post', '/v1/checkout/sessions', [...], Object(Stripe\Util\RequestOptions))
 8 FCPATH/vendor/stripe/stripe-php/lib/Service/Checkout/SessionService.php(55): Stripe\Service\AbstractService->request('post', '/v1/checkout/sessions', [...], null)
 9 APPPATH/Controllers/Stripe.php(64): Stripe\Service\Checkout\SessionService->create([...])
10 SYSTEMPATH/CodeIgniter.php(942): App\Controllers\Stripe->createSession()
11 SYSTEMPATH/CodeIgniter.php(502): CodeIgniter\CodeIgniter->runController(Object(App\Controllers\Stripe))
12 SYSTEMPATH/CodeIgniter.php(361): CodeIgniter\CodeIgniter->handleRequest(null, Object(Config\Cache), false)
13 FCPATH/index.php(79): CodeIgniter\CodeIgniter->run()
CRITICAL - 2024-01-19 15:54:30 --> Invalid integer: 
in FCPATH/vendor/stripe/stripe-php/lib/Exception/ApiErrorException.php on line 38.
 1 FCPATH/vendor/stripe/stripe-php/lib/Exception/InvalidRequestException.php(35): Stripe\Exception\ApiErrorException::factory('Invalid integer: ', 400, '{
  "error": {
    "code": "parameter_invalid_integer",
    "doc_url": "https://stripe.com/docs/error-codes/parameter-invalid-integer",
    "message": "Invalid integer: ",
    "param": "line_items[0][price_data][unit_amount]",
    "request_log_url": "https://dashboard.stripe.com/logs/req_qJ7B6rXRoNIX2p?t=1705701270",
    "type": "invalid_request_error"
  }
}
', [...], Object(Stripe\Util\CaseInsensitiveArray), 'parameter_invalid_integer')
 2 FCPATH/vendor/stripe/stripe-php/lib/ApiRequestor.php(218): Stripe\Exception\InvalidRequestException::factory('Invalid integer: ', 400, '{
  "error": {
    "code": "parameter_invalid_integer",
    "doc_url": "https://stripe.com/docs/error-codes/parameter-invalid-integer",
    "message": "Invalid integer: ",
    "param": "line_items[0][price_data][unit_amount]",
    "request_log_url": "https://dashboard.stripe.com/logs/req_qJ7B6rXRoNIX2p?t=1705701270",
    "type": "invalid_request_error"
  }
}
', [...], Object(Stripe\Util\CaseInsensitiveArray), 'parameter_invalid_integer', 'line_items[0][price_data][unit_amount]')
 3 FCPATH/vendor/stripe/stripe-php/lib/ApiRequestor.php(180): Stripe\ApiRequestor::_specificAPIError('{
  "error": {
    "code": "parameter_invalid_integer",
    "doc_url": "https://stripe.com/docs/error-codes/parameter-invalid-integer",
    "message": "Invalid integer: ",
    "param": "line_items[0][price_data][unit_amount]",
    "request_log_url": "https://dashboard.stripe.com/logs/req_qJ7B6rXRoNIX2p?t=1705701270",
    "type": "invalid_request_error"
  }
}
', 400, Object(Stripe\Util\CaseInsensitiveArray), [...], [...])
 4 FCPATH/vendor/stripe/stripe-php/lib/ApiRequestor.php(564): Stripe\ApiRequestor->handleErrorResponse('{
  "error": {
    "code": "parameter_invalid_integer",
    "doc_url": "https://stripe.com/docs/error-codes/parameter-invalid-integer",
    "message": "Invalid integer: ",
    "param": "line_items[0][price_data][unit_amount]",
    "request_log_url": "https://dashboard.stripe.com/logs/req_qJ7B6rXRoNIX2p?t=1705701270",
    "type": "invalid_request_error"
  }
}
', 400, Object(Stripe\Util\CaseInsensitiveArray), [...])
 5 FCPATH/vendor/stripe/stripe-php/lib/ApiRequestor.php(128): Stripe\ApiRequestor->_interpretResponse('{
  "error": {
    "code": "parameter_invalid_integer",
    "doc_url": "https://stripe.com/docs/error-codes/parameter-invalid-integer",
    "message": "Invalid integer: ",
    "param": "line_items[0][price_data][unit_amount]",
    "request_log_url": "https://dashboard.stripe.com/logs/req_qJ7B6rXRoNIX2p?t=1705701270",
    "type": "invalid_request_error"
  }
}
', 400, Object(Stripe\Util\CaseInsensitiveArray))
 6 FCPATH/vendor/stripe/stripe-php/lib/BaseStripeClient.php(145): Stripe\ApiRequestor->request('post', '/v1/checkout/sessions', [...], [...], [...])
 7 FCPATH/vendor/stripe/stripe-php/lib/Service/AbstractService.php(75): Stripe\BaseStripeClient->request('post', '/v1/checkout/sessions', [...], Object(Stripe\Util\RequestOptions))
 8 FCPATH/vendor/stripe/stripe-php/lib/Service/Checkout/SessionService.php(55): Stripe\Service\AbstractService->request('post', '/v1/checkout/sessions', [...], null)
 9 APPPATH/Controllers/Stripe.php(64): Stripe\Service\Checkout\SessionService->create([...])
10 SYSTEMPATH/CodeIgniter.php(942): App\Controllers\Stripe->createSession()
11 SYSTEMPATH/CodeIgniter.php(502): CodeIgniter\CodeIgniter->runController(Object(App\Controllers\Stripe))
12 SYSTEMPATH/CodeIgniter.php(361): CodeIgniter\CodeIgniter->handleRequest(null, Object(Config\Cache), false)
13 FCPATH/index.php(79): CodeIgniter\CodeIgniter->run()
CRITICAL - 2024-01-19 15:57:28 --> The Checkout Session's total amount due must add up to at least $10.00 mxn
in FCPATH/vendor/stripe/stripe-php/lib/Exception/ApiErrorException.php on line 38.
 1 FCPATH/vendor/stripe/stripe-php/lib/Exception/InvalidRequestException.php(35): Stripe\Exception\ApiErrorException::factory('The Checkout Session\'s total amount due must add up to at least $10.00 mxn', 400, '{
  "error": {
    "code": "amount_too_small",
    "doc_url": "https://stripe.com/docs/error-codes/amount-too-small",
    "message": "The Checkout Session\'s total amount due must add up to at least $10.00 mxn",
    "request_log_url": "https://dashboard.stripe.com/logs/req_z5PASlfZ42imZU?t=1705701448",
    "type": "invalid_request_error"
  }
}
', [...], Object(Stripe\Util\CaseInsensitiveArray), 'amount_too_small')
 2 FCPATH/vendor/stripe/stripe-php/lib/ApiRequestor.php(218): Stripe\Exception\InvalidRequestException::factory('The Checkout Session\'s total amount due must add up to at least $10.00 mxn', 400, '{
  "error": {
    "code": "amount_too_small",
    "doc_url": "https://stripe.com/docs/error-codes/amount-too-small",
    "message": "The Checkout Session\'s total amount due must add up to at least $10.00 mxn",
    "request_log_url": "https://dashboard.stripe.com/logs/req_z5PASlfZ42imZU?t=1705701448",
    "type": "invalid_request_error"
  }
}
', [...], Object(Stripe\Util\CaseInsensitiveArray), 'amount_too_small', null)
 3 FCPATH/vendor/stripe/stripe-php/lib/ApiRequestor.php(180): Stripe\ApiRequestor::_specificAPIError('{
  "error": {
    "code": "amount_too_small",
    "doc_url": "https://stripe.com/docs/error-codes/amount-too-small",
    "message": "The Checkout Session\'s total amount due must add up to at least $10.00 mxn",
    "request_log_url": "https://dashboard.stripe.com/logs/req_z5PASlfZ42imZU?t=1705701448",
    "type": "invalid_request_error"
  }
}
', 400, Object(Stripe\Util\CaseInsensitiveArray), [...], [...])
 4 FCPATH/vendor/stripe/stripe-php/lib/ApiRequestor.php(564): Stripe\ApiRequestor->handleErrorResponse('{
  "error": {
    "code": "amount_too_small",
    "doc_url": "https://stripe.com/docs/error-codes/amount-too-small",
    "message": "The Checkout Session\'s total amount due must add up to at least $10.00 mxn",
    "request_log_url": "https://dashboard.stripe.com/logs/req_z5PASlfZ42imZU?t=1705701448",
    "type": "invalid_request_error"
  }
}
', 400, Object(Stripe\Util\CaseInsensitiveArray), [...])
 5 FCPATH/vendor/stripe/stripe-php/lib/ApiRequestor.php(128): Stripe\ApiRequestor->_interpretResponse('{
  "error": {
    "code": "amount_too_small",
    "doc_url": "https://stripe.com/docs/error-codes/amount-too-small",
    "message": "The Checkout Session\'s total amount due must add up to at least $10.00 mxn",
    "request_log_url": "https://dashboard.stripe.com/logs/req_z5PASlfZ42imZU?t=1705701448",
    "type": "invalid_request_error"
  }
}
', 400, Object(Stripe\Util\CaseInsensitiveArray))
 6 FCPATH/vendor/stripe/stripe-php/lib/BaseStripeClient.php(145): Stripe\ApiRequestor->request('post', '/v1/checkout/sessions', [...], [...], [...])
 7 FCPATH/vendor/stripe/stripe-php/lib/Service/AbstractService.php(75): Stripe\BaseStripeClient->request('post', '/v1/checkout/sessions', [...], Object(Stripe\Util\RequestOptions))
 8 FCPATH/vendor/stripe/stripe-php/lib/Service/Checkout/SessionService.php(55): Stripe\Service\AbstractService->request('post', '/v1/checkout/sessions', [...], null)
 9 APPPATH/Controllers/Stripe.php(64): Stripe\Service\Checkout\SessionService->create([...])
10 SYSTEMPATH/CodeIgniter.php(942): App\Controllers\Stripe->createSession()
11 SYSTEMPATH/CodeIgniter.php(502): CodeIgniter\CodeIgniter->runController(Object(App\Controllers\Stripe))
12 SYSTEMPATH/CodeIgniter.php(361): CodeIgniter\CodeIgniter->handleRequest(null, Object(Config\Cache), false)
13 FCPATH/index.php(79): CodeIgniter\CodeIgniter->run()
CRITICAL - 2024-01-19 15:58:24 --> The Checkout Session's total amount due must add up to at least $10.00 mxn
in FCPATH/vendor/stripe/stripe-php/lib/Exception/ApiErrorException.php on line 38.
 1 FCPATH/vendor/stripe/stripe-php/lib/Exception/InvalidRequestException.php(35): Stripe\Exception\ApiErrorException::factory('The Checkout Session\'s total amount due must add up to at least $10.00 mxn', 400, '{
  "error": {
    "code": "amount_too_small",
    "doc_url": "https://stripe.com/docs/error-codes/amount-too-small",
    "message": "The Checkout Session\'s total amount due must add up to at least $10.00 mxn",
    "request_log_url": "https://dashboard.stripe.com/logs/req_VsZ4iB9zd4Z2BM?t=1705701503",
    "type": "invalid_request_error"
  }
}
', [...], Object(Stripe\Util\CaseInsensitiveArray), 'amount_too_small')
 2 FCPATH/vendor/stripe/stripe-php/lib/ApiRequestor.php(218): Stripe\Exception\InvalidRequestException::factory('The Checkout Session\'s total amount due must add up to at least $10.00 mxn', 400, '{
  "error": {
    "code": "amount_too_small",
    "doc_url": "https://stripe.com/docs/error-codes/amount-too-small",
    "message": "The Checkout Session\'s total amount due must add up to at least $10.00 mxn",
    "request_log_url": "https://dashboard.stripe.com/logs/req_VsZ4iB9zd4Z2BM?t=1705701503",
    "type": "invalid_request_error"
  }
}
', [...], Object(Stripe\Util\CaseInsensitiveArray), 'amount_too_small', null)
 3 FCPATH/vendor/stripe/stripe-php/lib/ApiRequestor.php(180): Stripe\ApiRequestor::_specificAPIError('{
  "error": {
    "code": "amount_too_small",
    "doc_url": "https://stripe.com/docs/error-codes/amount-too-small",
    "message": "The Checkout Session\'s total amount due must add up to at least $10.00 mxn",
    "request_log_url": "https://dashboard.stripe.com/logs/req_VsZ4iB9zd4Z2BM?t=1705701503",
    "type": "invalid_request_error"
  }
}
', 400, Object(Stripe\Util\CaseInsensitiveArray), [...], [...])
 4 FCPATH/vendor/stripe/stripe-php/lib/ApiRequestor.php(564): Stripe\ApiRequestor->handleErrorResponse('{
  "error": {
    "code": "amount_too_small",
    "doc_url": "https://stripe.com/docs/error-codes/amount-too-small",
    "message": "The Checkout Session\'s total amount due must add up to at least $10.00 mxn",
    "request_log_url": "https://dashboard.stripe.com/logs/req_VsZ4iB9zd4Z2BM?t=1705701503",
    "type": "invalid_request_error"
  }
}
', 400, Object(Stripe\Util\CaseInsensitiveArray), [...])
 5 FCPATH/vendor/stripe/stripe-php/lib/ApiRequestor.php(128): Stripe\ApiRequestor->_interpretResponse('{
  "error": {
    "code": "amount_too_small",
    "doc_url": "https://stripe.com/docs/error-codes/amount-too-small",
    "message": "The Checkout Session\'s total amount due must add up to at least $10.00 mxn",
    "request_log_url": "https://dashboard.stripe.com/logs/req_VsZ4iB9zd4Z2BM?t=1705701503",
    "type": "invalid_request_error"
  }
}
', 400, Object(Stripe\Util\CaseInsensitiveArray))
 6 FCPATH/vendor/stripe/stripe-php/lib/BaseStripeClient.php(145): Stripe\ApiRequestor->request('post', '/v1/checkout/sessions', [...], [...], [...])
 7 FCPATH/vendor/stripe/stripe-php/lib/Service/AbstractService.php(75): Stripe\BaseStripeClient->request('post', '/v1/checkout/sessions', [...], Object(Stripe\Util\RequestOptions))
 8 FCPATH/vendor/stripe/stripe-php/lib/Service/Checkout/SessionService.php(55): Stripe\Service\AbstractService->request('post', '/v1/checkout/sessions', [...], null)
 9 APPPATH/Controllers/Stripe.php(64): Stripe\Service\Checkout\SessionService->create([...])
10 SYSTEMPATH/CodeIgniter.php(942): App\Controllers\Stripe->createSession()
11 SYSTEMPATH/CodeIgniter.php(502): CodeIgniter\CodeIgniter->runController(Object(App\Controllers\Stripe))
12 SYSTEMPATH/CodeIgniter.php(361): CodeIgniter\CodeIgniter->handleRequest(null, Object(Config\Cache), false)
13 FCPATH/index.php(79): CodeIgniter\CodeIgniter->run()
CRITICAL - 2024-01-19 16:52:11 --> Cannot use object of type stdClass as array
in APPPATH/Controllers/Home.php on line 167.
 1 SYSTEMPATH/CodeIgniter.php(942): App\Controllers\Home->socioInformacion()
 2 SYSTEMPATH/CodeIgniter.php(502): CodeIgniter\CodeIgniter->runController(Object(App\Controllers\Home))
 3 SYSTEMPATH/CodeIgniter.php(361): CodeIgniter\CodeIgniter->handleRequest(null, Object(Config\Cache), false)
 4 FCPATH/index.php(79): CodeIgniter\CodeIgniter->run()
CRITICAL - 2024-01-19 16:52:15 --> Cannot use object of type stdClass as array
in APPPATH/Controllers/Home.php on line 167.
 1 SYSTEMPATH/CodeIgniter.php(942): App\Controllers\Home->socioInformacion()
 2 SYSTEMPATH/CodeIgniter.php(502): CodeIgniter\CodeIgniter->runController(Object(App\Controllers\Home))
 3 SYSTEMPATH/CodeIgniter.php(361): CodeIgniter\CodeIgniter->handleRequest(null, Object(Config\Cache), false)
 4 FCPATH/index.php(79): CodeIgniter\CodeIgniter->run()
